===============================
Start experiment
Config: SGD=sgd, act=relu, hidden=80, batch_size=512, lr=0.005, epochs=350
[Rank 0] Start reading parquet file data/processed/datanew995.parquet, total row groups = 35
[Timing] Data loading time: 9.971 sec
Loading Done! [Rank 0] Finished loading data. Local training samples shape: (1467817, 22), test samples shape: (629335, 22)
Epoch 1: MSELoss: 25.115607, Train RMSE: 6.823301, Test RMSE: 6.831057, Time: 21.134 sec
Epoch 2: MSELoss: 22.752302, Train RMSE: 6.703394, Test RMSE: 6.711017, Time: 18.855 sec
Epoch 3: MSELoss: 22.247186, Train RMSE: 6.643781, Test RMSE: 6.651479, Time: 18.973 sec
Epoch 4: MSELoss: 21.902645, Train RMSE: 6.596321, Test RMSE: 6.604066, Time: 19.388 sec
Epoch 5: MSELoss: 21.607250, Train RMSE: 6.553710, Test RMSE: 6.561547, Time: 24.249 sec
Epoch 6: MSELoss: 21.335896, Train RMSE: 6.513505, Test RMSE: 6.521383, Time: 19.072 sec
Epoch 7: MSELoss: 21.081672, Train RMSE: 6.475438, Test RMSE: 6.483346, Time: 18.760 sec
Epoch 8: MSELoss: 20.841293, Train RMSE: 6.439468, Test RMSE: 6.447408, Time: 18.746 sec
Epoch 9: MSELoss: 20.613516, Train RMSE: 6.405095, Test RMSE: 6.413033, Time: 18.212 sec
Epoch 10: MSELoss: 20.397314, Train RMSE: 6.372176, Test RMSE: 6.380110, Time: 18.691 sec
Epoch 11: MSELoss: 20.191646, Train RMSE: 6.341061, Test RMSE: 6.348977, Time: 17.989 sec
Epoch 12: MSELoss: 19.996596, Train RMSE: 6.310732, Test RMSE: 6.318555, Time: 18.298 sec
Epoch 13: MSELoss: 19.810741, Train RMSE: 6.282516, Test RMSE: 6.290321, Time: 18.082 sec
Epoch 14: MSELoss: 19.633544, Train RMSE: 6.255288, Test RMSE: 6.263057, Time: 19.019 sec
Epoch 15: MSELoss: 19.464729, Train RMSE: 6.228516, Test RMSE: 6.236237, Time: 18.449 sec
Epoch 16: MSELoss: 19.303054, Train RMSE: 6.203724, Test RMSE: 6.211404, Time: 18.004 sec
Epoch 17: MSELoss: 19.148852, Train RMSE: 6.179008, Test RMSE: 6.186634, Time: 18.547 sec
Epoch 18: MSELoss: 19.000139, Train RMSE: 6.155143, Test RMSE: 6.162694, Time: 24.502 sec
Epoch 19: MSELoss: 18.856906, Train RMSE: 6.133239, Test RMSE: 6.140769, Time: 18.344 sec
Epoch 20: MSELoss: 18.719605, Train RMSE: 6.111203, Test RMSE: 6.118697, Time: 18.303 sec
Epoch 21: MSELoss: 18.586011, Train RMSE: 6.090295, Test RMSE: 6.097787, Time: 18.540 sec
Epoch 22: MSELoss: 18.456968, Train RMSE: 6.069191, Test RMSE: 6.076673, Time: 18.051 sec
Epoch 23: MSELoss: 18.330916, Train RMSE: 6.049275, Test RMSE: 6.056795, Time: 18.318 sec
Epoch 24: MSELoss: 18.208444, Train RMSE: 6.027671, Test RMSE: 6.035157, Time: 20.040 sec
Epoch 25: MSELoss: 18.088298, Train RMSE: 6.009577, Test RMSE: 6.017114, Time: 18.825 sec
Epoch 26: MSELoss: 17.971641, Train RMSE: 5.989352, Test RMSE: 5.996901, Time: 18.439 sec
Epoch 27: MSELoss: 17.856671, Train RMSE: 5.970851, Test RMSE: 5.978438, Time: 18.305 sec
Epoch 28: MSELoss: 17.743840, Train RMSE: 5.952756, Test RMSE: 5.960366, Time: 17.929 sec
Epoch 29: MSELoss: 17.633560, Train RMSE: 5.934522, Test RMSE: 5.942177, Time: 18.132 sec
Epoch 30: MSELoss: 17.525459, Train RMSE: 5.915881, Test RMSE: 5.923536, Time: 18.184 sec
Epoch 31: MSELoss: 17.418644, Train RMSE: 5.898722, Test RMSE: 5.906421, Time: 19.374 sec
Epoch 32: MSELoss: 17.314343, Train RMSE: 5.881960, Test RMSE: 5.889696, Time: 18.288 sec
Epoch 33: MSELoss: 17.211524, Train RMSE: 5.862670, Test RMSE: 5.870406, Time: 18.767 sec
Epoch 34: MSELoss: 17.109558, Train RMSE: 5.846899, Test RMSE: 5.854719, Time: 18.506 sec
Epoch 35: MSELoss: 17.010442, Train RMSE: 5.827789, Test RMSE: 5.835592, Time: 18.303 sec
Epoch 36: MSELoss: 16.911659, Train RMSE: 5.811965, Test RMSE: 5.819821, Time: 18.317 sec
Epoch 37: MSELoss: 16.815549, Train RMSE: 5.796973, Test RMSE: 5.804900, Time: 18.688 sec
Epoch 38: MSELoss: 16.720692, Train RMSE: 5.779929, Test RMSE: 5.787855, Time: 18.953 sec
Epoch 39: MSELoss: 16.627201, Train RMSE: 5.764020, Test RMSE: 5.771964, Time: 17.968 sec
Epoch 40: MSELoss: 16.534799, Train RMSE: 5.747150, Test RMSE: 5.755105, Time: 18.254 sec
Epoch 41: MSELoss: 16.443603, Train RMSE: 5.732262, Test RMSE: 5.740262, Time: 17.895 sec
Epoch 42: MSELoss: 16.353848, Train RMSE: 5.716536, Test RMSE: 5.724535, Time: 18.512 sec
Epoch 43: MSELoss: 16.264844, Train RMSE: 5.699924, Test RMSE: 5.707922, Time: 18.554 sec
Epoch 44: MSELoss: 16.177263, Train RMSE: 5.685287, Test RMSE: 5.693322, Time: 18.570 sec
Epoch 45: MSELoss: 16.090885, Train RMSE: 5.672670, Test RMSE: 5.680785, Time: 18.254 sec
Epoch 46: MSELoss: 16.005825, Train RMSE: 5.657508, Test RMSE: 5.665657, Time: 18.237 sec
Epoch 47: MSELoss: 15.922036, Train RMSE: 5.638976, Test RMSE: 5.647058, Time: 18.692 sec
Epoch 48: MSELoss: 15.838996, Train RMSE: 5.625755, Test RMSE: 5.633923, Time: 17.661 sec
Epoch 49: MSELoss: 15.757631, Train RMSE: 5.611618, Test RMSE: 5.619845, Time: 17.935 sec
Epoch 50: MSELoss: 15.677312, Train RMSE: 5.596682, Test RMSE: 5.604931, Time: 18.111 sec
Epoch 51: MSELoss: 15.597245, Train RMSE: 5.586216, Test RMSE: 5.594570, Time: 27.059 sec
Epoch 52: MSELoss: 15.519261, Train RMSE: 5.571310, Test RMSE: 5.579668, Time: 18.440 sec
Epoch 53: MSELoss: 15.442047, Train RMSE: 5.558486, Test RMSE: 5.566904, Time: 18.346 sec
Epoch 54: MSELoss: 15.366329, Train RMSE: 5.540821, Test RMSE: 5.549181, Time: 18.434 sec
Epoch 55: MSELoss: 15.291058, Train RMSE: 5.531017, Test RMSE: 5.539498, Time: 18.108 sec
Epoch 56: MSELoss: 15.217242, Train RMSE: 5.512806, Test RMSE: 5.521175, Time: 23.097 sec
Epoch 57: MSELoss: 15.143944, Train RMSE: 5.505252, Test RMSE: 5.513813, Time: 19.222 sec
Epoch 58: MSELoss: 15.072577, Train RMSE: 5.488323, Test RMSE: 5.496814, Time: 19.316 sec
Epoch 59: MSELoss: 15.001686, Train RMSE: 5.476705, Test RMSE: 5.485256, Time: 20.026 sec
Epoch 60: MSELoss: 14.931509, Train RMSE: 5.464819, Test RMSE: 5.473441, Time: 19.461 sec
Epoch 61: MSELoss: 14.863065, Train RMSE: 5.451010, Test RMSE: 5.459613, Time: 19.167 sec
Epoch 62: MSELoss: 14.795154, Train RMSE: 5.439771, Test RMSE: 5.448436, Time: 19.744 sec
Epoch 63: MSELoss: 14.728332, Train RMSE: 5.425526, Test RMSE: 5.434168, Time: 19.280 sec
Epoch 64: MSELoss: 14.662206, Train RMSE: 5.414221, Test RMSE: 5.422898, Time: 24.455 sec
Epoch 65: MSELoss: 14.596982, Train RMSE: 5.403599, Test RMSE: 5.412323, Time: 28.515 sec
Epoch 66: MSELoss: 14.533184, Train RMSE: 5.388824, Test RMSE: 5.397492, Time: 19.773 sec
Epoch 67: MSELoss: 14.469605, Train RMSE: 5.379581, Test RMSE: 5.388340, Time: 19.418 sec
Epoch 68: MSELoss: 14.407801, Train RMSE: 5.366027, Test RMSE: 5.374747, Time: 19.572 sec
Epoch 69: MSELoss: 14.346669, Train RMSE: 5.356910, Test RMSE: 5.365739, Time: 19.799 sec
Epoch 70: MSELoss: 14.286021, Train RMSE: 5.344520, Test RMSE: 5.353323, Time: 19.440 sec
Epoch 71: MSELoss: 14.226421, Train RMSE: 5.334806, Test RMSE: 5.343642, Time: 19.474 sec
Epoch 72: MSELoss: 14.168219, Train RMSE: 5.321354, Test RMSE: 5.330139, Time: 19.498 sec
Epoch 73: MSELoss: 14.110242, Train RMSE: 5.310320, Test RMSE: 5.319112, Time: 19.352 sec
Epoch 74: MSELoss: 14.053281, Train RMSE: 5.301798, Test RMSE: 5.310667, Time: 19.666 sec
Epoch 75: MSELoss: 13.998100, Train RMSE: 5.287981, Test RMSE: 5.296714, Time: 19.314 sec
Epoch 76: MSELoss: 13.942739, Train RMSE: 5.279539, Test RMSE: 5.288345, Time: 29.660 sec
Epoch 77: MSELoss: 13.888408, Train RMSE: 5.269726, Test RMSE: 5.278547, Time: 19.534 sec
Epoch 78: MSELoss: 13.834903, Train RMSE: 5.259232, Test RMSE: 5.268044, Time: 19.481 sec
Epoch 79: MSELoss: 13.782359, Train RMSE: 5.251422, Test RMSE: 5.260232, Time: 23.878 sec
Epoch 80: MSELoss: 13.730825, Train RMSE: 5.243020, Test RMSE: 5.251917, Time: 21.072 sec
Epoch 81: MSELoss: 13.680283, Train RMSE: 5.228286, Test RMSE: 5.237006, Time: 28.551 sec
Epoch 82: MSELoss: 13.630173, Train RMSE: 5.221308, Test RMSE: 5.230138, Time: 19.413 sec
Epoch 83: MSELoss: 13.580963, Train RMSE: 5.209162, Test RMSE: 5.217895, Time: 19.479 sec
Epoch 84: MSELoss: 13.532515, Train RMSE: 5.200238, Test RMSE: 5.208975, Time: 19.425 sec
Epoch 85: MSELoss: 13.484615, Train RMSE: 5.189878, Test RMSE: 5.198547, Time: 23.117 sec
Epoch 86: MSELoss: 13.437554, Train RMSE: 5.180985, Test RMSE: 5.189678, Time: 18.554 sec
Epoch 87: MSELoss: 13.391233, Train RMSE: 5.174647, Test RMSE: 5.183495, Time: 18.633 sec
Epoch 88: MSELoss: 13.345919, Train RMSE: 5.166144, Test RMSE: 5.174989, Time: 18.281 sec
Epoch 89: MSELoss: 13.301086, Train RMSE: 5.156330, Test RMSE: 5.165162, Time: 18.221 sec
Epoch 90: MSELoss: 13.256984, Train RMSE: 5.146237, Test RMSE: 5.154952, Time: 18.132 sec
Epoch 91: MSELoss: 13.213556, Train RMSE: 5.143634, Test RMSE: 5.152603, Time: 19.218 sec
Epoch 92: MSELoss: 13.171137, Train RMSE: 5.129936, Test RMSE: 5.138675, Time: 18.272 sec
Epoch 93: MSELoss: 13.129004, Train RMSE: 5.125029, Test RMSE: 5.133931, Time: 17.863 sec
Epoch 94: MSELoss: 13.087909, Train RMSE: 5.117150, Test RMSE: 5.126066, Time: 17.925 sec
Epoch 95: MSELoss: 13.047490, Train RMSE: 5.108825, Test RMSE: 5.117731, Time: 18.452 sec
Epoch 96: MSELoss: 13.007125, Train RMSE: 5.097407, Test RMSE: 5.106091, Time: 18.173 sec
Epoch 97: MSELoss: 12.967952, Train RMSE: 5.093900, Test RMSE: 5.102827, Time: 17.956 sec
Epoch 98: MSELoss: 12.929412, Train RMSE: 5.086386, Test RMSE: 5.095329, Time: 18.096 sec
Epoch 99: MSELoss: 12.891287, Train RMSE: 5.076382, Test RMSE: 5.085195, Time: 17.976 sec
Epoch 100: MSELoss: 12.854117, Train RMSE: 5.068903, Test RMSE: 5.077718, Time: 18.250 sec
Epoch 101: MSELoss: 12.817398, Train RMSE: 5.062237, Test RMSE: 5.071077, Time: 18.443 sec
Epoch 102: MSELoss: 12.781242, Train RMSE: 5.055052, Test RMSE: 5.063880, Time: 18.780 sec
Epoch 103: MSELoss: 12.745905, Train RMSE: 5.046141, Test RMSE: 5.054814, Time: 18.002 sec
Epoch 104: MSELoss: 12.710843, Train RMSE: 5.039542, Test RMSE: 5.048246, Time: 19.060 sec
Epoch 105: MSELoss: 12.676716, Train RMSE: 5.033232, Test RMSE: 5.041974, Time: 18.313 sec
Epoch 106: MSELoss: 12.642989, Train RMSE: 5.029841, Test RMSE: 5.038761, Time: 18.902 sec
Epoch 107: MSELoss: 12.610052, Train RMSE: 5.021096, Test RMSE: 5.029886, Time: 19.368 sec
Epoch 108: MSELoss: 12.577632, Train RMSE: 5.013454, Test RMSE: 5.022153, Time: 18.613 sec
Epoch 109: MSELoss: 12.545698, Train RMSE: 5.008027, Test RMSE: 5.016765, Time: 19.021 sec
Epoch 110: MSELoss: 12.514317, Train RMSE: 5.003928, Test RMSE: 5.012751, Time: 18.787 sec
Epoch 111: MSELoss: 12.483306, Train RMSE: 4.996889, Test RMSE: 5.005661, Time: 19.004 sec
Epoch 112: MSELoss: 12.453209, Train RMSE: 4.989559, Test RMSE: 4.998254, Time: 18.810 sec
Epoch 113: MSELoss: 12.423108, Train RMSE: 4.982524, Test RMSE: 4.991118, Time: 19.013 sec
Epoch 114: MSELoss: 12.393845, Train RMSE: 4.976404, Test RMSE: 4.984919, Time: 19.663 sec
Epoch 115: MSELoss: 12.365090, Train RMSE: 4.971415, Test RMSE: 4.980022, Time: 19.131 sec
Epoch 116: MSELoss: 12.336926, Train RMSE: 4.965271, Test RMSE: 4.973816, Time: 19.295 sec
Epoch 117: MSELoss: 12.309033, Train RMSE: 4.961274, Test RMSE: 4.969912, Time: 23.622 sec
Epoch 118: MSELoss: 12.281643, Train RMSE: 4.957084, Test RMSE: 4.965774, Time: 18.011 sec
Epoch 119: MSELoss: 12.254626, Train RMSE: 4.948627, Test RMSE: 4.956969, Time: 18.902 sec
Epoch 120: MSELoss: 12.227933, Train RMSE: 4.943272, Test RMSE: 4.951600, Time: 19.425 sec
Epoch 121: MSELoss: 12.201966, Train RMSE: 4.939148, Test RMSE: 4.947650, Time: 18.612 sec
Epoch 122: MSELoss: 12.176445, Train RMSE: 4.935227, Test RMSE: 4.943783, Time: 18.769 sec
Epoch 123: MSELoss: 12.151559, Train RMSE: 4.929059, Test RMSE: 4.937203, Time: 18.800 sec
Epoch 124: MSELoss: 12.126667, Train RMSE: 4.923033, Test RMSE: 4.931223, Time: 17.957 sec
Epoch 125: MSELoss: 12.102214, Train RMSE: 4.917978, Test RMSE: 4.926180, Time: 19.072 sec
Epoch 126: MSELoss: 12.078346, Train RMSE: 4.914703, Test RMSE: 4.923104, Time: 18.896 sec
Epoch 127: MSELoss: 12.054711, Train RMSE: 4.911075, Test RMSE: 4.919510, Time: 19.537 sec
Epoch 128: MSELoss: 12.031241, Train RMSE: 4.905851, Test RMSE: 4.914271, Time: 18.942 sec
Epoch 129: MSELoss: 12.008241, Train RMSE: 4.899192, Test RMSE: 4.907467, Time: 19.023 sec
Epoch 130: MSELoss: 11.985548, Train RMSE: 4.895125, Test RMSE: 4.903404, Time: 19.034 sec
Epoch 131: MSELoss: 11.963623, Train RMSE: 4.890804, Test RMSE: 4.899075, Time: 19.656 sec
Epoch 132: MSELoss: 11.941894, Train RMSE: 4.885276, Test RMSE: 4.893382, Time: 18.106 sec
Epoch 133: MSELoss: 11.920210, Train RMSE: 4.884353, Test RMSE: 4.892698, Time: 18.494 sec
Epoch 134: MSELoss: 11.899174, Train RMSE: 4.883780, Test RMSE: 4.892208, Time: 18.719 sec
Epoch 135: MSELoss: 11.878262, Train RMSE: 4.872498, Test RMSE: 4.880582, Time: 18.769 sec
Epoch 136: MSELoss: 11.857441, Train RMSE: 4.870279, Test RMSE: 4.878489, Time: 18.577 sec
Epoch 137: MSELoss: 11.837200, Train RMSE: 4.863847, Test RMSE: 4.871844, Time: 18.754 sec
Epoch 138: MSELoss: 11.817095, Train RMSE: 4.861540, Test RMSE: 4.869715, Time: 19.187 sec
Epoch 139: MSELoss: 11.797458, Train RMSE: 4.857494, Test RMSE: 4.865656, Time: 19.086 sec
Epoch 140: MSELoss: 11.778087, Train RMSE: 4.855500, Test RMSE: 4.863720, Time: 18.829 sec
Epoch 141: MSELoss: 11.758931, Train RMSE: 4.849136, Test RMSE: 4.856902, Time: 18.271 sec
Epoch 142: MSELoss: 11.739876, Train RMSE: 4.844119, Test RMSE: 4.852014, Time: 18.916 sec
Epoch 143: MSELoss: 11.721438, Train RMSE: 4.840255, Test RMSE: 4.848195, Time: 18.853 sec
Epoch 144: MSELoss: 11.702921, Train RMSE: 4.837131, Test RMSE: 4.845150, Time: 18.586 sec
Epoch 145: MSELoss: 11.684736, Train RMSE: 4.834849, Test RMSE: 4.842921, Time: 18.662 sec
Epoch 146: MSELoss: 11.666833, Train RMSE: 4.829005, Test RMSE: 4.836819, Time: 18.804 sec
Epoch 147: MSELoss: 11.649016, Train RMSE: 4.826074, Test RMSE: 4.834063, Time: 18.496 sec
Epoch 148: MSELoss: 11.631848, Train RMSE: 4.825351, Test RMSE: 4.833471, Time: 19.596 sec
Epoch 149: MSELoss: 11.614426, Train RMSE: 4.821003, Test RMSE: 4.829082, Time: 22.495 sec
Epoch 150: MSELoss: 11.597251, Train RMSE: 4.814642, Test RMSE: 4.822500, Time: 19.317 sec
Epoch 151: MSELoss: 11.580436, Train RMSE: 4.813881, Test RMSE: 4.821919, Time: 19.001 sec
Epoch 152: MSELoss: 11.563940, Train RMSE: 4.808369, Test RMSE: 4.816267, Time: 20.131 sec
Epoch 153: MSELoss: 11.547470, Train RMSE: 4.804632, Test RMSE: 4.812511, Time: 18.595 sec
Epoch 154: MSELoss: 11.531276, Train RMSE: 4.801062, Test RMSE: 4.808876, Time: 19.275 sec
Epoch 155: MSELoss: 11.515412, Train RMSE: 4.802604, Test RMSE: 4.810680, Time: 18.956 sec
Epoch 156: MSELoss: 11.499651, Train RMSE: 4.798081, Test RMSE: 4.806104, Time: 18.736 sec
Epoch 157: MSELoss: 11.484093, Train RMSE: 4.791695, Test RMSE: 4.799524, Time: 19.211 sec
Epoch 158: MSELoss: 11.468514, Train RMSE: 4.791438, Test RMSE: 4.799430, Time: 19.158 sec
Epoch 159: MSELoss: 11.453205, Train RMSE: 4.792485, Test RMSE: 4.800565, Time: 18.925 sec
Epoch 160: MSELoss: 11.438245, Train RMSE: 4.787673, Test RMSE: 4.795712, Time: 18.992 sec
Epoch 161: MSELoss: 11.423412, Train RMSE: 4.780389, Test RMSE: 4.788290, Time: 18.945 sec
Epoch 162: MSELoss: 11.408623, Train RMSE: 4.776224, Test RMSE: 4.784038, Time: 18.794 sec
Epoch 163: MSELoss: 11.393934, Train RMSE: 4.772365, Test RMSE: 4.780046, Time: 19.188 sec
Epoch 164: MSELoss: 11.379554, Train RMSE: 4.769355, Test RMSE: 4.777044, Time: 19.420 sec
Epoch 165: MSELoss: 11.365328, Train RMSE: 4.766350, Test RMSE: 4.774048, Time: 18.840 sec
Epoch 166: MSELoss: 11.351129, Train RMSE: 4.766375, Test RMSE: 4.774305, Time: 18.395 sec
Epoch 167: MSELoss: 11.337294, Train RMSE: 4.760544, Test RMSE: 4.768279, Time: 18.915 sec
Epoch 168: MSELoss: 11.323521, Train RMSE: 4.758468, Test RMSE: 4.766256, Time: 18.642 sec
Epoch 169: MSELoss: 11.309842, Train RMSE: 4.754783, Test RMSE: 4.762467, Time: 18.814 sec
Epoch 170: MSELoss: 11.296337, Train RMSE: 4.752492, Test RMSE: 4.760272, Time: 19.175 sec
Epoch 171: MSELoss: 11.283091, Train RMSE: 4.750308, Test RMSE: 4.758115, Time: 18.284 sec
Epoch 172: MSELoss: 11.269779, Train RMSE: 4.749097, Test RMSE: 4.756994, Time: 18.657 sec
Epoch 173: MSELoss: 11.256855, Train RMSE: 4.744993, Test RMSE: 4.752824, Time: 18.499 sec
Epoch 174: MSELoss: 11.243907, Train RMSE: 4.743650, Test RMSE: 4.751109, Time: 19.079 sec
Epoch 175: MSELoss: 11.231048, Train RMSE: 4.740929, Test RMSE: 4.748829, Time: 18.771 sec
Epoch 176: MSELoss: 11.218082, Train RMSE: 4.737291, Test RMSE: 4.744794, Time: 18.924 sec
Epoch 177: MSELoss: 11.205819, Train RMSE: 4.733832, Test RMSE: 4.741634, Time: 18.650 sec
Epoch 178: MSELoss: 11.193275, Train RMSE: 4.731155, Test RMSE: 4.738914, Time: 19.990 sec
Epoch 179: MSELoss: 11.181014, Train RMSE: 4.727763, Test RMSE: 4.735451, Time: 18.984 sec
Epoch 180: MSELoss: 11.168765, Train RMSE: 4.729674, Test RMSE: 4.737594, Time: 23.698 sec
Epoch 181: MSELoss: 11.156929, Train RMSE: 4.722912, Test RMSE: 4.730605, Time: 19.450 sec
Epoch 182: MSELoss: 11.144809, Train RMSE: 4.720461, Test RMSE: 4.728165, Time: 19.042 sec
Epoch 183: MSELoss: 11.132963, Train RMSE: 4.718490, Test RMSE: 4.726249, Time: 21.208 sec
Epoch 184: MSELoss: 11.121252, Train RMSE: 4.715654, Test RMSE: 4.723368, Time: 19.884 sec
Epoch 185: MSELoss: 11.109716, Train RMSE: 4.713589, Test RMSE: 4.721324, Time: 19.157 sec
Epoch 186: MSELoss: 11.098132, Train RMSE: 4.711180, Test RMSE: 4.718646, Time: 19.135 sec
Epoch 187: MSELoss: 11.086656, Train RMSE: 4.711639, Test RMSE: 4.719485, Time: 18.820 sec
Epoch 188: MSELoss: 11.075363, Train RMSE: 4.705410, Test RMSE: 4.712984, Time: 18.950 sec
Epoch 189: MSELoss: 11.064201, Train RMSE: 4.703492, Test RMSE: 4.711181, Time: 19.093 sec
Epoch 190: MSELoss: 11.053084, Train RMSE: 4.710315, Test RMSE: 4.718278, Time: 19.437 sec
Epoch 191: MSELoss: 11.042146, Train RMSE: 4.698929, Test RMSE: 4.706591, Time: 19.159 sec
Epoch 192: MSELoss: 11.031142, Train RMSE: 4.696397, Test RMSE: 4.704065, Time: 18.798 sec
Epoch 193: MSELoss: 11.020251, Train RMSE: 4.693652, Test RMSE: 4.701209, Time: 18.751 sec
Epoch 194: MSELoss: 11.009394, Train RMSE: 4.693530, Test RMSE: 4.701279, Time: 18.715 sec
Epoch 195: MSELoss: 10.998860, Train RMSE: 4.691420, Test RMSE: 4.699155, Time: 19.243 sec
Epoch 196: MSELoss: 10.988353, Train RMSE: 4.688517, Test RMSE: 4.696214, Time: 19.580 sec
Epoch 197: MSELoss: 10.977877, Train RMSE: 4.687245, Test RMSE: 4.694983, Time: 19.161 sec
Epoch 198: MSELoss: 10.967538, Train RMSE: 4.684483, Test RMSE: 4.692183, Time: 18.599 sec
Epoch 199: MSELoss: 10.957038, Train RMSE: 4.680436, Test RMSE: 4.687949, Time: 18.960 sec
Epoch 200: MSELoss: 10.946803, Train RMSE: 4.678154, Test RMSE: 4.685742, Time: 19.075 sec
Epoch 201: MSELoss: 10.936738, Train RMSE: 4.675944, Test RMSE: 4.683444, Time: 19.164 sec
Epoch 202: MSELoss: 10.926467, Train RMSE: 4.675581, Test RMSE: 4.683275, Time: 18.770 sec
Epoch 203: MSELoss: 10.916356, Train RMSE: 4.673596, Test RMSE: 4.681291, Time: 18.664 sec
Epoch 204: MSELoss: 10.906587, Train RMSE: 4.669827, Test RMSE: 4.677248, Time: 19.472 sec
Epoch 205: MSELoss: 10.896775, Train RMSE: 4.667405, Test RMSE: 4.674935, Time: 18.649 sec
Epoch 206: MSELoss: 10.886841, Train RMSE: 4.672295, Test RMSE: 4.680134, Time: 19.097 sec
Epoch 207: MSELoss: 10.877383, Train RMSE: 4.663482, Test RMSE: 4.671053, Time: 18.703 sec
Epoch 208: MSELoss: 10.867478, Train RMSE: 4.662640, Test RMSE: 4.670318, Time: 19.468 sec
Epoch 209: MSELoss: 10.857799, Train RMSE: 4.659988, Test RMSE: 4.667375, Time: 18.762 sec
Epoch 210: MSELoss: 10.848264, Train RMSE: 4.658249, Test RMSE: 4.665884, Time: 18.766 sec
Epoch 211: MSELoss: 10.838824, Train RMSE: 4.655433, Test RMSE: 4.662854, Time: 23.519 sec
Epoch 212: MSELoss: 10.829247, Train RMSE: 4.655200, Test RMSE: 4.662856, Time: 18.821 sec
Epoch 213: MSELoss: 10.820111, Train RMSE: 4.651877, Test RMSE: 4.659476, Time: 18.936 sec
Epoch 214: MSELoss: 10.810707, Train RMSE: 4.652512, Test RMSE: 4.660214, Time: 19.020 sec
Epoch 215: MSELoss: 10.801524, Train RMSE: 4.654510, Test RMSE: 4.662301, Time: 18.721 sec
Epoch 216: MSELoss: 10.792357, Train RMSE: 4.646717, Test RMSE: 4.654340, Time: 18.360 sec
Epoch 217: MSELoss: 10.783347, Train RMSE: 4.643052, Test RMSE: 4.650498, Time: 18.040 sec
Epoch 218: MSELoss: 10.774261, Train RMSE: 4.641627, Test RMSE: 4.648994, Time: 18.230 sec
Epoch 219: MSELoss: 10.765237, Train RMSE: 4.639573, Test RMSE: 4.647076, Time: 18.206 sec
Epoch 220: MSELoss: 10.756465, Train RMSE: 4.642803, Test RMSE: 4.650505, Time: 18.267 sec
Epoch 221: MSELoss: 10.747686, Train RMSE: 4.636029, Test RMSE: 4.643571, Time: 18.323 sec
Epoch 222: MSELoss: 10.738692, Train RMSE: 4.633696, Test RMSE: 4.641076, Time: 18.708 sec
Epoch 223: MSELoss: 10.729923, Train RMSE: 4.635528, Test RMSE: 4.642710, Time: 18.912 sec
Epoch 224: MSELoss: 10.721248, Train RMSE: 4.631242, Test RMSE: 4.638834, Time: 18.755 sec
Epoch 225: MSELoss: 10.712653, Train RMSE: 4.628016, Test RMSE: 4.635398, Time: 18.452 sec
Epoch 226: MSELoss: 10.703765, Train RMSE: 4.626592, Test RMSE: 4.634127, Time: 18.713 sec
Epoch 227: MSELoss: 10.695170, Train RMSE: 4.626376, Test RMSE: 4.633976, Time: 18.673 sec
Epoch 228: MSELoss: 10.686675, Train RMSE: 4.622300, Test RMSE: 4.629749, Time: 18.775 sec
Epoch 229: MSELoss: 10.678216, Train RMSE: 4.620579, Test RMSE: 4.627970, Time: 17.617 sec
Epoch 230: MSELoss: 10.669676, Train RMSE: 4.620148, Test RMSE: 4.627421, Time: 17.778 sec
Epoch 231: MSELoss: 10.661309, Train RMSE: 4.626708, Test RMSE: 4.633786, Time: 18.943 sec
Epoch 232: MSELoss: 10.653112, Train RMSE: 4.615008, Test RMSE: 4.622422, Time: 18.549 sec
Epoch 233: MSELoss: 10.644719, Train RMSE: 4.613375, Test RMSE: 4.620846, Time: 18.592 sec
Epoch 234: MSELoss: 10.636159, Train RMSE: 4.619909, Test RMSE: 4.626987, Time: 18.159 sec
Epoch 235: MSELoss: 10.628169, Train RMSE: 4.615607, Test RMSE: 4.623320, Time: 18.070 sec
Epoch 236: MSELoss: 10.619860, Train RMSE: 4.611341, Test RMSE: 4.618546, Time: 18.095 sec
Epoch 237: MSELoss: 10.611766, Train RMSE: 4.613835, Test RMSE: 4.621562, Time: 18.949 sec
Epoch 238: MSELoss: 10.603525, Train RMSE: 4.604705, Test RMSE: 4.612199, Time: 18.182 sec
Epoch 239: MSELoss: 10.595329, Train RMSE: 4.602486, Test RMSE: 4.609939, Time: 18.210 sec
Epoch 240: MSELoss: 10.587220, Train RMSE: 4.601265, Test RMSE: 4.608601, Time: 18.562 sec
Epoch 241: MSELoss: 10.579260, Train RMSE: 4.599991, Test RMSE: 4.607311, Time: 18.576 sec
Epoch 242: MSELoss: 10.571268, Train RMSE: 4.600622, Test RMSE: 4.607848, Time: 18.708 sec
Epoch 243: MSELoss: 10.563382, Train RMSE: 4.600115, Test RMSE: 4.607308, Time: 20.736 sec
Epoch 244: MSELoss: 10.555490, Train RMSE: 4.599579, Test RMSE: 4.607272, Time: 17.406 sec
Epoch 245: MSELoss: 10.547637, Train RMSE: 4.596085, Test RMSE: 4.603741, Time: 17.332 sec
Epoch 246: MSELoss: 10.539554, Train RMSE: 4.590448, Test RMSE: 4.597937, Time: 17.384 sec
Epoch 247: MSELoss: 10.531839, Train RMSE: 4.591326, Test RMSE: 4.598963, Time: 17.688 sec
Epoch 248: MSELoss: 10.524077, Train RMSE: 4.591385, Test RMSE: 4.599050, Time: 17.729 sec
Epoch 249: MSELoss: 10.516210, Train RMSE: 4.585587, Test RMSE: 4.593116, Time: 17.669 sec
Epoch 250: MSELoss: 10.508391, Train RMSE: 4.583698, Test RMSE: 4.591202, Time: 17.541 sec
Epoch 251: MSELoss: 10.500408, Train RMSE: 4.582212, Test RMSE: 4.589709, Time: 17.326 sec
Epoch 252: MSELoss: 10.492918, Train RMSE: 4.582363, Test RMSE: 4.589979, Time: 17.728 sec
Epoch 253: MSELoss: 10.485338, Train RMSE: 4.579784, Test RMSE: 4.587372, Time: 17.373 sec
Epoch 254: MSELoss: 10.477606, Train RMSE: 4.577753, Test RMSE: 4.585095, Time: 17.218 sec
Epoch 255: MSELoss: 10.469982, Train RMSE: 4.579960, Test RMSE: 4.587637, Time: 17.407 sec
Epoch 256: MSELoss: 10.462567, Train RMSE: 4.575564, Test RMSE: 4.583156, Time: 17.461 sec
Epoch 257: MSELoss: 10.454859, Train RMSE: 4.572511, Test RMSE: 4.579856, Time: 17.669 sec
Epoch 258: MSELoss: 10.447580, Train RMSE: 4.572663, Test RMSE: 4.580269, Time: 17.855 sec
Epoch 259: MSELoss: 10.439916, Train RMSE: 4.569212, Test RMSE: 4.576581, Time: 17.589 sec
Epoch 260: MSELoss: 10.432542, Train RMSE: 4.567156, Test RMSE: 4.574564, Time: 18.157 sec
Epoch 261: MSELoss: 10.425073, Train RMSE: 4.567010, Test RMSE: 4.574590, Time: 18.223 sec
Epoch 262: MSELoss: 10.417789, Train RMSE: 4.563780, Test RMSE: 4.571225, Time: 18.623 sec
Epoch 263: MSELoss: 10.410308, Train RMSE: 4.564025, Test RMSE: 4.571604, Time: 18.481 sec
Epoch 264: MSELoss: 10.402923, Train RMSE: 4.561270, Test RMSE: 4.568848, Time: 28.887 sec
Epoch 265: MSELoss: 10.395821, Train RMSE: 4.558988, Test RMSE: 4.566437, Time: 18.034 sec
Epoch 266: MSELoss: 10.388519, Train RMSE: 4.557674, Test RMSE: 4.565068, Time: 18.033 sec
Epoch 267: MSELoss: 10.381287, Train RMSE: 4.561456, Test RMSE: 4.569154, Time: 17.748 sec
Epoch 268: MSELoss: 10.374280, Train RMSE: 4.563670, Test RMSE: 4.571446, Time: 18.316 sec
Epoch 269: MSELoss: 10.367003, Train RMSE: 4.558971, Test RMSE: 4.566148, Time: 18.107 sec
Epoch 270: MSELoss: 10.359838, Train RMSE: 4.551671, Test RMSE: 4.559050, Time: 18.109 sec
Epoch 271: MSELoss: 10.352738, Train RMSE: 4.550836, Test RMSE: 4.558192, Time: 17.388 sec
Epoch 272: MSELoss: 10.345564, Train RMSE: 4.552040, Test RMSE: 4.559324, Time: 17.879 sec
Epoch 273: MSELoss: 10.338700, Train RMSE: 4.547273, Test RMSE: 4.554646, Time: 17.559 sec
Epoch 274: MSELoss: 10.331469, Train RMSE: 4.545428, Test RMSE: 4.552967, Time: 18.037 sec
Epoch 275: MSELoss: 10.324290, Train RMSE: 4.544371, Test RMSE: 4.551917, Time: 17.693 sec
Epoch 276: MSELoss: 10.317225, Train RMSE: 4.546551, Test RMSE: 4.554208, Time: 19.287 sec
Epoch 277: MSELoss: 10.310373, Train RMSE: 4.541527, Test RMSE: 4.548840, Time: 20.431 sec
Epoch 278: MSELoss: 10.303322, Train RMSE: 4.538892, Test RMSE: 4.546311, Time: 17.420 sec
Epoch 279: MSELoss: 10.296447, Train RMSE: 4.537471, Test RMSE: 4.544867, Time: 18.166 sec
Epoch 280: MSELoss: 10.289448, Train RMSE: 4.539469, Test RMSE: 4.546726, Time: 17.747 sec
Epoch 281: MSELoss: 10.282614, Train RMSE: 4.534243, Test RMSE: 4.541719, Time: 17.753 sec
Epoch 282: MSELoss: 10.275576, Train RMSE: 4.533934, Test RMSE: 4.541536, Time: 17.591 sec
Epoch 283: MSELoss: 10.269047, Train RMSE: 4.531584, Test RMSE: 4.539126, Time: 18.264 sec
Epoch 284: MSELoss: 10.262067, Train RMSE: 4.533051, Test RMSE: 4.540732, Time: 17.740 sec
Epoch 285: MSELoss: 10.255277, Train RMSE: 4.529044, Test RMSE: 4.536407, Time: 18.196 sec
Epoch 286: MSELoss: 10.248462, Train RMSE: 4.530968, Test RMSE: 4.538199, Time: 18.355 sec
Epoch 287: MSELoss: 10.241679, Train RMSE: 4.525202, Test RMSE: 4.532676, Time: 18.016 sec
Epoch 288: MSELoss: 10.234852, Train RMSE: 4.523984, Test RMSE: 4.531492, Time: 18.162 sec
Epoch 289: MSELoss: 10.228118, Train RMSE: 4.525126, Test RMSE: 4.532758, Time: 18.307 sec
Epoch 290: MSELoss: 10.221438, Train RMSE: 4.523381, Test RMSE: 4.531001, Time: 18.310 sec
Epoch 291: MSELoss: 10.214826, Train RMSE: 4.519307, Test RMSE: 4.526839, Time: 18.027 sec
Epoch 292: MSELoss: 10.208176, Train RMSE: 4.517706, Test RMSE: 4.525148, Time: 18.556 sec
Epoch 293: MSELoss: 10.201383, Train RMSE: 4.516374, Test RMSE: 4.523877, Time: 17.787 sec
Epoch 294: MSELoss: 10.194793, Train RMSE: 4.529581, Test RMSE: 4.537402, Time: 18.623 sec
Epoch 295: MSELoss: 10.188312, Train RMSE: 4.515859, Test RMSE: 4.523463, Time: 18.098 sec
Epoch 296: MSELoss: 10.181612, Train RMSE: 4.519102, Test RMSE: 4.526838, Time: 17.859 sec
Epoch 297: MSELoss: 10.175028, Train RMSE: 4.510906, Test RMSE: 4.518319, Time: 17.889 sec
Epoch 298: MSELoss: 10.168468, Train RMSE: 4.513293, Test RMSE: 4.520993, Time: 18.487 sec
Epoch 299: MSELoss: 10.162054, Train RMSE: 4.508041, Test RMSE: 4.515480, Time: 17.712 sec
Epoch 300: MSELoss: 10.155590, Train RMSE: 4.506560, Test RMSE: 4.514127, Time: 17.796 sec
Epoch 301: MSELoss: 10.148785, Train RMSE: 4.505567, Test RMSE: 4.512973, Time: 17.738 sec
Epoch 302: MSELoss: 10.142362, Train RMSE: 4.506957, Test RMSE: 4.514633, Time: 17.241 sec
Epoch 303: MSELoss: 10.135884, Train RMSE: 4.501932, Test RMSE: 4.509492, Time: 17.847 sec
Epoch 304: MSELoss: 10.129291, Train RMSE: 4.503358, Test RMSE: 4.511040, Time: 17.614 sec
Epoch 305: MSELoss: 10.122921, Train RMSE: 4.499004, Test RMSE: 4.506588, Time: 17.818 sec
Epoch 306: MSELoss: 10.116383, Train RMSE: 4.498149, Test RMSE: 4.505610, Time: 17.857 sec
Epoch 307: MSELoss: 10.109967, Train RMSE: 4.496722, Test RMSE: 4.504341, Time: 18.272 sec
Epoch 308: MSELoss: 10.103574, Train RMSE: 4.496910, Test RMSE: 4.504333, Time: 17.958 sec
Epoch 309: MSELoss: 10.097148, Train RMSE: 4.494101, Test RMSE: 4.501765, Time: 18.693 sec
Epoch 310: MSELoss: 10.090800, Train RMSE: 4.491661, Test RMSE: 4.499215, Time: 22.256 sec
Epoch 311: MSELoss: 10.084386, Train RMSE: 4.490615, Test RMSE: 4.498154, Time: 17.887 sec
Epoch 312: MSELoss: 10.077990, Train RMSE: 4.489443, Test RMSE: 4.497100, Time: 18.351 sec
Epoch 313: MSELoss: 10.071652, Train RMSE: 4.490740, Test RMSE: 4.498163, Time: 17.762 sec
Epoch 314: MSELoss: 10.065400, Train RMSE: 4.487571, Test RMSE: 4.495305, Time: 18.380 sec
Epoch 315: MSELoss: 10.059022, Train RMSE: 4.491336, Test RMSE: 4.498720, Time: 18.376 sec
Epoch 316: MSELoss: 10.052973, Train RMSE: 4.488503, Test RMSE: 4.496315, Time: 18.256 sec
Epoch 317: MSELoss: 10.046524, Train RMSE: 4.481841, Test RMSE: 4.489471, Time: 18.212 sec
Epoch 318: MSELoss: 10.040226, Train RMSE: 4.486794, Test RMSE: 4.494636, Time: 17.697 sec
Epoch 319: MSELoss: 10.033937, Train RMSE: 4.479230, Test RMSE: 4.486798, Time: 18.197 sec
Epoch 320: MSELoss: 10.027526, Train RMSE: 4.483107, Test RMSE: 4.490531, Time: 19.334 sec
Epoch 321: MSELoss: 10.021483, Train RMSE: 4.476549, Test RMSE: 4.484133, Time: 17.996 sec
Epoch 322: MSELoss: 10.015296, Train RMSE: 4.476693, Test RMSE: 4.484458, Time: 17.538 sec
Epoch 323: MSELoss: 10.009036, Train RMSE: 4.474474, Test RMSE: 4.482065, Time: 18.247 sec
Epoch 324: MSELoss: 10.002971, Train RMSE: 4.483168, Test RMSE: 4.491112, Time: 17.875 sec
Epoch 325: MSELoss: 9.996853, Train RMSE: 4.478346, Test RMSE: 4.485791, Time: 18.365 sec
Epoch 326: MSELoss: 9.990658, Train RMSE: 4.469461, Test RMSE: 4.477191, Time: 18.616 sec
Epoch 327: MSELoss: 9.984398, Train RMSE: 4.468265, Test RMSE: 4.476021, Time: 19.326 sec
Epoch 328: MSELoss: 9.978309, Train RMSE: 4.469173, Test RMSE: 4.477020, Time: 18.619 sec
Epoch 329: MSELoss: 9.972215, Train RMSE: 4.476619, Test RMSE: 4.484649, Time: 19.613 sec
Epoch 330: MSELoss: 9.966250, Train RMSE: 4.464045, Test RMSE: 4.471797, Time: 19.442 sec
Epoch 331: MSELoss: 9.959839, Train RMSE: 4.462559, Test RMSE: 4.470284, Time: 18.046 sec
Epoch 332: MSELoss: 9.953875, Train RMSE: 4.461746, Test RMSE: 4.469558, Time: 18.093 sec
Epoch 333: MSELoss: 9.947871, Train RMSE: 4.460600, Test RMSE: 4.468248, Time: 17.946 sec
Epoch 334: MSELoss: 9.941929, Train RMSE: 4.464039, Test RMSE: 4.472021, Time: 18.587 sec
Epoch 335: MSELoss: 9.935780, Train RMSE: 4.457640, Test RMSE: 4.465489, Time: 18.781 sec
Epoch 336: MSELoss: 9.929754, Train RMSE: 4.455827, Test RMSE: 4.463626, Time: 17.687 sec
Epoch 337: MSELoss: 9.923686, Train RMSE: 4.455036, Test RMSE: 4.462749, Time: 17.694 sec
Epoch 338: MSELoss: 9.917693, Train RMSE: 4.454021, Test RMSE: 4.461918, Time: 18.013 sec
Epoch 339: MSELoss: 9.911800, Train RMSE: 4.452272, Test RMSE: 4.460008, Time: 17.934 sec
Epoch 340: MSELoss: 9.905719, Train RMSE: 4.451605, Test RMSE: 4.459505, Time: 18.779 sec
Epoch 341: MSELoss: 9.899879, Train RMSE: 4.448958, Test RMSE: 4.456726, Time: 17.967 sec
Epoch 342: MSELoss: 9.893627, Train RMSE: 4.450270, Test RMSE: 4.458197, Time: 22.729 sec
Epoch 343: MSELoss: 9.887601, Train RMSE: 4.450185, Test RMSE: 4.457783, Time: 18.494 sec
Epoch 344: MSELoss: 9.881822, Train RMSE: 4.446198, Test RMSE: 4.454116, Time: 17.847 sec
Epoch 345: MSELoss: 9.875896, Train RMSE: 4.458295, Test RMSE: 4.465753, Time: 18.455 sec
Epoch 346: MSELoss: 9.870223, Train RMSE: 4.442690, Test RMSE: 4.450471, Time: 18.477 sec
Epoch 347: MSELoss: 9.864047, Train RMSE: 4.440934, Test RMSE: 4.448741, Time: 18.143 sec
Epoch 348: MSELoss: 9.858122, Train RMSE: 4.440071, Test RMSE: 4.447973, Time: 18.311 sec
Epoch 349: MSELoss: 9.852166, Train RMSE: 4.443581, Test RMSE: 4.451650, Time: 18.223 sec
Epoch 350: MSELoss: 9.846419, Train RMSE: 4.436956, Test RMSE: 4.444833, Time: 18.727 sec
Training Done!
Loading Done! [Rank 13] Finished loading data. Local training samples shape: (1467113, 22), test samples shape: (630039, 22)
Loading Done! [Rank 12] Finished loading data. Local training samples shape: (1467223, 22), test samples shape: (629929, 22)
Loading Done! [Rank 15] Finished loading data. Local training samples shape: (1467975, 22), test samples shape: (629177, 22)
Loading Done! [Rank 14] Finished loading data. Local training samples shape: (1466965, 22), test samples shape: (630187, 22)
ading Done! [Rank 7] Finished loading data. Local training samples shape: (1468306, 22), test samples shape: (628846, 22)
Loading Done! [Rank 5] Finished loading data. Local training samples shape: (1468476, 22), test samples shape: (628676, 22)
Loading Done! [Rank 4] Finished loading data. Local training samples shape: (1467262, 22), test samples shape: (629890, 22)
Loading Done! [Rank 6] Finished loading data. Local training samples shape: (1468388, 22), test samples shape: (628764, 22)
Loading Done! [Rank 3] Finished loading data. Local training samples shape: (1674791, 22), test samples shape: (717645, 22)
Loading Done! [Rank 2] Finished loading data. Local training samples shape: (2202858, 22), test samples shape: (942870, 22)
Loading Done! [Rank 1] Finished loading data. Local training samples shape: (2202202, 22), test samples shape: (943526, 22)
===============================
Start experiment
Config: SGD=sgd, act=relu, hidden=80, batch_size=256, lr=0.005, epochs=300
[Rank 0] Start reading parquet file data/processed/datanew995.parquet, total row groups = 35
[Timing] Data loading time: 13.251 sec
Loading Done! [Rank 0] Finished loading data. Local training samples shape: (1468469, 22), test samples shape: (628683, 22)
Epoch 1: MSELoss: 23.047787, Train RMSE: 6.605321, Test RMSE: 6.603981, Time: 42.461 sec
Epoch 2: MSELoss: 21.229680, Train RMSE: 6.449999, Test RMSE: 6.448001, Time: 32.293 sec
Epoch 3: MSELoss: 20.305971, Train RMSE: 6.320962, Test RMSE: 6.318420, Time: 31.882 sec
Epoch 4: MSELoss: 19.552565, Train RMSE: 6.216792, Test RMSE: 6.214025, Time: 31.811 sec
Epoch 5: MSELoss: 18.928245, Train RMSE: 6.133075, Test RMSE: 6.130188, Time: 31.109 sec
Epoch 6: MSELoss: 18.389761, Train RMSE: 6.051600, Test RMSE: 6.048853, Time: 31.784 sec
Epoch 7: MSELoss: 17.908969, Train RMSE: 5.970712, Test RMSE: 5.968007, Time: 36.128 sec
Epoch 8: MSELoss: 17.465641, Train RMSE: 5.900085, Test RMSE: 5.897474, Time: 38.695 sec
Epoch 9: MSELoss: 17.053058, Train RMSE: 5.823297, Test RMSE: 5.820811, Time: 31.949 sec
Epoch 10: MSELoss: 16.668731, Train RMSE: 5.770453, Test RMSE: 5.768400, Time: 30.817 sec
Epoch 11: MSELoss: 16.303790, Train RMSE: 5.726667, Test RMSE: 5.724771, Time: 30.913 sec
Epoch 12: MSELoss: 15.960119, Train RMSE: 5.664087, Test RMSE: 5.662323, Time: 31.074 sec
Epoch 13: MSELoss: 15.635692, Train RMSE: 5.582863, Test RMSE: 5.580978, Time: 35.489 sec
Epoch 14: MSELoss: 15.326949, Train RMSE: 5.521217, Test RMSE: 5.519254, Time: 32.094 sec
Epoch 15: MSELoss: 15.036106, Train RMSE: 5.495840, Test RMSE: 5.494194, Time: 30.884 sec
Epoch 16: MSELoss: 14.762877, Train RMSE: 5.419309, Test RMSE: 5.417618, Time: 32.301 sec
Epoch 17: MSELoss: 14.503767, Train RMSE: 5.376609, Test RMSE: 5.374947, Time: 30.976 sec
Epoch 18: MSELoss: 14.259547, Train RMSE: 5.346328, Test RMSE: 5.344678, Time: 31.409 sec
Epoch 19: MSELoss: 14.030234, Train RMSE: 5.325894, Test RMSE: 5.324248, Time: 31.594 sec
Epoch 20: MSELoss: 13.815532, Train RMSE: 5.269303, Test RMSE: 5.267654, Time: 38.703 sec
Epoch 21: MSELoss: 13.612873, Train RMSE: 5.243652, Test RMSE: 5.242045, Time: 35.301 sec
Epoch 22: MSELoss: 13.423860, Train RMSE: 5.182801, Test RMSE: 5.180827, Time: 31.816 sec
Epoch 23: MSELoss: 13.246530, Train RMSE: 5.204039, Test RMSE: 5.202472, Time: 31.455 sec
Epoch 24: MSELoss: 13.079877, Train RMSE: 5.113144, Test RMSE: 5.111011, Time: 30.826 sec
Epoch 25: MSELoss: 12.923931, Train RMSE: 5.117438, Test RMSE: 5.115451, Time: 31.365 sec
Epoch 26: MSELoss: 12.778785, Train RMSE: 5.123355, Test RMSE: 5.120970, Time: 30.900 sec
Epoch 27: MSELoss: 12.645112, Train RMSE: 5.079471, Test RMSE: 5.077405, Time: 32.684 sec
Epoch 28: MSELoss: 12.517592, Train RMSE: 5.041285, Test RMSE: 5.039081, Time: 32.757 sec
Epoch 29: MSELoss: 12.398632, Train RMSE: 5.034598, Test RMSE: 5.032480, Time: 32.399 sec
Epoch 30: MSELoss: 12.288384, Train RMSE: 4.962480, Test RMSE: 4.960068, Time: 32.073 sec
Epoch 31: MSELoss: 12.184300, Train RMSE: 5.228383, Test RMSE: 5.227114, Time: 32.773 sec
Epoch 32: MSELoss: 12.089347, Train RMSE: 5.430328, Test RMSE: 5.429090, Time: 35.360 sec
Epoch 33: MSELoss: 12.001629, Train RMSE: 4.908337, Test RMSE: 4.905944, Time: 34.096 sec
Epoch 34: MSELoss: 11.909939, Train RMSE: 4.911577, Test RMSE: 4.909255, Time: 41.479 sec
Epoch 35: MSELoss: 11.828857, Train RMSE: 4.973225, Test RMSE: 4.971243, Time: 33.297 sec
Epoch 36: MSELoss: 11.752208, Train RMSE: 4.989561, Test RMSE: 4.987060, Time: 33.755 sec
Epoch 37: MSELoss: 11.680538, Train RMSE: 4.827676, Test RMSE: 4.825069, Time: 31.653 sec
Epoch 38: MSELoss: 11.609753, Train RMSE: 4.817241, Test RMSE: 4.814722, Time: 33.783 sec
Epoch 39: MSELoss: 11.543903, Train RMSE: 4.810363, Test RMSE: 4.807716, Time: 34.169 sec
Epoch 40: MSELoss: 11.481422, Train RMSE: 4.827918, Test RMSE: 4.825190, Time: 31.281 sec
Epoch 41: MSELoss: 11.422326, Train RMSE: 4.796696, Test RMSE: 4.794120, Time: 31.201 sec
Epoch 42: MSELoss: 11.364852, Train RMSE: 4.962131, Test RMSE: 4.959618, Time: 31.367 sec
Epoch 43: MSELoss: 11.311870, Train RMSE: 4.757111, Test RMSE: 4.754384, Time: 33.693 sec
Epoch 44: MSELoss: 11.258117, Train RMSE: 4.742287, Test RMSE: 4.739435, Time: 31.092 sec
Epoch 45: MSELoss: 11.208206, Train RMSE: 4.751253, Test RMSE: 4.748545, Time: 32.321 sec
Epoch 46: MSELoss: 11.159947, Train RMSE: 4.732073, Test RMSE: 4.729058, Time: 31.207 sec
Epoch 47: MSELoss: 11.113239, Train RMSE: 4.721227, Test RMSE: 4.718435, Time: 33.221 sec
Epoch 48: MSELoss: 11.068261, Train RMSE: 4.718487, Test RMSE: 4.715397, Time: 33.036 sec
Epoch 49: MSELoss: 11.024818, Train RMSE: 4.694164, Test RMSE: 4.691320, Time: 32.299 sec
Epoch 50: MSELoss: 10.983039, Train RMSE: 4.720780, Test RMSE: 4.718306, Time: 35.733 sec
Epoch 51: MSELoss: 10.942994, Train RMSE: 5.076734, Test RMSE: 5.074381, Time: 30.869 sec
Epoch 52: MSELoss: 10.905182, Train RMSE: 4.677978, Test RMSE: 4.675037, Time: 32.307 sec
Epoch 53: MSELoss: 10.865031, Train RMSE: 5.260418, Test RMSE: 5.258423, Time: 38.394 sec
Epoch 54: MSELoss: 10.831811, Train RMSE: 5.027154, Test RMSE: 5.025930, Time: 31.006 sec
Epoch 55: MSELoss: 10.793726, Train RMSE: 4.680926, Test RMSE: 4.677627, Time: 31.232 sec
Epoch 56: MSELoss: 10.756208, Train RMSE: 4.707032, Test RMSE: 4.704388, Time: 30.577 sec
Epoch 57: MSELoss: 10.721912, Train RMSE: 4.627976, Test RMSE: 4.624703, Time: 30.157 sec
Epoch 58: MSELoss: 10.687585, Train RMSE: 4.759551, Test RMSE: 4.757062, Time: 30.385 sec
Epoch 59: MSELoss: 10.655051, Train RMSE: 4.620998, Test RMSE: 4.617811, Time: 30.664 sec
Epoch 60: MSELoss: 10.621481, Train RMSE: 4.872790, Test RMSE: 4.870749, Time: 31.070 sec
Epoch 61: MSELoss: 10.591075, Train RMSE: 4.599063, Test RMSE: 4.595675, Time: 30.515 sec
Epoch 62: MSELoss: 10.558068, Train RMSE: 4.596588, Test RMSE: 4.593419, Time: 31.251 sec
Epoch 63: MSELoss: 10.527172, Train RMSE: 4.628212, Test RMSE: 4.625068, Time: 30.692 sec
Epoch 64: MSELoss: 10.497143, Train RMSE: 4.622827, Test RMSE: 4.619302, Time: 30.543 sec
Epoch 65: MSELoss: 10.467159, Train RMSE: 4.603265, Test RMSE: 4.599845, Time: 30.489 sec
Epoch 66: MSELoss: 10.437471, Train RMSE: 4.566117, Test RMSE: 4.562465, Time: 29.328 sec
Epoch 67: MSELoss: 10.408437, Train RMSE: 4.578223, Test RMSE: 4.574755, Time: 30.342 sec
Epoch 68: MSELoss: 10.380320, Train RMSE: 4.585483, Test RMSE: 4.581718, Time: 29.495 sec
Epoch 69: MSELoss: 10.352417, Train RMSE: 4.564591, Test RMSE: 4.560759, Time: 34.429 sec
Epoch 70: MSELoss: 10.324849, Train RMSE: 4.638953, Test RMSE: 4.635232, Time: 30.482 sec
Epoch 71: MSELoss: 10.297917, Train RMSE: 4.770624, Test RMSE: 4.767230, Time: 29.542 sec
Epoch 72: MSELoss: 10.271212, Train RMSE: 4.533328, Test RMSE: 4.529379, Time: 30.149 sec
Epoch 73: MSELoss: 10.243974, Train RMSE: 4.523978, Test RMSE: 4.519878, Time: 29.672 sec
Epoch 74: MSELoss: 10.217469, Train RMSE: 4.537872, Test RMSE: 4.533674, Time: 30.063 sec
Epoch 75: MSELoss: 10.191428, Train RMSE: 4.512190, Test RMSE: 4.507873, Time: 31.601 sec
Epoch 76: MSELoss: 10.165765, Train RMSE: 4.671820, Test RMSE: 4.667683, Time: 30.095 sec
Epoch 77: MSELoss: 10.140488, Train RMSE: 4.913365, Test RMSE: 4.909990, Time: 30.620 sec
Epoch 78: MSELoss: 10.117454, Train RMSE: 4.556317, Test RMSE: 4.551791, Time: 30.265 sec
Epoch 79: MSELoss: 10.090477, Train RMSE: 4.493390, Test RMSE: 4.488552, Time: 30.911 sec
Epoch 80: MSELoss: 10.065604, Train RMSE: 4.563969, Test RMSE: 4.559317, Time: 31.429 sec
Epoch 81: MSELoss: 10.041223, Train RMSE: 4.479532, Test RMSE: 4.474391, Time: 30.680 sec
Epoch 82: MSELoss: 10.016754, Train RMSE: 4.643086, Test RMSE: 4.638613, Time: 29.965 sec
Epoch 83: MSELoss: 9.993473, Train RMSE: 4.486304, Test RMSE: 4.480850, Time: 30.059 sec
Epoch 84: MSELoss: 9.968568, Train RMSE: 4.986192, Test RMSE: 4.982398, Time: 31.331 sec
Epoch 85: MSELoss: 9.947445, Train RMSE: 4.549448, Test RMSE: 4.544189, Time: 30.917 sec
Epoch 86: MSELoss: 9.922246, Train RMSE: 4.529049, Test RMSE: 4.523793, Time: 30.884 sec
Epoch 87: MSELoss: 9.898536, Train RMSE: 5.291488, Test RMSE: 5.288241, Time: 28.994 sec
Epoch 88: MSELoss: 9.878371, Train RMSE: 4.825047, Test RMSE: 4.820696, Time: 30.918 sec
Epoch 89: MSELoss: 9.853309, Train RMSE: 4.507614, Test RMSE: 4.501814, Time: 31.910 sec
Epoch 90: MSELoss: 9.829745, Train RMSE: 4.435264, Test RMSE: 4.429077, Time: 30.293 sec
Epoch 91: MSELoss: 9.807385, Train RMSE: 4.460022, Test RMSE: 4.453777, Time: 30.228 sec
Epoch 92: MSELoss: 9.785037, Train RMSE: 4.429689, Test RMSE: 4.423454, Time: 30.928 sec
Epoch 93: MSELoss: 9.762197, Train RMSE: 4.422177, Test RMSE: 4.415826, Time: 29.593 sec
Epoch 94: MSELoss: 9.740305, Train RMSE: 4.485859, Test RMSE: 4.479438, Time: 38.632 sec
Epoch 95: MSELoss: 9.718192, Train RMSE: 4.407874, Test RMSE: 4.401308, Time: 30.888 sec
Epoch 96: MSELoss: 9.696108, Train RMSE: 4.782364, Test RMSE: 4.776785, Time: 31.417 sec
Epoch 97: MSELoss: 9.675485, Train RMSE: 4.510766, Test RMSE: 4.504530, Time: 29.506 sec
Epoch 98: MSELoss: 9.652804, Train RMSE: 4.461451, Test RMSE: 4.455096, Time: 29.991 sec
Epoch 99: MSELoss: 9.631067, Train RMSE: 4.523405, Test RMSE: 4.516820, Time: 29.850 sec
Epoch 100: MSELoss: 9.610215, Train RMSE: 4.384989, Test RMSE: 4.378061, Time: 30.175 sec
Epoch 101: MSELoss: 9.588918, Train RMSE: 4.388999, Test RMSE: 4.382114, Time: 31.258 sec
Epoch 102: MSELoss: 9.567120, Train RMSE: 4.720557, Test RMSE: 4.715227, Time: 30.335 sec
Epoch 103: MSELoss: 9.547613, Train RMSE: 4.591499, Test RMSE: 4.585534, Time: 30.037 sec
Epoch 104: MSELoss: 9.526047, Train RMSE: 4.823970, Test RMSE: 4.819072, Time: 31.041 sec
Epoch 105: MSELoss: 9.506404, Train RMSE: 4.364040, Test RMSE: 4.356776, Time: 29.541 sec
Epoch 106: MSELoss: 9.484470, Train RMSE: 4.421305, Test RMSE: 4.414422, Time: 29.883 sec
Epoch 107: MSELoss: 9.463424, Train RMSE: 4.506643, Test RMSE: 4.500170, Time: 29.721 sec
Epoch 108: MSELoss: 9.443226, Train RMSE: 4.345978, Test RMSE: 4.338756, Time: 34.204 sec
Epoch 109: MSELoss: 9.422845, Train RMSE: 4.388862, Test RMSE: 4.381877, Time: 40.174 sec
Epoch 110: MSELoss: 9.401911, Train RMSE: 4.335086, Test RMSE: 4.327658, Time: 29.536 sec
Epoch 111: MSELoss: 9.381892, Train RMSE: 4.404035, Test RMSE: 4.397129, Time: 29.923 sec
Epoch 112: MSELoss: 9.362252, Train RMSE: 4.485669, Test RMSE: 4.478581, Time: 30.114 sec
Epoch 113: MSELoss: 9.342409, Train RMSE: 5.592944, Test RMSE: 5.589213, Time: 29.674 sec
Epoch 114: MSELoss: 9.326050, Train RMSE: 5.065531, Test RMSE: 5.061439, Time: 29.765 sec
Epoch 115: MSELoss: 9.304160, Train RMSE: 4.314679, Test RMSE: 4.306929, Time: 31.244 sec
Epoch 116: MSELoss: 9.282486, Train RMSE: 4.587197, Test RMSE: 4.581262, Time: 31.663 sec
Epoch 117: MSELoss: 9.263557, Train RMSE: 4.325478, Test RMSE: 4.317627, Time: 39.412 sec
Epoch 118: MSELoss: 9.243374, Train RMSE: 4.313639, Test RMSE: 4.306077, Time: 30.040 sec
Epoch 119: MSELoss: 9.224179, Train RMSE: 4.730807, Test RMSE: 4.725482, Time: 31.824 sec
Epoch 120: MSELoss: 9.205560, Train RMSE: 4.293763, Test RMSE: 4.286181, Time: 30.332 sec
Epoch 121: MSELoss: 9.185639, Train RMSE: 6.675893, Test RMSE: 6.674667, Time: 30.335 sec
Epoch 122: MSELoss: 9.174400, Train RMSE: 4.313123, Test RMSE: 4.305788, Time: 30.845 sec
Epoch 123: MSELoss: 9.148429, Train RMSE: 4.408374, Test RMSE: 4.401733, Time: 31.800 sec
Epoch 124: MSELoss: 9.130216, Train RMSE: 5.202354, Test RMSE: 5.198991, Time: 30.135 sec
Epoch 125: MSELoss: 9.113076, Train RMSE: 4.758008, Test RMSE: 4.751501, Time: 29.894 sec
Epoch 126: MSELoss: 9.093860, Train RMSE: 4.338446, Test RMSE: 4.331219, Time: 31.540 sec
Epoch 127: MSELoss: 9.074064, Train RMSE: 4.291678, Test RMSE: 4.284216, Time: 36.511 sec
Epoch 128: MSELoss: 9.056130, Train RMSE: 5.673042, Test RMSE: 5.671185, Time: 31.114 sec
Epoch 129: MSELoss: 9.041549, Train RMSE: 4.428775, Test RMSE: 4.422166, Time: 31.917 sec
Epoch 130: MSELoss: 9.019961, Train RMSE: 4.246100, Test RMSE: 4.238161, Time: 30.098 sec
Epoch 131: MSELoss: 9.001623, Train RMSE: 4.548748, Test RMSE: 4.542641, Time: 31.039 sec
Epoch 132: MSELoss: 8.984591, Train RMSE: 4.253483, Test RMSE: 4.245635, Time: 29.877 sec
Epoch 133: MSELoss: 8.966027, Train RMSE: 4.253979, Test RMSE: 4.246137, Time: 30.286 sec
Epoch 134: MSELoss: 8.948511, Train RMSE: 4.396015, Test RMSE: 4.388191, Time: 30.679 sec
Epoch 135: MSELoss: 8.930987, Train RMSE: 4.226432, Test RMSE: 4.218305, Time: 31.820 sec
Epoch 136: MSELoss: 8.913369, Train RMSE: 4.223862, Test RMSE: 4.216188, Time: 29.962 sec
Epoch 137: MSELoss: 8.896951, Train RMSE: 4.268757, Test RMSE: 4.261284, Time: 30.824 sec
Epoch 138: MSELoss: 8.879696, Train RMSE: 4.221280, Test RMSE: 4.213614, Time: 30.199 sec
Epoch 139: MSELoss: 8.862224, Train RMSE: 4.258118, Test RMSE: 4.250552, Time: 30.821 sec
Epoch 140: MSELoss: 8.845307, Train RMSE: 4.814155, Test RMSE: 4.809565, Time: 31.213 sec
Epoch 141: MSELoss: 8.829772, Train RMSE: 4.290090, Test RMSE: 4.282935, Time: 30.576 sec
Epoch 142: MSELoss: 8.811817, Train RMSE: 4.344581, Test RMSE: 4.337693, Time: 30.515 sec
Epoch 143: MSELoss: 8.795220, Train RMSE: 4.262254, Test RMSE: 4.254385, Time: 31.753 sec
Epoch 144: MSELoss: 8.778327, Train RMSE: 4.249572, Test RMSE: 4.242089, Time: 31.196 sec
Epoch 145: MSELoss: 8.762041, Train RMSE: 5.306400, Test RMSE: 5.303887, Time: 32.656 sec
Epoch 146: MSELoss: 8.748451, Train RMSE: 4.225762, Test RMSE: 4.218345, Time: 34.540 sec
Epoch 147: MSELoss: 8.728906, Train RMSE: 4.358073, Test RMSE: 4.351377, Time: 44.008 sec
Epoch 148: MSELoss: 8.713122, Train RMSE: 4.198128, Test RMSE: 4.190592, Time: 31.261 sec
Epoch 149: MSELoss: 8.697093, Train RMSE: 4.170209, Test RMSE: 4.162355, Time: 31.325 sec
Epoch 150: MSELoss: 8.681713, Train RMSE: 4.166487, Test RMSE: 4.158809, Time: 30.353 sec
Epoch 151: MSELoss: 8.666071, Train RMSE: 4.702861, Test RMSE: 4.698053, Time: 30.871 sec
Epoch 152: MSELoss: 8.651473, Train RMSE: 4.330883, Test RMSE: 4.324298, Time: 30.036 sec
Epoch 153: MSELoss: 8.634971, Train RMSE: 4.363954, Test RMSE: 4.357556, Time: 29.927 sec
Epoch 154: MSELoss: 8.619789, Train RMSE: 4.155144, Test RMSE: 4.147113, Time: 30.676 sec
Epoch 155: MSELoss: 8.604124, Train RMSE: 4.229178, Test RMSE: 4.221932, Time: 30.616 sec
Epoch 156: MSELoss: 8.589213, Train RMSE: 4.242013, Test RMSE: 4.234881, Time: 29.635 sec
Epoch 157: MSELoss: 8.574042, Train RMSE: 4.232846, Test RMSE: 4.225717, Time: 30.483 sec
Epoch 158: MSELoss: 8.559006, Train RMSE: 4.323613, Test RMSE: 4.315851, Time: 29.454 sec
Epoch 159: MSELoss: 8.544755, Train RMSE: 4.301256, Test RMSE: 4.294699, Time: 31.083 sec
Epoch 160: MSELoss: 8.529785, Train RMSE: 4.389747, Test RMSE: 4.382025, Time: 30.571 sec
Epoch 161: MSELoss: 8.515122, Train RMSE: 5.065262, Test RMSE: 5.059715, Time: 30.732 sec
Epoch 162: MSELoss: 8.501890, Train RMSE: 4.498342, Test RMSE: 4.491245, Time: 30.057 sec
Epoch 163: MSELoss: 8.486113, Train RMSE: 4.630505, Test RMSE: 4.625635, Time: 30.235 sec
Epoch 164: MSELoss: 8.472198, Train RMSE: 4.750501, Test RMSE: 4.746006, Time: 29.544 sec
Early stopping at epoch 163 (best RMSE=4.1471)
Training Done!
Loading Done! [Rank 6] Finished loading data. Local training samples shape: (1468106, 22), test samples shape: (629046, 22)
                                                                                                                                                                                                                                                                                                                                                                                      Loading Done! [Rank 13] Finished loading data. Local training samples shape: (1468303, 22), test samples shape: (628849, 22)
Loading Done! [Rank 12] Finished loading data. Local training samples shape: (1467871, 22), test samples shape: (629281, 22)
Loading Done! [Rank 15] Finished loading data. Local training samples shape: (1467836, 22), test samples shape: (629316, 22)
Loading Done! [Rank 14] Finished loading data. Local training samples shape: (1467737, 22), test samples shape: (629415, 22)
ing Done! [Rank 1] Finished loading data. Local training samples shape: (2202134, 22), test samples shape: (943594, 22)
Loading Done! [Rank 2] Finished loading data. Local training samples shape: (2202675, 22), test samples shape: (943053, 22)
===============================
Start experiment
Config: SGD=sgd, act=relu, hidden=80, batch_size=128, lr=0.005, epochs=250
[Rank 0] Start reading parquet file data/processed/datanew995.parquet, total row groups = 35
[Timing] Data loading time: 12.313 sec
Loading Done! [Rank 0] Finished loading data. Local training samples shape: (1467028, 22), test samples shape: (630124, 22)
Epoch 1: MSELoss: 21.008797, Train RMSE: 6.334360, Test RMSE: 6.331384, Time: 65.245 sec
Epoch 2: MSELoss: 18.136928, Train RMSE: 6.099992, Test RMSE: 6.096023, Time: 48.151 sec
Epoch 3: MSELoss: 16.469499, Train RMSE: 5.827742, Test RMSE: 5.822549, Time: 50.167 sec
Epoch 4: MSELoss: 15.181671, Train RMSE: 5.585013, Test RMSE: 5.579211, Time: 50.794 sec
Epoch 5: MSELoss: 14.148888, Train RMSE: 5.346885, Test RMSE: 5.341120, Time: 49.214 sec
Epoch 6: MSELoss: 13.335344, Train RMSE: 5.243422, Test RMSE: 5.237279, Time: 52.044 sec
Epoch 7: MSELoss: 12.712297, Train RMSE: 5.103020, Test RMSE: 5.096673, Time: 49.399 sec
Epoch 8: MSELoss: 12.239831, Train RMSE: 4.953984, Test RMSE: 4.947844, Time: 49.480 sec
Epoch 9: MSELoss: 11.876436, Train RMSE: 4.872727, Test RMSE: 4.866622, Time: 49.966 sec
Epoch 10: MSELoss: 11.587786, Train RMSE: 4.830582, Test RMSE: 4.824286, Time: 52.591 sec
Epoch 11: MSELoss: 11.351406, Train RMSE: 4.893433, Test RMSE: 4.886703, Time: 54.257 sec
Epoch 12: MSELoss: 11.152186, Train RMSE: 5.395140, Test RMSE: 5.392840, Time: 65.810 sec
Epoch 13: MSELoss: 10.980249, Train RMSE: 5.001506, Test RMSE: 4.994473, Time: 59.475 sec
Epoch 14: MSELoss: 10.825582, Train RMSE: 4.654716, Test RMSE: 4.648958, Time: 51.664 sec
Epoch 15: MSELoss: 10.687018, Train RMSE: 4.704291, Test RMSE: 4.697792, Time: 59.760 sec
Epoch 16: MSELoss: 10.557484, Train RMSE: 4.617274, Test RMSE: 4.611287, Time: 50.363 sec
Epoch 17: MSELoss: 10.437298, Train RMSE: 4.849638, Test RMSE: 4.842613, Time: 50.341 sec
Epoch 18: MSELoss: 10.324308, Train RMSE: 4.956686, Test RMSE: 4.953894, Time: 50.674 sec
Epoch 19: MSELoss: 10.216574, Train RMSE: 4.549955, Test RMSE: 4.543758, Time: 51.452 sec
Epoch 20: MSELoss: 10.113783, Train RMSE: 5.004712, Test RMSE: 5.002140, Time: 49.686 sec
Epoch 21: MSELoss: 10.014546, Train RMSE: 4.481918, Test RMSE: 4.475712, Time: 49.823 sec
Epoch 22: MSELoss: 9.918232, Train RMSE: 5.512272, Test RMSE: 5.511071, Time: 49.880 sec
Epoch 23: MSELoss: 9.827300, Train RMSE: 4.436205, Test RMSE: 4.429864, Time: 46.838 sec
Epoch 24: MSELoss: 9.736450, Train RMSE: 4.408069, Test RMSE: 4.402207, Time: 51.250 sec
Epoch 25: MSELoss: 9.648940, Train RMSE: 4.798149, Test RMSE: 4.790641, Time: 58.545 sec
Epoch 26: MSELoss: 9.565023, Train RMSE: 4.414243, Test RMSE: 4.407334, Time: 50.807 sec
Epoch 27: MSELoss: 9.481679, Train RMSE: 4.353693, Test RMSE: 4.347627, Time: 49.216 sec
Epoch 28: MSELoss: 9.403323, Train RMSE: 4.340877, Test RMSE: 4.334355, Time: 48.813 sec
Epoch 29: MSELoss: 9.323392, Train RMSE: 6.076573, Test RMSE: 6.075925, Time: 52.812 sec
Epoch 30: MSELoss: 9.247819, Train RMSE: 4.682941, Test RMSE: 4.679247, Time: 56.988 sec
Epoch 31: MSELoss: 9.171718, Train RMSE: 4.346583, Test RMSE: 4.341731, Time: 50.263 sec
Epoch 32: MSELoss: 9.099956, Train RMSE: 4.261641, Test RMSE: 4.255447, Time: 49.780 sec
Epoch 33: MSELoss: 9.028225, Train RMSE: 4.258373, Test RMSE: 4.251874, Time: 50.440 sec
Epoch 34: MSELoss: 8.957871, Train RMSE: 4.420916, Test RMSE: 4.416264, Time: 50.650 sec
Epoch 35: MSELoss: 8.892246, Train RMSE: 5.439954, Test RMSE: 5.431461, Time: 56.074 sec
Epoch 36: MSELoss: 8.826767, Train RMSE: 4.548368, Test RMSE: 4.540364, Time: 50.815 sec
Epoch 37: MSELoss: 8.761406, Train RMSE: 4.224489, Test RMSE: 4.217121, Time: 60.149 sec
Epoch 38: MSELoss: 8.700004, Train RMSE: 4.638335, Test RMSE: 4.630248, Time: 50.509 sec
Epoch 39: MSELoss: 8.639000, Train RMSE: 4.170469, Test RMSE: 4.163584, Time: 50.807 sec
Epoch 40: MSELoss: 8.581651, Train RMSE: 4.158684, Test RMSE: 4.152658, Time: 49.641 sec
Epoch 41: MSELoss: 8.522704, Train RMSE: 4.825690, Test RMSE: 4.816973, Time: 52.103 sec
Epoch 42: MSELoss: 8.467494, Train RMSE: 4.505208, Test RMSE: 4.500885, Time: 50.313 sec
Epoch 43: MSELoss: 8.411877, Train RMSE: 4.128728, Test RMSE: 4.122840, Time: 49.485 sec
Epoch 44: MSELoss: 8.358732, Train RMSE: 4.300480, Test RMSE: 4.292553, Time: 50.904 sec
Epoch 45: MSELoss: 8.305724, Train RMSE: 5.159718, Test RMSE: 5.157488, Time: 50.684 sec
Epoch 46: MSELoss: 8.254382, Train RMSE: 4.226327, Test RMSE: 4.218752, Time: 49.237 sec
Epoch 47: MSELoss: 8.203924, Train RMSE: 8.382389, Test RMSE: 8.382923, Time: 56.673 sec
Epoch 48: MSELoss: 8.155464, Train RMSE: 4.038486, Test RMSE: 4.031716, Time: 58.175 sec
Epoch 49: MSELoss: 8.102057, Train RMSE: 4.495967, Test RMSE: 4.487604, Time: 51.647 sec
Epoch 50: MSELoss: 8.052590, Train RMSE: 5.495111, Test RMSE: 5.486775, Time: 50.982 sec
Epoch 51: MSELoss: 8.001990, Train RMSE: 9.421407, Test RMSE: 9.421326, Time: 53.533 sec
Epoch 52: MSELoss: 7.959174, Train RMSE: 4.007206, Test RMSE: 4.000240, Time: 49.933 sec
Epoch 53: MSELoss: 7.905997, Train RMSE: 8.104072, Test RMSE: 8.104288, Time: 49.743 sec
Epoch 54: MSELoss: 7.862636, Train RMSE: 4.995143, Test RMSE: 4.992681, Time: 51.535 sec
Epoch 55: MSELoss: 7.812571, Train RMSE: 4.083652, Test RMSE: 4.076112, Time: 49.456 sec
Epoch 56: MSELoss: 7.763360, Train RMSE: 4.762594, Test RMSE: 4.754644, Time: 50.316 sec
Epoch 57: MSELoss: 7.717544, Train RMSE: 4.119069, Test RMSE: 4.114090, Time: 51.430 sec
Epoch 58: MSELoss: 7.672033, Train RMSE: 4.144561, Test RMSE: 4.136874, Time: 54.072 sec
Epoch 59: MSELoss: 7.625660, Train RMSE: 5.652732, Test RMSE: 5.644842, Time: 50.903 sec
Epoch 60: MSELoss: 7.581787, Train RMSE: 3.989951, Test RMSE: 3.984745, Time: 56.538 sec
Epoch 61: MSELoss: 7.537295, Train RMSE: 3.961249, Test RMSE: 3.954203, Time: 64.639 sec
Epoch 62: MSELoss: 7.490787, Train RMSE: 4.053341, Test RMSE: 4.045783, Time: 51.307 sec
Epoch 63: MSELoss: 7.445785, Train RMSE: 4.283687, Test RMSE: 4.276223, Time: 49.755 sec
Epoch 64: MSELoss: 7.401699, Train RMSE: 3.942218, Test RMSE: 3.936901, Time: 55.729 sec
Epoch 65: MSELoss: 7.357025, Train RMSE: 3.835576, Test RMSE: 3.828578, Time: 57.526 sec
Epoch 66: MSELoss: 7.313010, Train RMSE: 3.944805, Test RMSE: 3.937691, Time: 54.629 sec
Epoch 67: MSELoss: 7.270904, Train RMSE: 4.177849, Test RMSE: 4.170241, Time: 54.662 sec
Epoch 68: MSELoss: 7.227442, Train RMSE: 6.205494, Test RMSE: 6.197627, Time: 56.590 sec
Epoch 69: MSELoss: 7.188565, Train RMSE: 3.792787, Test RMSE: 3.786607, Time: 60.540 sec
Epoch 70: MSELoss: 7.142787, Train RMSE: 13.527424, Test RMSE: 13.519504, Time: 52.297 sec
Epoch 71: MSELoss: 7.112697, Train RMSE: 8.600631, Test RMSE: 8.600481, Time: 59.721 sec
Epoch 72: MSELoss: 7.065297, Train RMSE: 18.253690, Test RMSE: 18.245282, Time: 51.646 sec
Epoch 73: MSELoss: 7.035489, Train RMSE: 3.806661, Test RMSE: 3.799764, Time: 51.386 sec
Epoch 74: MSELoss: 6.980909, Train RMSE: 4.184094, Test RMSE: 4.176403, Time: 51.986 sec
Epoch 75: MSELoss: 6.942452, Train RMSE: 3.731147, Test RMSE: 3.725108, Time: 53.089 sec
Epoch 76: MSELoss: 6.902338, Train RMSE: 3.815019, Test RMSE: 3.809593, Time: 52.137 sec
Epoch 77: MSELoss: 6.864108, Train RMSE: 11.500771, Test RMSE: 11.492976, Time: 53.806 sec
Epoch 78: MSELoss: 6.830810, Train RMSE: 4.507177, Test RMSE: 4.499778, Time: 52.774 sec
Epoch 79: MSELoss: 6.788314, Train RMSE: 5.520202, Test RMSE: 5.518421, Time: 55.034 sec
Epoch 80: MSELoss: 6.749607, Train RMSE: 4.155012, Test RMSE: 4.147896, Time: 57.947 sec
Epoch 81: MSELoss: 6.713447, Train RMSE: 5.231732, Test RMSE: 5.223879, Time: 51.637 sec
Epoch 82: MSELoss: 6.677015, Train RMSE: 4.311914, Test RMSE: 4.304451, Time: 54.289 sec
Epoch 83: MSELoss: 6.642734, Train RMSE: 3.767038, Test RMSE: 3.761865, Time: 58.054 sec
Epoch 84: MSELoss: 6.606435, Train RMSE: 3.652172, Test RMSE: 3.646004, Time: 52.434 sec
Epoch 85: MSELoss: 6.572144, Train RMSE: 8.619639, Test RMSE: 8.619696, Time: 51.844 sec
Epoch 86: MSELoss: 6.540093, Train RMSE: 8.427061, Test RMSE: 8.419639, Time: 51.827 sec
Epoch 87: MSELoss: 6.505295, Train RMSE: 3.617522, Test RMSE: 3.610991, Time: 52.447 sec
Epoch 88: MSELoss: 6.469132, Train RMSE: 5.545699, Test RMSE: 5.537999, Time: 50.752 sec
Epoch 89: MSELoss: 6.437816, Train RMSE: 4.938105, Test RMSE: 4.930378, Time: 51.149 sec
Epoch 90: MSELoss: 6.405221, Train RMSE: 9.515090, Test RMSE: 9.515146, Time: 50.419 sec
Epoch 91: MSELoss: 6.380345, Train RMSE: 7.074513, Test RMSE: 7.067194, Time: 51.641 sec
Epoch 92: MSELoss: 6.344597, Train RMSE: 5.378804, Test RMSE: 5.371461, Time: 58.946 sec
Epoch 93: MSELoss: 6.314051, Train RMSE: 4.033075, Test RMSE: 4.026056, Time: 58.287 sec
Epoch 94: MSELoss: 6.287111, Train RMSE: 3.620272, Test RMSE: 3.613520, Time: 64.105 sec
Epoch 95: MSELoss: 6.254569, Train RMSE: 3.890925, Test RMSE: 3.887245, Time: 54.084 sec
Epoch 96: MSELoss: 6.227405, Train RMSE: 3.868643, Test RMSE: 3.861610, Time: 55.442 sec
Epoch 97: MSELoss: 6.197756, Train RMSE: 3.631916, Test RMSE: 3.625258, Time: 51.679 sec
Early stopping at epoch 96 (best RMSE=3.6110)
Training Done!
Loading Done! [Rank 5] Finished loading data. Local training samples shape: (1468010, 22), test samples shape: (629142, 22)
                                                                                                                                                                                                                                                                                                                                                                                        Loading Done! [Rank 4] Finished loading data. Local training samples shape: (1468262, 22), test samples shape: (628890, 22)
Loading Done! [Rank 7] Finished loading data. Local training samples shape: (1468404, 22), test samples shape: (628748, 22)
Loading Done! [Rank 3] Finished loading data. Local training samples shape: (1675198, 22), test samples shape: (717238, 22)
Loading Done! [Rank 6] Finished loading data. Local training samples shape: (1467292, 22), test samples shape: (629860, 22)
Loading Done! [Rank 2] Finished loading data. Local training samples shape: (2201843, 22), test samples shape: (943885, 22)
Loading Done! [Rank 1] Finished loading data. Local training samples shape: (2202669, 22), test samples shape: (943059, 22)
===============================
Start experiment
Config: SGD=sgd, act=relu, hidden=80, batch_size=64, lr=0.005, epochs=200
[Rank 0] Start reading parquet file data/processed/datanew995.parquet, total row groups = 35
[Timing] Data loading time: 12.526 sec
Loading Done! [Rank 0] Finished loading data. Local training samples shape: (1468361, 22), test samples shape: (628791, 22)
Epoch 1: MSELoss: 17.673860, Train RMSE: 5.933530, Test RMSE: 5.918882, Time: 111.439 sec
Epoch 2: MSELoss: 13.094324, Train RMSE: 5.192564, Test RMSE: 5.179414, Time: 99.057 sec
Epoch 3: MSELoss: 11.509440, Train RMSE: 5.095784, Test RMSE: 5.085592, Time: 95.824 sec
Epoch 4: MSELoss: 10.770034, Train RMSE: 4.833200, Test RMSE: 4.823517, Time: 79.858 sec
Epoch 5: MSELoss: 10.257844, Train RMSE: 4.534645, Test RMSE: 4.523734, Time: 78.634 sec
Epoch 6: MSELoss: 9.839854, Train RMSE: 4.442304, Test RMSE: 4.432395, Time: 79.549 sec
Epoch 7: MSELoss: 9.470521, Train RMSE: 4.731824, Test RMSE: 4.725747, Time: 86.188 sec
Epoch 8: MSELoss: 9.148850, Train RMSE: 4.318745, Test RMSE: 4.309865, Time: 85.184 sec
Epoch 9: MSELoss: 8.859329, Train RMSE: 4.249105, Test RMSE: 4.241078, Time: 75.400 sec
Epoch 10: MSELoss: 8.601087, Train RMSE: 4.208944, Test RMSE: 4.202145, Time: 92.297 sec
Epoch 11: MSELoss: 8.369442, Train RMSE: 4.281670, Test RMSE: 4.275732, Time: 76.622 sec
Epoch 12: MSELoss: 8.168814, Train RMSE: 4.205253, Test RMSE: 4.199733, Time: 76.924 sec
Epoch 13: MSELoss: 7.973666, Train RMSE: 4.173161, Test RMSE: 4.168319, Time: 80.708 sec
Epoch 14: MSELoss: 7.790941, Train RMSE: 4.461947, Test RMSE: 4.455238, Time: 92.632 sec
Epoch 15: MSELoss: 7.621108, Train RMSE: 5.093083, Test RMSE: 5.087410, Time: 76.367 sec
Epoch 16: MSELoss: 7.453643, Train RMSE: 4.032677, Test RMSE: 4.027994, Time: 78.669 sec
Epoch 17: MSELoss: 7.293864, Train RMSE: 4.475835, Test RMSE: 4.469631, Time: 79.186 sec
Epoch 18: MSELoss: 7.139885, Train RMSE: 4.341075, Test RMSE: 4.340064, Time: 247.146 sec
Epoch 19: MSELoss: 6.994225, Train RMSE: 4.079888, Test RMSE: 4.075039, Time: 93.538 sec
Epoch 20: MSELoss: 6.850970, Train RMSE: 4.166355, Test RMSE: 4.162127, Time: 80.803 sec
Epoch 21: MSELoss: 6.709213, Train RMSE: 4.715930, Test RMSE: 4.712163, Time: 82.922 sec
Epoch 22: MSELoss: 6.581500, Train RMSE: 3.789826, Test RMSE: 3.786577, Time: 76.385 sec
Epoch 23: MSELoss: 6.462136, Train RMSE: 3.753408, Test RMSE: 3.750146, Time: 89.284 sec
Epoch 24: MSELoss: 6.342750, Train RMSE: 6.798999, Test RMSE: 6.803249, Time: 84.371 sec
Epoch 25: MSELoss: 6.242249, Train RMSE: 3.747450, Test RMSE: 3.746276, Time: 79.757 sec
Epoch 26: MSELoss: 6.142972, Train RMSE: 3.755901, Test RMSE: 3.755770, Time: 81.376 sec
Epoch 27: MSELoss: 6.051183, Train RMSE: 3.747814, Test RMSE: 3.745701, Time: 89.464 sec
Epoch 28: MSELoss: 5.969795, Train RMSE: 4.546831, Test RMSE: 4.544465, Time: 81.517 sec
Epoch 29: MSELoss: 5.899376, Train RMSE: 3.948890, Test RMSE: 3.950053, Time: 81.172 sec
Epoch 30: MSELoss: 5.837355, Train RMSE: 4.723050, Test RMSE: 4.726262, Time: 90.249 sec
Epoch 31: MSELoss: 5.779486, Train RMSE: 3.815485, Test RMSE: 3.816980, Time: 81.189 sec
Epoch 32: MSELoss: 5.718084, Train RMSE: 3.758120, Test RMSE: 3.759426, Time: 78.678 sec
Epoch 33: MSELoss: 5.677130, Train RMSE: 3.507516, Test RMSE: 3.506892, Time: 93.900 sec
Epoch 34: MSELoss: 5.631435, Train RMSE: 3.856830, Test RMSE: 3.858121, Time: 90.882 sec
Epoch 35: MSELoss: 5.592477, Train RMSE: 9.805389, Test RMSE: 9.806326, Time: 76.589 sec
Epoch 36: MSELoss: 5.560690, Train RMSE: 4.228054, Test RMSE: 4.231129, Time: 75.823 sec
Epoch 37: MSELoss: 5.525351, Train RMSE: 3.909235, Test RMSE: 3.911528, Time: 84.138 sec
Epoch 38: MSELoss: 5.493771, Train RMSE: 3.628193, Test RMSE: 3.628156, Time: 79.110 sec
Epoch 39: MSELoss: 5.465780, Train RMSE: 3.451546, Test RMSE: 3.452116, Time: 77.072 sec
Epoch 40: MSELoss: 5.436920, Train RMSE: 4.520278, Test RMSE: 4.524395, Time: 78.524 sec
Epoch 41: MSELoss: 5.417004, Train RMSE: 3.447823, Test RMSE: 3.448640, Time: 79.638 sec
Epoch 42: MSELoss: 5.391362, Train RMSE: 3.397081, Test RMSE: 3.397680, Time: 88.264 sec
Epoch 43: MSELoss: 5.377995, Train RMSE: 4.082326, Test RMSE: 4.085686, Time: 75.224 sec
Epoch 44: MSELoss: 5.360643, Train RMSE: 3.397923, Test RMSE: 3.398839, Time: 77.365 sec
Epoch 45: MSELoss: 5.339746, Train RMSE: 3.387998, Test RMSE: 3.388389, Time: 85.179 sec
Epoch 46: MSELoss: 5.328309, Train RMSE: 3.363323, Test RMSE: 3.363900, Time: 79.105 sec
Epoch 47: MSELoss: 5.310797, Train RMSE: 8.094164, Test RMSE: 8.095030, Time: 92.476 sec
Epoch 48: MSELoss: 5.299512, Train RMSE: 3.437547, Test RMSE: 3.440116, Time: 79.598 sec
Epoch 49: MSELoss: 5.282851, Train RMSE: 3.456066, Test RMSE: 3.457741, Time: 89.726 sec
Epoch 50: MSELoss: 5.270677, Train RMSE: 3.720872, Test RMSE: 3.723893, Time: 79.163 sec
Epoch 51: MSELoss: 5.262279, Train RMSE: 3.472566, Test RMSE: 3.472809, Time: 76.284 sec
Epoch 52: MSELoss: 5.252066, Train RMSE: 3.515679, Test RMSE: 3.518234, Time: 86.516 sec
Epoch 53: MSELoss: 5.238640, Train RMSE: 3.961148, Test RMSE: 3.961150, Time: 79.121 sec
Epoch 54: MSELoss: 5.225971, Train RMSE: 3.577717, Test RMSE: 3.580192, Time: 79.295 sec
Epoch 55: MSELoss: 5.217513, Train RMSE: 3.806507, Test RMSE: 3.810072, Time: 80.025 sec
Loading Done! [Rank 14] Finished loading data. Local training samples shape: (1468524, 22), test samples shape: (628628, 22)
Loading Done! [Rank 15] Finished loading data. Local training samples shape: (1468519, 22), test samples shape: (628633, 22)
Loading Done! [Rank 12] Finished loading data. Local training samples shape: (1467924, 22), test samples shape: (629228, 22)
Loading Done! [Rank 13] Finished loading data. Local training samples shape: (1468363, 22), test samples shape: (628789, 22)
ading Done! [Rank 4] Finished loading data. Local training samples shape: (1468270, 22), test samples shape: (628882, 22)
Loading Done! [Rank 3] Finished loading data. Local training samples shape: (1674510, 22), test samples shape: (717926, 22)
Loading Done! [Rank 6] Finished loading data. Local training samples shape: (1467724, 22), test samples shape: (629428, 22)
Loading Done! [Rank 7] Finished loading data. Local training samples shape: (1468182, 22), test samples shape: (628970, 22)
Loading Done! [Rank 5] Finished loading data. Local training samples shape: (1468294, 22), test samples shape: (628858, 22)
Loading Done! [Rank 1] Finished loading data. Local training samples shape: (2200662, 22), test samples shape: (945066, 22)
Loading Done! [Rank 2] Finished loading data. Local training samples shape: (2201122, 22), test samples shape: (944606, 22)
===============================
Start experiment
Config: SGD=sgd, act=relu, hidden=80, batch_size=32, lr=0.005, epochs=150
[Rank 0] Start reading parquet file data/processed/datanew995.parquet, total row groups = 35
[Timing] Data loading time: 18.704 sec
Loading Done! [Rank 0] Finished loading data. Local training samples shape: (1466180, 22), test samples shape: (630972, 22)
Epoch 1: MSELoss: 13.317998, Train RMSE: 5.285216, Test RMSE: 5.299786, Time: 169.767 sec
Epoch 2: MSELoss: 9.881014, Train RMSE: 4.975611, Test RMSE: 4.989793, Time: 177.827 sec
Epoch 3: MSELoss: 8.686786, Train RMSE: 5.221789, Test RMSE: 5.235034, Time: 172.468 sec
Epoch 4: MSELoss: 7.893986, Train RMSE: 5.123382, Test RMSE: 5.136008, Time: 185.237 sec
Epoch 5: MSELoss: 7.253575, Train RMSE: 4.653926, Test RMSE: 4.667132, Time: 168.862 sec
Epoch 6: MSELoss: 6.705231, Train RMSE: 5.094663, Test RMSE: 5.107302, Time: 178.119 sec
Epoch 7: MSELoss: 6.269115, Train RMSE: 4.764705, Test RMSE: 4.776027, Time: 186.120 sec
Epoch 8: MSELoss: 5.940243, Train RMSE: 4.436801, Test RMSE: 4.448634, Time: 179.051 sec
Epoch 9: MSELoss: 5.734299, Train RMSE: 4.564186, Test RMSE: 4.574625, Time: 189.741 sec
Epoch 10: MSELoss: 5.602136, Train RMSE: 5.245335, Test RMSE: 5.256786, Time: 161.281 sec
Epoch 11: MSELoss: 5.508454, Train RMSE: 4.846548, Test RMSE: 4.857323, Time: 182.456 sec
Epoch 12: MSELoss: 5.432563, Train RMSE: 4.488756, Test RMSE: 4.499688, Time: 182.945 sec
Epoch 13: MSELoss: 5.386342, Train RMSE: 4.550986, Test RMSE: 4.561358, Time: 163.356 sec
Epoch 14: MSELoss: 5.344925, Train RMSE: 4.632054, Test RMSE: 4.641664, Time: 169.746 sec
Epoch 15: MSELoss: 5.309632, Train RMSE: 4.576677, Test RMSE: 4.587083, Time: 166.603 sec
Epoch 16: MSELoss: 5.279301, Train RMSE: 4.594079, Test RMSE: 4.603900, Time: 165.253 sec
Epoch 17: MSELoss: 5.255178, Train RMSE: 4.333828, Test RMSE: 4.343502, Time: 177.056 sec
Epoch 18: MSELoss: 5.232051, Train RMSE: 17.740142, Test RMSE: 17.772811, Time: 165.301 sec
Epoch 19: MSELoss: 5.226345, Train RMSE: 4.033209, Test RMSE: 4.043472, Time: 164.846 sec
Epoch 20: MSELoss: 5.196423, Train RMSE: 43.852798, Test RMSE: 43.930543, Time: 156.861 sec
Epoch 21: MSELoss: 5.330403, Train RMSE: 4.264906, Test RMSE: 4.274220, Time: 1797.695 sec
Epoch 22: MSELoss: 5.182120, Train RMSE: 4.256831, Test RMSE: 4.266265, Time: 971.923 sec
