===============================
Start experiment at Mon Sep 29 05:34:58 UTC 2025
Config: batch_size=256, hidden=20, lr=0.001, epochs=200
[05:34:59] Running experiment with batch_size=256, hidden=20, lr=0.001, epochs=200, glob_interval=200, shuffle=True
[05:35:11] Data loading time: 11.965 sec
[05:35:25] Epoch 1: MSELoss=36.252264, Train RMSE=7.977680, Test RMSE=7.990426, Time=13.828 sec
[05:35:54] Epoch 2: MSELoss=31.136053, Train RMSE=7.821155, Test RMSE=7.833301, Time=28.717 sec
[05:36:18] Epoch 3: MSELoss=30.199628, Train RMSE=7.725583, Test RMSE=7.737202, Time=23.637 sec
[05:36:37] Epoch 4: MSELoss=29.553612, Train RMSE=7.652471, Test RMSE=7.663475, Time=19.154 sec
[05:36:51] Epoch 5: MSELoss=29.048220, Train RMSE=7.593113, Test RMSE=7.603406, Time=14.096 sec
[05:37:05] Epoch 6: MSELoss=28.635966, Train RMSE=7.543701, Test RMSE=7.553415, Time=14.042 sec
[05:37:19] Epoch 7: MSELoss=28.291021, Train RMSE=7.501469, Test RMSE=7.510713, Time=14.288 sec
[05:37:36] Epoch 8: MSELoss=27.994224, Train RMSE=7.464661, Test RMSE=7.473573, Time=16.489 sec
[05:37:50] Epoch 9: MSELoss=27.734509, Train RMSE=7.431888, Test RMSE=7.440584, Time=14.339 sec
[05:38:04] Epoch 10: MSELoss=27.503334, Train RMSE=7.402687, Test RMSE=7.411245, Time=14.083 sec
[05:38:18] Epoch 11: MSELoss=27.297707, Train RMSE=7.376583, Test RMSE=7.385065, Time=14.045 sec
[05:38:32] Epoch 12: MSELoss=27.114459, Train RMSE=7.352849, Test RMSE=7.361314, Time=13.885 sec
[05:38:47] Epoch 13: MSELoss=26.949258, Train RMSE=7.331744, Test RMSE=7.340208, Time=14.297 sec
[05:39:01] Epoch 14: MSELoss=26.800370, Train RMSE=7.312323, Test RMSE=7.320771, Time=14.038 sec
[05:39:14] Epoch 15: MSELoss=26.664465, Train RMSE=7.294839, Test RMSE=7.303263, Time=13.577 sec
[05:39:28] Epoch 16: MSELoss=26.541239, Train RMSE=7.278496, Test RMSE=7.286890, Time=14.092 sec
[05:39:42] Epoch 17: MSELoss=26.427175, Train RMSE=7.263550, Test RMSE=7.271923, Time=13.932 sec
[05:39:56] Epoch 18: MSELoss=26.321709, Train RMSE=7.249695, Test RMSE=7.258041, Time=13.956 sec
[05:40:10] Epoch 19: MSELoss=26.224451, Train RMSE=7.236696, Test RMSE=7.245022, Time=14.126 sec
[05:40:24] Epoch 20: MSELoss=26.133403, Train RMSE=7.224726, Test RMSE=7.233038, Time=14.000 sec
[05:40:38] Epoch 21: MSELoss=26.048925, Train RMSE=7.213239, Test RMSE=7.221543, Time=13.743 sec
[05:40:52] Epoch 22: MSELoss=25.968921, Train RMSE=7.202564, Test RMSE=7.210850, Time=13.792 sec
[05:41:06] Epoch 23: MSELoss=25.893926, Train RMSE=7.192516, Test RMSE=7.200790, Time=14.051 sec
[05:41:20] Epoch 24: MSELoss=25.823150, Train RMSE=7.182762, Test RMSE=7.191018, Time=13.939 sec
[05:41:34] Epoch 25: MSELoss=25.755272, Train RMSE=7.173890, Test RMSE=7.182128, Time=13.904 sec
[05:41:48] Epoch 26: MSELoss=25.691696, Train RMSE=7.165197, Test RMSE=7.173417, Time=13.831 sec
[05:42:02] Epoch 27: MSELoss=25.630329, Train RMSE=7.156963, Test RMSE=7.165172, Time=13.949 sec
[05:42:16] Epoch 28: MSELoss=25.572591, Train RMSE=7.148814, Test RMSE=7.157013, Time=13.930 sec
[05:42:29] Epoch 29: MSELoss=25.515864, Train RMSE=7.141028, Test RMSE=7.149220, Time=13.760 sec
[05:42:43] Epoch 30: MSELoss=25.461364, Train RMSE=7.133612, Test RMSE=7.141803, Time=14.016 sec
[05:42:58] Epoch 31: MSELoss=25.408651, Train RMSE=7.126526, Test RMSE=7.134728, Time=14.183 sec
[05:43:12] Epoch 32: MSELoss=25.357737, Train RMSE=7.119278, Test RMSE=7.127477, Time=14.597 sec
[05:43:26] Epoch 33: MSELoss=25.307765, Train RMSE=7.112667, Test RMSE=7.120869, Time=13.787 sec
[05:43:40] Epoch 34: MSELoss=25.259971, Train RMSE=7.105797, Test RMSE=7.114004, Time=14.033 sec
[05:43:54] Epoch 35: MSELoss=25.212160, Train RMSE=7.099166, Test RMSE=7.107372, Time=13.927 sec
[05:44:08] Epoch 36: MSELoss=25.165315, Train RMSE=7.092920, Test RMSE=7.101132, Time=14.147 sec
[05:44:44] Epoch 37: MSELoss=25.120433, Train RMSE=7.086759, Test RMSE=7.094973, Time=36.337 sec
[05:44:58] Epoch 38: MSELoss=25.076669, Train RMSE=7.080375, Test RMSE=7.088593, Time=13.850 sec
[05:45:12] Epoch 39: MSELoss=25.032820, Train RMSE=7.074372, Test RMSE=7.082595, Time=14.131 sec
[05:45:26] Epoch 40: MSELoss=24.989807, Train RMSE=7.068546, Test RMSE=7.076771, Time=13.748 sec
[05:45:40] Epoch 41: MSELoss=24.948801, Train RMSE=7.062392, Test RMSE=7.070619, Time=13.754 sec
[05:45:54] Epoch 42: MSELoss=24.906729, Train RMSE=7.056612, Test RMSE=7.064836, Time=13.784 sec
[05:46:08] Epoch 43: MSELoss=24.866484, Train RMSE=7.050974, Test RMSE=7.059206, Time=14.043 sec
[05:46:22] Epoch 44: MSELoss=24.826231, Train RMSE=7.045455, Test RMSE=7.053685, Time=14.134 sec
[05:46:47] Epoch 45: MSELoss=24.787097, Train RMSE=7.039673, Test RMSE=7.047905, Time=25.160 sec
[05:47:19] Epoch 46: MSELoss=24.747623, Train RMSE=7.034399, Test RMSE=7.042634, Time=31.771 sec
[05:47:43] Epoch 47: MSELoss=24.709517, Train RMSE=7.028756, Test RMSE=7.036993, Time=23.972 sec
[05:47:57] Epoch 48: MSELoss=24.670795, Train RMSE=7.023289, Test RMSE=7.031522, Time=13.796 sec
[05:48:11] Epoch 49: MSELoss=24.633045, Train RMSE=7.018065, Test RMSE=7.026293, Time=14.082 sec
[05:48:25] Epoch 50: MSELoss=24.595323, Train RMSE=7.012720, Test RMSE=7.020949, Time=13.879 sec
[05:48:39] Epoch 51: MSELoss=24.558241, Train RMSE=7.007483, Test RMSE=7.015709, Time=14.034 sec
[05:48:53] Epoch 52: MSELoss=24.521301, Train RMSE=7.002500, Test RMSE=7.010727, Time=13.808 sec
[05:49:06] Epoch 53: MSELoss=24.485182, Train RMSE=6.997330, Test RMSE=7.005557, Time=13.816 sec
[05:49:21] Epoch 54: MSELoss=24.449197, Train RMSE=6.992120, Test RMSE=7.000343, Time=14.385 sec
[05:49:35] Epoch 55: MSELoss=24.413650, Train RMSE=6.987068, Test RMSE=6.995294, Time=13.837 sec
[05:49:49] Epoch 56: MSELoss=24.378425, Train RMSE=6.982168, Test RMSE=6.990393, Time=14.133 sec
[05:50:03] Epoch 57: MSELoss=24.343531, Train RMSE=6.977254, Test RMSE=6.985480, Time=14.006 sec
[05:50:17] Epoch 58: MSELoss=24.308283, Train RMSE=6.972579, Test RMSE=6.980821, Time=13.802 sec
[05:50:30] Epoch 59: MSELoss=24.273903, Train RMSE=6.967427, Test RMSE=6.975690, Time=13.902 sec
[05:50:45] Epoch 60: MSELoss=24.239428, Train RMSE=6.962656, Test RMSE=6.970929, Time=14.120 sec
[05:50:59] Epoch 61: MSELoss=24.205890, Train RMSE=6.957667, Test RMSE=6.965946, Time=14.386 sec
[05:51:14] Epoch 62: MSELoss=24.172695, Train RMSE=6.952920, Test RMSE=6.961204, Time=14.505 sec
[05:51:28] Epoch 63: MSELoss=24.139598, Train RMSE=6.948675, Test RMSE=6.956960, Time=14.219 sec
[05:51:42] Epoch 64: MSELoss=24.107662, Train RMSE=6.943772, Test RMSE=6.952055, Time=13.878 sec
[05:51:56] Epoch 65: MSELoss=24.075031, Train RMSE=6.939291, Test RMSE=6.947571, Time=13.992 sec
[05:52:10] Epoch 66: MSELoss=24.043440, Train RMSE=6.934770, Test RMSE=6.943048, Time=13.859 sec
[05:52:24] Epoch 67: MSELoss=24.012747, Train RMSE=6.930179, Test RMSE=6.938461, Time=14.189 sec
[05:52:38] Epoch 68: MSELoss=23.980824, Train RMSE=6.925906, Test RMSE=6.934189, Time=14.259 sec
[05:52:52] Epoch 69: MSELoss=23.950520, Train RMSE=6.921428, Test RMSE=6.929714, Time=13.877 sec
[05:53:06] Epoch 70: MSELoss=23.919918, Train RMSE=6.917215, Test RMSE=6.925500, Time=14.409 sec
[05:53:21] Epoch 71: MSELoss=23.890055, Train RMSE=6.912503, Test RMSE=6.920787, Time=14.216 sec
[05:53:34] Epoch 72: MSELoss=23.858829, Train RMSE=6.908531, Test RMSE=6.916806, Time=13.916 sec
[05:53:48] Epoch 73: MSELoss=23.828326, Train RMSE=6.904426, Test RMSE=6.912696, Time=14.036 sec
[05:54:02] Epoch 74: MSELoss=23.799968, Train RMSE=6.899584, Test RMSE=6.907854, Time=14.011 sec
[05:54:17] Epoch 75: MSELoss=23.769522, Train RMSE=6.895455, Test RMSE=6.903729, Time=14.104 sec
[05:54:31] Epoch 76: MSELoss=23.739351, Train RMSE=6.891338, Test RMSE=6.899616, Time=14.146 sec
[05:55:12] Epoch 77: MSELoss=23.710829, Train RMSE=6.887030, Test RMSE=6.895308, Time=40.771 sec
[05:55:25] Epoch 78: MSELoss=23.680510, Train RMSE=6.883381, Test RMSE=6.891656, Time=13.931 sec
[05:55:40] Epoch 79: MSELoss=23.651741, Train RMSE=6.878475, Test RMSE=6.886748, Time=14.114 sec
[05:55:53] Epoch 80: MSELoss=23.622013, Train RMSE=6.874529, Test RMSE=6.882794, Time=13.833 sec
[05:56:07] Epoch 81: MSELoss=23.592873, Train RMSE=6.870439, Test RMSE=6.878714, Time=13.934 sec
[05:56:22] Epoch 82: MSELoss=23.564407, Train RMSE=6.866227, Test RMSE=6.874499, Time=14.167 sec
[05:56:36] Epoch 83: MSELoss=23.535038, Train RMSE=6.861421, Test RMSE=6.869703, Time=14.114 sec
[05:56:50] Epoch 84: MSELoss=23.506371, Train RMSE=6.857676, Test RMSE=6.865943, Time=14.355 sec
[05:57:04] Epoch 85: MSELoss=23.477399, Train RMSE=6.853373, Test RMSE=6.861643, Time=14.119 sec
[05:57:18] Epoch 86: MSELoss=23.448777, Train RMSE=6.849243, Test RMSE=6.857508, Time=14.129 sec
[05:57:32] Epoch 87: MSELoss=23.420575, Train RMSE=6.844933, Test RMSE=6.853200, Time=14.039 sec
[05:57:52] Epoch 88: MSELoss=23.391749, Train RMSE=6.840679, Test RMSE=6.848946, Time=19.341 sec
[05:58:27] Epoch 89: MSELoss=23.362905, Train RMSE=6.837084, Test RMSE=6.845342, Time=35.283 sec
[05:58:52] Epoch 90: MSELoss=23.335319, Train RMSE=6.832448, Test RMSE=6.840708, Time=25.199 sec
[05:59:09] Epoch 91: MSELoss=23.306130, Train RMSE=6.828597, Test RMSE=6.836850, Time=16.951 sec
[05:59:23] Epoch 92: MSELoss=23.278545, Train RMSE=6.824064, Test RMSE=6.832332, Time=14.194 sec
[05:59:38] Epoch 93: MSELoss=23.249396, Train RMSE=6.820196, Test RMSE=6.828472, Time=14.235 sec
[05:59:52] Epoch 94: MSELoss=23.220811, Train RMSE=6.816124, Test RMSE=6.824419, Time=14.183 sec
[06:00:06] Epoch 95: MSELoss=23.192504, Train RMSE=6.811964, Test RMSE=6.820259, Time=14.563 sec
[06:00:20] Epoch 96: MSELoss=23.164588, Train RMSE=6.807509, Test RMSE=6.815818, Time=14.016 sec
[06:00:35] Epoch 97: MSELoss=23.135501, Train RMSE=6.803541, Test RMSE=6.811852, Time=14.476 sec
[06:00:49] Epoch 98: MSELoss=23.107048, Train RMSE=6.799217, Test RMSE=6.807542, Time=13.887 sec
[06:01:03] Epoch 99: MSELoss=23.078014, Train RMSE=6.795422, Test RMSE=6.803749, Time=14.426 sec
[06:01:18] Epoch 100: MSELoss=23.048639, Train RMSE=6.791758, Test RMSE=6.800097, Time=14.504 sec
[06:01:32] Epoch 101: MSELoss=23.021254, Train RMSE=6.786757, Test RMSE=6.795100, Time=14.121 sec
[06:01:46] Epoch 102: MSELoss=22.991351, Train RMSE=6.782776, Test RMSE=6.791134, Time=14.540 sec
[06:02:00] Epoch 103: MSELoss=22.962631, Train RMSE=6.778360, Test RMSE=6.786727, Time=13.917 sec
[06:02:15] Epoch 104: MSELoss=22.933216, Train RMSE=6.774380, Test RMSE=6.782754, Time=14.696 sec
[06:02:29] Epoch 105: MSELoss=22.904924, Train RMSE=6.769816, Test RMSE=6.778213, Time=13.970 sec
[06:02:43] Epoch 106: MSELoss=22.874628, Train RMSE=6.765849, Test RMSE=6.774261, Time=14.256 sec
[06:02:57] Epoch 107: MSELoss=22.845445, Train RMSE=6.760603, Test RMSE=6.769024, Time=13.941 sec
[06:03:13] Epoch 108: MSELoss=22.814274, Train RMSE=6.756839, Test RMSE=6.765277, Time=15.982 sec
[06:03:28] Epoch 109: MSELoss=22.784941, Train RMSE=6.752021, Test RMSE=6.760479, Time=14.365 sec
[06:03:41] Epoch 110: MSELoss=22.754123, Train RMSE=6.748002, Test RMSE=6.756471, Time=13.825 sec
[06:03:56] Epoch 111: MSELoss=22.724187, Train RMSE=6.743220, Test RMSE=6.751707, Time=14.090 sec
[06:04:10] Epoch 112: MSELoss=22.693533, Train RMSE=6.738589, Test RMSE=6.747094, Time=14.479 sec
[06:04:24] Epoch 113: MSELoss=22.662310, Train RMSE=6.733649, Test RMSE=6.742162, Time=14.258 sec
[06:04:39] Epoch 114: MSELoss=22.629975, Train RMSE=6.729774, Test RMSE=6.738303, Time=14.446 sec
[06:04:52] Epoch 115: MSELoss=22.598854, Train RMSE=6.724443, Test RMSE=6.732991, Time=13.644 sec
[06:05:07] Epoch 116: MSELoss=22.567028, Train RMSE=6.719746, Test RMSE=6.728294, Time=14.063 sec
[06:05:46] Epoch 117: MSELoss=22.534646, Train RMSE=6.714562, Test RMSE=6.723114, Time=39.420 sec
[06:06:00] Epoch 118: MSELoss=22.502171, Train RMSE=6.709576, Test RMSE=6.718135, Time=14.079 sec
[06:06:14] Epoch 119: MSELoss=22.469617, Train RMSE=6.705612, Test RMSE=6.714180, Time=13.853 sec
[06:06:28] Epoch 120: MSELoss=22.437708, Train RMSE=6.699817, Test RMSE=6.708391, Time=13.818 sec
[06:06:42] Epoch 121: MSELoss=22.403451, Train RMSE=6.695133, Test RMSE=6.703709, Time=13.892 sec
[06:06:55] Epoch 122: MSELoss=22.370164, Train RMSE=6.690490, Test RMSE=6.699076, Time=13.663 sec
[06:07:09] Epoch 123: MSELoss=22.335988, Train RMSE=6.685796, Test RMSE=6.694395, Time=13.977 sec
[06:07:23] Epoch 124: MSELoss=22.302770, Train RMSE=6.680110, Test RMSE=6.688706, Time=13.696 sec
[06:07:37] Epoch 125: MSELoss=22.269013, Train RMSE=6.675207, Test RMSE=6.683814, Time=14.176 sec
[06:07:51] Epoch 126: MSELoss=22.234755, Train RMSE=6.670184, Test RMSE=6.678803, Time=13.751 sec
[06:08:05] Epoch 127: MSELoss=22.200387, Train RMSE=6.665051, Test RMSE=6.673692, Time=14.202 sec
[06:08:20] Epoch 128: MSELoss=22.165693, Train RMSE=6.659991, Test RMSE=6.668649, Time=14.353 sec
[06:08:33] Epoch 129: MSELoss=22.131524, Train RMSE=6.654572, Test RMSE=6.663247, Time=13.779 sec
[06:08:47] Epoch 130: MSELoss=22.096745, Train RMSE=6.649227, Test RMSE=6.657924, Time=13.740 sec
[06:09:04] Epoch 131: MSELoss=22.061352, Train RMSE=6.644441, Test RMSE=6.653161, Time=17.078 sec
[06:09:40] Epoch 132: MSELoss=22.027264, Train RMSE=6.638971, Test RMSE=6.647717, Time=36.292 sec
[06:10:04] Epoch 133: MSELoss=21.991589, Train RMSE=6.633542, Test RMSE=6.642312, Time=23.789 sec
[06:10:22] Epoch 134: MSELoss=21.956975, Train RMSE=6.628152, Test RMSE=6.636951, Time=18.217 sec
[06:10:36] Epoch 135: MSELoss=21.922411, Train RMSE=6.622565, Test RMSE=6.631383, Time=13.683 sec
[06:10:50] Epoch 136: MSELoss=21.886258, Train RMSE=6.617637, Test RMSE=6.626474, Time=14.004 sec
[06:11:04] Epoch 137: MSELoss=21.851163, Train RMSE=6.612302, Test RMSE=6.621165, Time=13.802 sec
[06:11:18] Epoch 138: MSELoss=21.815340, Train RMSE=6.606968, Test RMSE=6.615846, Time=14.266 sec
[06:11:32] Epoch 139: MSELoss=21.780196, Train RMSE=6.601407, Test RMSE=6.610313, Time=13.937 sec
[06:11:46] Epoch 140: MSELoss=21.744591, Train RMSE=6.595923, Test RMSE=6.604846, Time=13.818 sec
[06:12:00] Epoch 141: MSELoss=21.708761, Train RMSE=6.590515, Test RMSE=6.599466, Time=13.665 sec
[06:12:13] Epoch 142: MSELoss=21.672935, Train RMSE=6.585349, Test RMSE=6.594316, Time=13.668 sec
[06:12:27] Epoch 143: MSELoss=21.637101, Train RMSE=6.579373, Test RMSE=6.588363, Time=13.764 sec
[06:12:41] Epoch 144: MSELoss=21.600804, Train RMSE=6.574421, Test RMSE=6.583435, Time=13.816 sec
[06:12:55] Epoch 145: MSELoss=21.564968, Train RMSE=6.569702, Test RMSE=6.578743, Time=13.554 sec
[06:13:08] Epoch 146: MSELoss=21.528583, Train RMSE=6.563299, Test RMSE=6.572362, Time=13.754 sec
[06:13:22] Epoch 147: MSELoss=21.491973, Train RMSE=6.557760, Test RMSE=6.566848, Time=13.826 sec
[06:13:36] Epoch 148: MSELoss=21.456096, Train RMSE=6.552636, Test RMSE=6.561757, Time=13.608 sec
[06:13:50] Epoch 149: MSELoss=21.419883, Train RMSE=6.546099, Test RMSE=6.555254, Time=14.112 sec
[06:14:04] Epoch 150: MSELoss=21.383211, Train RMSE=6.541271, Test RMSE=6.550454, Time=13.711 sec
[06:14:18] Epoch 151: MSELoss=21.345887, Train RMSE=6.535457, Test RMSE=6.544664, Time=14.093 sec
[06:14:32] Epoch 152: MSELoss=21.309587, Train RMSE=6.530215, Test RMSE=6.539448, Time=13.718 sec
[06:14:45] Epoch 153: MSELoss=21.273279, Train RMSE=6.523944, Test RMSE=6.533187, Time=13.717 sec
[06:14:59] Epoch 154: MSELoss=21.236397, Train RMSE=6.518978, Test RMSE=6.528235, Time=13.707 sec
[06:15:14] Epoch 155: MSELoss=21.199594, Train RMSE=6.512875, Test RMSE=6.522156, Time=14.730 sec
[06:15:29] Epoch 156: MSELoss=21.162988, Train RMSE=6.507062, Test RMSE=6.516349, Time=14.941 sec
[06:15:44] Epoch 157: MSELoss=21.125313, Train RMSE=6.501206, Test RMSE=6.510508, Time=15.497 sec
[06:16:22] Epoch 158: MSELoss=21.088401, Train RMSE=6.495336, Test RMSE=6.504658, Time=37.535 sec
[06:16:35] Epoch 159: MSELoss=21.050865, Train RMSE=6.489914, Test RMSE=6.499249, Time=13.606 sec
[06:16:49] Epoch 160: MSELoss=21.012641, Train RMSE=6.484321, Test RMSE=6.493678, Time=13.541 sec
[06:17:03] Epoch 161: MSELoss=20.975015, Train RMSE=6.478444, Test RMSE=6.487822, Time=14.276 sec
[06:17:18] Epoch 162: MSELoss=20.938103, Train RMSE=6.472013, Test RMSE=6.481416, Time=14.581 sec
[06:17:32] Epoch 163: MSELoss=20.899302, Train RMSE=6.466330, Test RMSE=6.475760, Time=14.493 sec
[06:17:46] Epoch 164: MSELoss=20.860919, Train RMSE=6.460552, Test RMSE=6.470012, Time=14.107 sec
[06:18:00] Epoch 165: MSELoss=20.823212, Train RMSE=6.454554, Test RMSE=6.464035, Time=13.602 sec
[06:18:14] Epoch 166: MSELoss=20.784855, Train RMSE=6.448231, Test RMSE=6.457748, Time=13.961 sec
[06:18:28] Epoch 167: MSELoss=20.745829, Train RMSE=6.442425, Test RMSE=6.451976, Time=13.753 sec
[06:18:41] Epoch 168: MSELoss=20.707305, Train RMSE=6.436367, Test RMSE=6.445949, Time=13.561 sec
[06:18:55] Epoch 169: MSELoss=20.668878, Train RMSE=6.430411, Test RMSE=6.440008, Time=13.802 sec
[06:19:09] Epoch 170: MSELoss=20.628562, Train RMSE=6.424748, Test RMSE=6.434373, Time=13.875 sec
[06:19:23] Epoch 171: MSELoss=20.590189, Train RMSE=6.417695, Test RMSE=6.427336, Time=13.989 sec
[06:19:38] Epoch 172: MSELoss=20.550917, Train RMSE=6.412181, Test RMSE=6.421839, Time=15.140 sec
[06:19:53] Epoch 173: MSELoss=20.510599, Train RMSE=6.406167, Test RMSE=6.415848, Time=15.031 sec
[06:20:07] Epoch 174: MSELoss=20.471716, Train RMSE=6.399821, Test RMSE=6.409530, Time=13.976 sec
[06:20:35] Epoch 175: MSELoss=20.430709, Train RMSE=6.393272, Test RMSE=6.403001, Time=27.989 sec
[06:21:05] Epoch 176: MSELoss=20.390437, Train RMSE=6.387067, Test RMSE=6.396821, Time=29.517 sec
[06:21:28] Epoch 177: MSELoss=20.350669, Train RMSE=6.380687, Test RMSE=6.390456, Time=23.117 sec
[06:21:42] Epoch 178: MSELoss=20.309358, Train RMSE=6.373996, Test RMSE=6.383800, Time=14.079 sec
[06:21:56] Epoch 179: MSELoss=20.269431, Train RMSE=6.367246, Test RMSE=6.377058, Time=13.726 sec
[06:22:10] Epoch 180: MSELoss=20.226510, Train RMSE=6.361007, Test RMSE=6.370854, Time=14.240 sec
[06:22:24] Epoch 181: MSELoss=20.184712, Train RMSE=6.354958, Test RMSE=6.364850, Time=13.788 sec
[06:22:37] Epoch 182: MSELoss=20.143895, Train RMSE=6.347731, Test RMSE=6.357648, Time=13.808 sec
[06:22:51] Epoch 183: MSELoss=20.101996, Train RMSE=6.341603, Test RMSE=6.351545, Time=13.642 sec
[06:23:05] Epoch 184: MSELoss=20.059766, Train RMSE=6.334208, Test RMSE=6.344161, Time=13.665 sec
[06:23:19] Epoch 185: MSELoss=20.017417, Train RMSE=6.327926, Test RMSE=6.337899, Time=13.755 sec
[06:23:32] Epoch 186: MSELoss=19.975267, Train RMSE=6.321147, Test RMSE=6.331128, Time=13.759 sec
[06:23:46] Epoch 187: MSELoss=19.932233, Train RMSE=6.315323, Test RMSE=6.325318, Time=13.594 sec
[06:24:00] Epoch 188: MSELoss=19.889837, Train RMSE=6.307956, Test RMSE=6.317958, Time=13.720 sec
[06:24:13] Epoch 189: MSELoss=19.846483, Train RMSE=6.300679, Test RMSE=6.310676, Time=13.546 sec
[06:24:27] Epoch 190: MSELoss=19.803801, Train RMSE=6.294153, Test RMSE=6.304128, Time=13.659 sec
[06:24:41] Epoch 191: MSELoss=19.760687, Train RMSE=6.286763, Test RMSE=6.296721, Time=13.620 sec
[06:24:54] Epoch 192: MSELoss=19.717065, Train RMSE=6.280416, Test RMSE=6.290360, Time=13.389 sec
[06:25:08] Epoch 193: MSELoss=19.674072, Train RMSE=6.273268, Test RMSE=6.283199, Time=13.720 sec
[06:25:21] Epoch 194: MSELoss=19.630706, Train RMSE=6.266201, Test RMSE=6.276123, Time=13.706 sec
[06:25:35] Epoch 195: MSELoss=19.586115, Train RMSE=6.259446, Test RMSE=6.269367, Time=13.720 sec
[06:25:49] Epoch 196: MSELoss=19.543808, Train RMSE=6.251923, Test RMSE=6.261840, Time=13.950 sec
[06:26:03] Epoch 197: MSELoss=19.499761, Train RMSE=6.245696, Test RMSE=6.255610, Time=13.746 sec
[06:26:26] Epoch 198: MSELoss=19.457134, Train RMSE=6.238179, Test RMSE=6.248076, Time=22.665 sec
[06:26:59] Epoch 199: MSELoss=19.413321, Train RMSE=6.231445, Test RMSE=6.241329, Time=33.395 sec
[06:27:13] Epoch 200: MSELoss=19.370648, Train RMSE=6.224402, Test RMSE=6.234273, Time=14.058 sec

===============================
Start experiment at Mon Sep 29 09:15:07 UTC 2025
Config: batch_size=256, hidden=20, lr=0.005, epochs=200
[09:15:13] Running experiment with batch_size=256, hidden=20, lr=0.005, epochs=200, glob_interval=200, shuffle=True
[09:15:30] Data loading time: 12.124 sec
[09:15:56] Epoch 1: MSELoss=31.272824, Train RMSE=7.594372, Test RMSE=7.610091, Time=25.482 sec
[09:16:19] Epoch 2: MSELoss=28.036588, Train RMSE=7.403035, Test RMSE=7.418502, Time=23.498 sec
[09:16:32] Epoch 3: MSELoss=26.956168, Train RMSE=7.297286, Test RMSE=7.312826, Time=13.226 sec
[09:16:46] Epoch 4: MSELoss=26.309444, Train RMSE=7.224111, Test RMSE=7.239669, Time=13.380 sec
[09:16:59] Epoch 5: MSELoss=25.869545, Train RMSE=7.171996, Test RMSE=7.187663, Time=12.821 sec
[09:17:12] Epoch 6: MSELoss=25.534711, Train RMSE=7.131299, Test RMSE=7.147032, Time=13.074 sec
[09:17:25] Epoch 7: MSELoss=25.260315, Train RMSE=7.096193, Test RMSE=7.111883, Time=13.438 sec
[09:17:38] Epoch 8: MSELoss=25.023211, Train RMSE=7.067746, Test RMSE=7.083455, Time=13.185 sec
[09:17:52] Epoch 9: MSELoss=24.809674, Train RMSE=7.037280, Test RMSE=7.052971, Time=13.401 sec
[09:18:11] Epoch 10: MSELoss=24.612114, Train RMSE=7.010663, Test RMSE=7.026257, Time=19.578 sec
[09:18:24] Epoch 11: MSELoss=24.428203, Train RMSE=7.002003, Test RMSE=7.017486, Time=12.969 sec
[09:18:37] Epoch 12: MSELoss=24.255028, Train RMSE=6.961913, Test RMSE=6.977363, Time=13.008 sec
[09:18:51] Epoch 13: MSELoss=24.088852, Train RMSE=7.063798, Test RMSE=7.078467, Time=13.265 sec
[09:19:04] Epoch 14: MSELoss=23.948575, Train RMSE=6.918446, Test RMSE=6.933795, Time=13.107 sec
[09:19:17] Epoch 15: MSELoss=23.779101, Train RMSE=6.897748, Test RMSE=6.913004, Time=13.219 sec
[09:19:30] Epoch 16: MSELoss=23.631515, Train RMSE=6.877488, Test RMSE=6.892617, Time=13.032 sec
[09:19:43] Epoch 17: MSELoss=23.485702, Train RMSE=6.857410, Test RMSE=6.872483, Time=12.947 sec
[09:19:58] Epoch 18: MSELoss=23.344277, Train RMSE=6.836151, Test RMSE=6.851081, Time=14.676 sec
[09:20:27] Epoch 19: MSELoss=23.202424, Train RMSE=6.970055, Test RMSE=6.984706, Time=29.391 sec
[09:20:51] Epoch 20: MSELoss=23.076863, Train RMSE=6.796611, Test RMSE=6.811342, Time=23.671 sec
[09:21:08] Epoch 21: MSELoss=22.919357, Train RMSE=6.774994, Test RMSE=6.789599, Time=16.779 sec
[09:21:21] Epoch 22: MSELoss=22.773077, Train RMSE=8.117662, Test RMSE=8.129187, Time=13.063 sec
[09:21:34] Epoch 23: MSELoss=23.012079, Train RMSE=6.738094, Test RMSE=6.752208, Time=13.246 sec
[09:21:47] Epoch 24: MSELoss=22.498504, Train RMSE=6.804322, Test RMSE=6.817329, Time=13.117 sec
[09:22:00] Epoch 25: MSELoss=22.336831, Train RMSE=6.687337, Test RMSE=6.701360, Time=13.019 sec
[09:22:13] Epoch 26: MSELoss=22.162604, Train RMSE=7.614789, Test RMSE=7.626384, Time=12.997 sec
[09:22:26] Epoch 27: MSELoss=22.183389, Train RMSE=6.638447, Test RMSE=6.652248, Time=13.132 sec
[09:22:39] Epoch 28: MSELoss=21.821510, Train RMSE=6.611686, Test RMSE=6.625465, Time=12.955 sec
[09:22:52] Epoch 29: MSELoss=21.642598, Train RMSE=6.585713, Test RMSE=6.599460, Time=13.233 sec
[09:23:05] Epoch 30: MSELoss=21.461612, Train RMSE=6.558410, Test RMSE=6.572062, Time=12.962 sec
[09:23:18] Epoch 31: MSELoss=21.279306, Train RMSE=6.529103, Test RMSE=6.542660, Time=12.992 sec
[09:23:31] Epoch 32: MSELoss=21.094072, Train RMSE=6.502399, Test RMSE=6.515988, Time=12.999 sec
[09:23:45] Epoch 33: MSELoss=20.905522, Train RMSE=6.473910, Test RMSE=6.487433, Time=13.225 sec
[09:23:58] Epoch 34: MSELoss=20.718352, Train RMSE=8.039870, Test RMSE=8.051432, Time=13.459 sec
[09:24:11] Epoch 35: MSELoss=20.656740, Train RMSE=6.474903, Test RMSE=6.488303, Time=13.073 sec
[09:24:24] Epoch 36: MSELoss=20.327152, Train RMSE=6.380921, Test RMSE=6.393956, Time=13.205 sec
[09:24:37] Epoch 37: MSELoss=20.117261, Train RMSE=6.347796, Test RMSE=6.360742, Time=12.912 sec
[09:24:50] Epoch 38: MSELoss=19.903934, Train RMSE=6.313926, Test RMSE=6.326794, Time=13.025 sec
[09:25:03] Epoch 39: MSELoss=19.686861, Train RMSE=6.278051, Test RMSE=6.290883, Time=13.040 sec
[09:25:17] Epoch 40: MSELoss=19.474431, Train RMSE=6.456472, Test RMSE=6.469242, Time=13.267 sec
[09:25:30] Epoch 41: MSELoss=19.265443, Train RMSE=6.208269, Test RMSE=6.220989, Time=13.546 sec
[09:25:44] Epoch 42: MSELoss=19.044073, Train RMSE=6.173469, Test RMSE=6.186078, Time=13.221 sec
[09:25:57] Epoch 43: MSELoss=18.843707, Train RMSE=6.139935, Test RMSE=6.152391, Time=13.725 sec
[09:26:20] Epoch 44: MSELoss=18.644470, Train RMSE=6.108038, Test RMSE=6.120488, Time=22.414 sec
[09:26:54] Epoch 45: MSELoss=18.456645, Train RMSE=6.079082, Test RMSE=6.091653, Time=33.993 sec
[09:27:07] Epoch 46: MSELoss=18.280632, Train RMSE=7.047356, Test RMSE=7.056065, Time=13.012 sec
[09:27:20] Epoch 47: MSELoss=18.180766, Train RMSE=6.023641, Test RMSE=6.036498, Time=12.979 sec
[09:27:32] Epoch 48: MSELoss=17.963470, Train RMSE=5.997165, Test RMSE=6.010062, Time=12.731 sec
[09:27:45] Epoch 49: MSELoss=17.817004, Train RMSE=5.972410, Test RMSE=5.985260, Time=12.687 sec
[09:27:58] Epoch 50: MSELoss=17.676404, Train RMSE=5.950034, Test RMSE=5.962983, Time=12.837 sec
[09:28:11] Epoch 51: MSELoss=17.554076, Train RMSE=5.927549, Test RMSE=5.940619, Time=12.822 sec
[09:28:24] Epoch 52: MSELoss=17.432374, Train RMSE=5.908500, Test RMSE=5.921667, Time=12.991 sec
[09:28:37] Epoch 53: MSELoss=17.321287, Train RMSE=5.890822, Test RMSE=5.904123, Time=13.070 sec
[09:28:50] Epoch 54: MSELoss=17.223177, Train RMSE=5.976061, Test RMSE=5.989604, Time=12.697 sec
[09:29:02] Epoch 55: MSELoss=17.131177, Train RMSE=5.856338, Test RMSE=5.869758, Time=12.710 sec
[09:29:15] Epoch 56: MSELoss=17.034127, Train RMSE=9.540344, Test RMSE=9.547866, Time=12.828 sec
[09:29:28] Epoch 57: MSELoss=17.174280, Train RMSE=5.827898, Test RMSE=5.841502, Time=13.183 sec
[09:29:41] Epoch 58: MSELoss=16.878252, Train RMSE=6.040994, Test RMSE=6.052862, Time=13.049 sec
[09:29:54] Epoch 59: MSELoss=16.808972, Train RMSE=5.802301, Test RMSE=5.816006, Time=12.765 sec
[09:30:07] Epoch 60: MSELoss=16.721374, Train RMSE=5.786583, Test RMSE=5.800245, Time=12.899 sec
[09:30:20] Epoch 61: MSELoss=16.650198, Train RMSE=6.151016, Test RMSE=6.164352, Time=13.016 sec
[09:30:33] Epoch 62: MSELoss=16.625295, Train RMSE=5.802748, Test RMSE=5.815844, Time=13.107 sec
[09:30:46] Epoch 63: MSELoss=16.522492, Train RMSE=5.761598, Test RMSE=5.774890, Time=12.789 sec
[09:30:59] Epoch 64: MSELoss=16.457753, Train RMSE=5.740164, Test RMSE=5.753678, Time=12.767 sec
[09:31:35] Epoch 65: MSELoss=16.393052, Train RMSE=5.729653, Test RMSE=5.743234, Time=35.899 sec
[09:32:01] Epoch 66: MSELoss=16.331786, Train RMSE=6.086751, Test RMSE=6.098559, Time=25.981 sec
[09:32:19] Epoch 67: MSELoss=16.302039, Train RMSE=5.709277, Test RMSE=5.722957, Time=18.765 sec
[09:32:32] Epoch 68: MSELoss=16.216821, Train RMSE=5.699156, Test RMSE=5.712836, Time=12.733 sec
[09:32:45] Epoch 69: MSELoss=16.160769, Train RMSE=5.688854, Test RMSE=5.702448, Time=12.933 sec
[09:32:58] Epoch 70: MSELoss=16.105759, Train RMSE=5.678470, Test RMSE=5.692020, Time=13.120 sec
[09:33:11] Epoch 71: MSELoss=16.047794, Train RMSE=5.668837, Test RMSE=5.682306, Time=13.005 sec
[09:33:24] Epoch 72: MSELoss=15.992271, Train RMSE=5.658578, Test RMSE=5.672033, Time=13.043 sec
[09:33:38] Epoch 73: MSELoss=15.936899, Train RMSE=5.648221, Test RMSE=5.661564, Time=13.719 sec
[09:33:51] Epoch 74: MSELoss=15.883512, Train RMSE=5.639969, Test RMSE=5.653346, Time=13.251 sec
[09:34:04] Epoch 75: MSELoss=15.830314, Train RMSE=5.952722, Test RMSE=5.965935, Time=12.949 sec
[09:34:17] Epoch 76: MSELoss=15.795067, Train RMSE=7.719341, Test RMSE=7.732101, Time=13.151 sec
[09:34:31] Epoch 77: MSELoss=15.878334, Train RMSE=5.652197, Test RMSE=5.665714, Time=13.037 sec
[09:34:43] Epoch 78: MSELoss=15.684850, Train RMSE=5.602757, Test RMSE=5.615996, Time=12.909 sec
[09:34:56] Epoch 79: MSELoss=15.629323, Train RMSE=6.048489, Test RMSE=6.059391, Time=12.968 sec
[09:35:09] Epoch 80: MSELoss=15.602882, Train RMSE=5.585374, Test RMSE=5.598508, Time=12.903 sec
[09:35:22] Epoch 81: MSELoss=15.532688, Train RMSE=5.576611, Test RMSE=5.589676, Time=13.082 sec
[09:35:36] Epoch 82: MSELoss=15.484691, Train RMSE=5.571430, Test RMSE=5.584515, Time=13.285 sec
[09:35:49] Epoch 83: MSELoss=15.443147, Train RMSE=5.561035, Test RMSE=5.573944, Time=12.859 sec
[09:36:02] Epoch 84: MSELoss=15.398333, Train RMSE=6.248267, Test RMSE=6.259615, Time=13.134 sec
[09:36:15] Epoch 85: MSELoss=15.429361, Train RMSE=5.606003, Test RMSE=5.618273, Time=13.043 sec
[09:36:28] Epoch 86: MSELoss=15.326417, Train RMSE=5.539595, Test RMSE=5.552284, Time=13.359 sec
[09:36:41] Epoch 87: MSELoss=15.279703, Train RMSE=5.533522, Test RMSE=5.546124, Time=13.134 sec
[09:37:22] Epoch 88: MSELoss=15.241533, Train RMSE=5.525157, Test RMSE=5.537716, Time=40.906 sec
[09:37:36] Epoch 89: MSELoss=15.204909, Train RMSE=5.519282, Test RMSE=5.531819, Time=13.517 sec
[09:37:49] Epoch 90: MSELoss=15.169135, Train RMSE=5.513371, Test RMSE=5.525793, Time=13.242 sec
[09:38:02] Epoch 91: MSELoss=15.135913, Train RMSE=5.506913, Test RMSE=5.519271, Time=13.442 sec
[09:38:15] Epoch 92: MSELoss=15.102177, Train RMSE=5.504101, Test RMSE=5.516461, Time=12.942 sec
[09:38:33] Epoch 93: MSELoss=15.073231, Train RMSE=5.494558, Test RMSE=5.506706, Time=17.437 sec
[09:38:46] Epoch 94: MSELoss=15.038951, Train RMSE=5.625309, Test RMSE=5.636232, Time=13.089 sec
[09:38:59] Epoch 95: MSELoss=15.021889, Train RMSE=5.485617, Test RMSE=5.497690, Time=12.824 sec
[09:39:12] Epoch 96: MSELoss=14.983814, Train RMSE=5.479686, Test RMSE=5.491595, Time=13.166 sec
[09:39:25] Epoch 97: MSELoss=14.955476, Train RMSE=7.048541, Test RMSE=7.053121, Time=13.308 sec
[09:39:38] Epoch 98: MSELoss=15.166492, Train RMSE=5.474646, Test RMSE=5.486880, Time=12.916 sec
[09:39:51] Epoch 99: MSELoss=14.916750, Train RMSE=5.467890, Test RMSE=5.480042, Time=13.098 sec
[09:40:05] Epoch 100: MSELoss=14.886759, Train RMSE=5.462219, Test RMSE=5.474273, Time=13.254 sec
[09:40:18] Epoch 101: MSELoss=14.858783, Train RMSE=14.172539, Test RMSE=14.171483, Time=13.200 sec
[09:40:32] Epoch 102: MSELoss=15.441362, Train RMSE=5.853410, Test RMSE=5.865617, Time=13.846 sec
[09:40:45] Epoch 103: MSELoss=14.850767, Train RMSE=5.450408, Test RMSE=5.462047, Time=12.945 sec
[09:40:58] Epoch 104: MSELoss=14.797440, Train RMSE=13.620840, Test RMSE=13.614928, Time=13.284 sec
[09:41:11] Epoch 105: MSELoss=15.540791, Train RMSE=6.610881, Test RMSE=6.619420, Time=13.048 sec
[09:41:24] Epoch 106: MSELoss=14.853954, Train RMSE=5.441774, Test RMSE=5.453519, Time=12.963 sec
[09:41:37] Epoch 107: MSELoss=14.746209, Train RMSE=5.437047, Test RMSE=5.448656, Time=13.327 sec
[09:41:50] Epoch 108: MSELoss=14.719412, Train RMSE=5.433025, Test RMSE=5.444620, Time=13.168 sec
[09:42:03] Epoch 109: MSELoss=14.697952, Train RMSE=5.428623, Test RMSE=5.440049, Time=12.978 sec
[09:42:20] Epoch 110: MSELoss=14.678712, Train RMSE=5.424532, Test RMSE=5.435849, Time=16.283 sec
[09:42:55] Epoch 111: MSELoss=14.659203, Train RMSE=5.423247, Test RMSE=5.434545, Time=35.495 sec
[09:43:18] Epoch 112: MSELoss=14.643532, Train RMSE=5.419466, Test RMSE=5.430695, Time=23.166 sec
[09:43:35] Epoch 113: MSELoss=14.626574, Train RMSE=5.413901, Test RMSE=5.425008, Time=16.631 sec
[09:43:48] Epoch 114: MSELoss=14.609097, Train RMSE=5.413007, Test RMSE=5.424111, Time=13.276 sec
[09:44:01] Epoch 115: MSELoss=14.593413, Train RMSE=5.409637, Test RMSE=5.420652, Time=13.011 sec
[09:44:14] Epoch 116: MSELoss=14.578883, Train RMSE=5.406129, Test RMSE=5.416957, Time=12.814 sec
[09:44:27] Epoch 117: MSELoss=14.563556, Train RMSE=5.403368, Test RMSE=5.414297, Time=12.880 sec
[09:44:40] Epoch 118: MSELoss=14.548945, Train RMSE=5.403037, Test RMSE=5.413934, Time=12.840 sec
[09:44:53] Epoch 119: MSELoss=14.535451, Train RMSE=5.399582, Test RMSE=5.410377, Time=13.049 sec
[09:45:06] Epoch 120: MSELoss=14.522450, Train RMSE=5.395612, Test RMSE=5.406382, Time=12.975 sec
[09:45:19] Epoch 121: MSELoss=14.506815, Train RMSE=5.394535, Test RMSE=5.405219, Time=12.738 sec
[09:45:31] Epoch 122: MSELoss=14.495435, Train RMSE=5.397598, Test RMSE=5.408421, Time=12.761 sec
[09:45:45] Epoch 123: MSELoss=14.481377, Train RMSE=5.389257, Test RMSE=5.399854, Time=13.145 sec
[09:45:57] Epoch 124: MSELoss=14.469266, Train RMSE=5.387168, Test RMSE=5.397690, Time=12.780 sec
[09:46:10] Epoch 125: MSELoss=14.456010, Train RMSE=5.386279, Test RMSE=5.396937, Time=12.647 sec
[09:46:23] Epoch 126: MSELoss=14.445163, Train RMSE=6.682853, Test RMSE=6.692686, Time=13.036 sec
[09:46:36] Epoch 127: MSELoss=14.503417, Train RMSE=5.382392, Test RMSE=5.393078, Time=12.783 sec
[09:46:49] Epoch 128: MSELoss=14.421790, Train RMSE=7.614685, Test RMSE=7.617979, Time=12.764 sec
[09:47:02] Epoch 129: MSELoss=14.538533, Train RMSE=5.377286, Test RMSE=5.387532, Time=13.173 sec
[09:47:15] Epoch 130: MSELoss=14.401963, Train RMSE=5.375926, Test RMSE=5.386255, Time=12.764 sec
[09:47:56] Epoch 131: MSELoss=14.388315, Train RMSE=5.372886, Test RMSE=5.383223, Time=41.869 sec
[09:48:10] Epoch 132: MSELoss=14.374896, Train RMSE=6.881251, Test RMSE=6.890551, Time=13.222 sec
[09:48:23] Epoch 133: MSELoss=14.455812, Train RMSE=5.729312, Test RMSE=5.739896, Time=13.275 sec
[09:48:36] Epoch 134: MSELoss=14.371466, Train RMSE=5.368739, Test RMSE=5.379137, Time=12.879 sec
[09:48:49] Epoch 135: MSELoss=14.343445, Train RMSE=5.362451, Test RMSE=5.372720, Time=12.850 sec
[09:49:02] Epoch 136: MSELoss=14.329387, Train RMSE=5.361081, Test RMSE=5.371338, Time=13.032 sec
[09:49:15] Epoch 137: MSELoss=14.318384, Train RMSE=5.754725, Test RMSE=5.764889, Time=12.904 sec
[09:49:28] Epoch 138: MSELoss=14.329713, Train RMSE=5.519079, Test RMSE=5.529816, Time=13.019 sec
[09:49:41] Epoch 139: MSELoss=14.313081, Train RMSE=28.904840, Test RMSE=28.891074, Time=13.062 sec
[09:49:54] Epoch 140: MSELoss=17.416977, Train RMSE=6.426580, Test RMSE=6.436728, Time=12.996 sec
[09:50:07] Epoch 141: MSELoss=14.588434, Train RMSE=5.372074, Test RMSE=5.383106, Time=13.001 sec
[09:50:20] Epoch 142: MSELoss=14.336832, Train RMSE=5.356767, Test RMSE=5.367589, Time=12.955 sec
[09:50:33] Epoch 143: MSELoss=14.289230, Train RMSE=5.353022, Test RMSE=5.363721, Time=12.894 sec
[09:50:46] Epoch 144: MSELoss=14.268529, Train RMSE=11.011520, Test RMSE=11.024794, Time=13.102 sec
[09:50:59] Epoch 145: MSELoss=14.814349, Train RMSE=5.352970, Test RMSE=5.363682, Time=12.721 sec
[09:51:12] Epoch 146: MSELoss=14.260082, Train RMSE=5.347584, Test RMSE=5.358139, Time=12.979 sec
[09:51:24] Epoch 147: MSELoss=14.239400, Train RMSE=5.462652, Test RMSE=5.473581, Time=12.776 sec
[09:51:37] Epoch 148: MSELoss=14.229669, Train RMSE=5.374038, Test RMSE=5.384122, Time=12.648 sec
[09:51:50] Epoch 149: MSELoss=14.213136, Train RMSE=5.380057, Test RMSE=5.389806, Time=12.827 sec
[09:52:03] Epoch 150: MSELoss=14.199688, Train RMSE=5.337412, Test RMSE=5.347666, Time=12.731 sec
[09:52:15] Epoch 151: MSELoss=14.185135, Train RMSE=5.334211, Test RMSE=5.344407, Time=12.796 sec
[09:52:28] Epoch 152: MSELoss=14.173210, Train RMSE=5.331589, Test RMSE=5.341665, Time=12.780 sec
[09:52:41] Epoch 153: MSELoss=14.163091, Train RMSE=5.346349, Test RMSE=5.356563, Time=12.634 sec
[09:52:54] Epoch 154: MSELoss=14.156555, Train RMSE=5.328497, Test RMSE=5.338630, Time=12.826 sec
[09:53:06] Epoch 155: MSELoss=14.142675, Train RMSE=5.331565, Test RMSE=5.341569, Time=12.853 sec
[09:53:19] Epoch 156: MSELoss=14.134723, Train RMSE=5.324677, Test RMSE=5.334704, Time=12.988 sec
[09:53:42] Epoch 157: MSELoss=14.122895, Train RMSE=5.323269, Test RMSE=5.333305, Time=22.242 sec
[09:54:14] Epoch 158: MSELoss=14.113947, Train RMSE=5.321496, Test RMSE=5.331391, Time=32.408 sec
[09:54:38] Epoch 159: MSELoss=14.103637, Train RMSE=5.321956, Test RMSE=5.332044, Time=23.989 sec
[09:54:54] Epoch 160: MSELoss=14.095572, Train RMSE=5.600116, Test RMSE=5.610691, Time=15.962 sec
[09:55:07] Epoch 161: MSELoss=14.100929, Train RMSE=5.942728, Test RMSE=5.950111, Time=12.913 sec
[09:55:20] Epoch 162: MSELoss=14.105968, Train RMSE=7.032005, Test RMSE=7.035024, Time=13.090 sec
[09:55:33] Epoch 163: MSELoss=14.206663, Train RMSE=5.773533, Test RMSE=5.781138, Time=13.148 sec
[09:55:46] Epoch 164: MSELoss=14.094417, Train RMSE=6.640183, Test RMSE=6.646771, Time=12.832 sec
[09:56:01] Epoch 165: MSELoss=14.121588, Train RMSE=5.313026, Test RMSE=5.323152, Time=14.734 sec
[09:56:14] Epoch 166: MSELoss=14.046188, Train RMSE=12.197951, Test RMSE=12.192771, Time=13.372 sec
[09:56:27] Epoch 167: MSELoss=14.560997, Train RMSE=5.925756, Test RMSE=5.935766, Time=12.895 sec
[09:56:40] Epoch 168: MSELoss=14.070127, Train RMSE=5.371141, Test RMSE=5.380370, Time=12.909 sec
[09:56:53] Epoch 169: MSELoss=14.026464, Train RMSE=5.302444, Test RMSE=5.312402, Time=12.779 sec
[09:57:06] Epoch 170: MSELoss=14.010103, Train RMSE=5.301268, Test RMSE=5.311207, Time=13.072 sec
[09:57:19] Epoch 171: MSELoss=14.000033, Train RMSE=5.298972, Test RMSE=5.308843, Time=12.893 sec
[09:57:32] Epoch 172: MSELoss=13.988407, Train RMSE=5.298547, Test RMSE=5.308408, Time=13.046 sec
[09:57:45] Epoch 173: MSELoss=13.980350, Train RMSE=5.295598, Test RMSE=5.305394, Time=12.814 sec
[09:58:04] Epoch 174: MSELoss=13.971015, Train RMSE=5.331293, Test RMSE=5.341522, Time=19.727 sec
[09:58:39] Epoch 175: MSELoss=13.965188, Train RMSE=5.293690, Test RMSE=5.303410, Time=35.024 sec
[09:58:53] Epoch 176: MSELoss=13.952089, Train RMSE=5.291612, Test RMSE=5.301391, Time=13.093 sec
[09:59:05] Epoch 177: MSELoss=13.944796, Train RMSE=5.290012, Test RMSE=5.299758, Time=12.689 sec
[09:59:18] Epoch 178: MSELoss=13.935099, Train RMSE=5.290226, Test RMSE=5.300004, Time=12.895 sec
[09:59:31] Epoch 179: MSELoss=13.927542, Train RMSE=5.287090, Test RMSE=5.296762, Time=12.748 sec
[09:59:44] Epoch 180: MSELoss=13.917503, Train RMSE=5.286866, Test RMSE=5.296606, Time=13.026 sec
[09:59:57] Epoch 181: MSELoss=13.910301, Train RMSE=5.284026, Test RMSE=5.293768, Time=13.300 sec
[10:00:10] Epoch 182: MSELoss=13.901741, Train RMSE=5.282722, Test RMSE=5.292385, Time=12.777 sec
[10:00:24] Epoch 183: MSELoss=13.893953, Train RMSE=5.280479, Test RMSE=5.290159, Time=13.545 sec
[10:00:37] Epoch 184: MSELoss=13.885769, Train RMSE=5.303852, Test RMSE=5.313744, Time=13.533 sec
[10:00:51] Epoch 185: MSELoss=13.876865, Train RMSE=5.280725, Test RMSE=5.290445, Time=13.382 sec
[10:01:04] Epoch 186: MSELoss=13.869500, Train RMSE=5.275639, Test RMSE=5.285290, Time=13.866 sec
[10:01:18] Epoch 187: MSELoss=13.860129, Train RMSE=5.273378, Test RMSE=5.283017, Time=13.687 sec
[10:01:32] Epoch 188: MSELoss=13.851186, Train RMSE=5.782393, Test RMSE=5.792180, Time=13.705 sec
[10:01:46] Epoch 189: MSELoss=13.865982, Train RMSE=6.463777, Test RMSE=6.470690, Time=13.814 sec
[10:02:00] Epoch 190: MSELoss=13.890259, Train RMSE=5.280104, Test RMSE=5.290007, Time=14.095 sec
[10:02:14] Epoch 191: MSELoss=13.829165, Train RMSE=5.421752, Test RMSE=5.432196, Time=13.900 sec
[10:02:28] Epoch 192: MSELoss=13.825290, Train RMSE=5.267725, Test RMSE=5.277259, Time=14.049 sec
[10:02:42] Epoch 193: MSELoss=13.810826, Train RMSE=5.263930, Test RMSE=5.273564, Time=13.791 sec
[10:02:56] Epoch 194: MSELoss=13.801591, Train RMSE=5.260950, Test RMSE=5.270566, Time=14.107 sec
[10:03:11] Epoch 195: MSELoss=13.793864, Train RMSE=5.264119, Test RMSE=5.273807, Time=15.054 sec
[10:03:25] Epoch 196: MSELoss=13.786485, Train RMSE=5.266209, Test RMSE=5.275809, Time=13.776 sec
[10:03:38] Epoch 197: MSELoss=13.777867, Train RMSE=5.258129, Test RMSE=5.267814, Time=13.841 sec
[10:03:53] Epoch 198: MSELoss=13.767843, Train RMSE=5.395897, Test RMSE=5.404502, Time=14.210 sec
[10:04:07] Epoch 199: MSELoss=13.766650, Train RMSE=5.257177, Test RMSE=5.266926, Time=14.106 sec
[10:04:20] Epoch 200: MSELoss=13.749809, Train RMSE=5.252619, Test RMSE=5.262309, Time=13.720 sec

