===============================
Start experiment at Sat Sep 27 16:33:56 UTC 2025
Config: batch_size=128, hidden=30, lr=0.005, epochs=160
[16:33:58] Running experiment with batch_size=128, hidden=30, lr=0.005, epochs=160, glob_interval=200, shuffle=True
[16:34:13] Data loading time: 14.520 sec
[16:34:44] Epoch 1: Loss=7.885653, Train RMSE=7.645171, Test RMSE=7.647076, Time=30.441 sec
[16:35:12] Epoch 2: Loss=7.536481, Train RMSE=7.472687, Test RMSE=7.475397, Time=28.007 sec
[16:35:39] Epoch 3: Loss=7.349869, Train RMSE=7.299290, Test RMSE=7.303017, Time=27.312 sec
[16:36:06] Epoch 4: Loss=7.126987, Train RMSE=7.093562, Test RMSE=7.098198, Time=27.515 sec
[16:36:48] Epoch 5: Loss=6.882183, Train RMSE=6.892407, Test RMSE=6.898052, Time=41.081 sec
[16:37:18] Epoch 6: Loss=6.657543, Train RMSE=6.718019, Test RMSE=6.723811, Time=30.189 sec
[16:37:47] Epoch 7: Loss=6.482047, Train RMSE=6.585866, Test RMSE=6.591367, Time=29.669 sec
[16:38:17] Epoch 8: Loss=6.352501, Train RMSE=6.453067, Test RMSE=6.461006, Time=29.960 sec
[16:38:47] Epoch 9: Loss=6.248376, Train RMSE=6.362288, Test RMSE=6.369842, Time=29.690 sec
[16:39:17] Epoch 10: Loss=6.178936, Train RMSE=6.249988, Test RMSE=6.257611, Time=30.052 sec
[16:39:49] Epoch 11: Loss=6.112928, Train RMSE=6.218866, Test RMSE=6.227228, Time=31.515 sec
[16:40:21] Epoch 12: Loss=6.064598, Train RMSE=6.165977, Test RMSE=6.172472, Time=32.286 sec
[16:40:53] Epoch 13: Loss=6.032478, Train RMSE=6.119678, Test RMSE=6.127120, Time=32.319 sec
[16:41:24] Epoch 14: Loss=5.998813, Train RMSE=6.120884, Test RMSE=6.128238, Time=30.284 sec
[16:41:53] Epoch 15: Loss=5.975935, Train RMSE=6.067904, Test RMSE=6.074847, Time=29.830 sec
[16:42:37] Epoch 16: Loss=5.958168, Train RMSE=6.036074, Test RMSE=6.043749, Time=43.982 sec
[16:43:13] Epoch 17: Loss=5.938176, Train RMSE=6.024007, Test RMSE=6.032924, Time=36.078 sec
[16:43:43] Epoch 18: Loss=5.925833, Train RMSE=5.986959, Test RMSE=5.997301, Time=29.164 sec
[16:44:12] Epoch 19: Loss=5.904250, Train RMSE=5.996005, Test RMSE=6.004773, Time=28.921 sec
[16:44:42] Epoch 20: Loss=5.887673, Train RMSE=6.001565, Test RMSE=6.009528, Time=30.099 sec
[16:45:13] Epoch 21: Loss=5.878067, Train RMSE=5.982987, Test RMSE=5.991956, Time=30.897 sec
[16:45:43] Epoch 22: Loss=5.867222, Train RMSE=5.969040, Test RMSE=5.977804, Time=30.299 sec
[16:46:13] Epoch 23: Loss=5.854533, Train RMSE=5.954371, Test RMSE=5.963303, Time=29.833 sec
[16:46:43] Epoch 24: Loss=5.844519, Train RMSE=6.072590, Test RMSE=6.083818, Time=30.636 sec
[16:47:27] Epoch 25: Loss=5.833216, Train RMSE=5.933601, Test RMSE=5.942971, Time=43.924 sec
[16:47:57] Epoch 26: Loss=5.815055, Train RMSE=5.992906, Test RMSE=6.001009, Time=29.954 sec
[16:48:27] Epoch 27: Loss=5.815380, Train RMSE=5.899494, Test RMSE=5.909075, Time=29.874 sec
[16:48:56] Epoch 28: Loss=5.800554, Train RMSE=5.912326, Test RMSE=5.921765, Time=29.217 sec
[16:49:25] Epoch 29: Loss=5.787436, Train RMSE=5.929551, Test RMSE=5.938197, Time=28.993 sec
[16:49:55] Epoch 30: Loss=5.786535, Train RMSE=5.880965, Test RMSE=5.892439, Time=29.542 sec
[16:50:25] Epoch 31: Loss=5.768407, Train RMSE=5.912095, Test RMSE=5.920412, Time=29.534 sec
[16:50:55] Epoch 32: Loss=5.771435, Train RMSE=5.860750, Test RMSE=5.870922, Time=30.153 sec
[16:51:24] Epoch 33: Loss=5.759590, Train RMSE=5.867487, Test RMSE=5.877578, Time=28.976 sec
[16:51:54] Epoch 34: Loss=5.750882, Train RMSE=5.854912, Test RMSE=5.864411, Time=30.182 sec
[16:52:23] Epoch 35: Loss=5.745241, Train RMSE=6.318399, Test RMSE=6.325956, Time=29.332 sec
[16:52:52] Epoch 36: Loss=5.735632, Train RMSE=5.930005, Test RMSE=5.937195, Time=28.273 sec
[16:53:47] Epoch 37: Loss=5.727533, Train RMSE=5.839679, Test RMSE=5.848129, Time=55.191 sec
[16:54:20] Epoch 38: Loss=5.718715, Train RMSE=5.816906, Test RMSE=5.829443, Time=33.741 sec
[16:54:50] Epoch 39: Loss=5.710349, Train RMSE=5.860826, Test RMSE=5.869288, Time=29.334 sec
[16:55:18] Epoch 40: Loss=5.706325, Train RMSE=5.833232, Test RMSE=5.842510, Time=27.831 sec
[16:55:45] Epoch 41: Loss=5.696389, Train RMSE=5.880027, Test RMSE=5.889025, Time=27.085 sec
[16:56:14] Epoch 42: Loss=5.692496, Train RMSE=5.855107, Test RMSE=5.863768, Time=28.755 sec
[16:56:45] Epoch 43: Loss=5.682479, Train RMSE=5.852529, Test RMSE=5.861229, Time=31.730 sec
[16:57:33] Epoch 44: Loss=5.681897, Train RMSE=5.805329, Test RMSE=5.816123, Time=47.372 sec
[16:58:00] Epoch 45: Loss=5.669768, Train RMSE=5.839041, Test RMSE=5.846951, Time=27.158 sec
[16:58:28] Epoch 46: Loss=5.664757, Train RMSE=5.922323, Test RMSE=5.932412, Time=27.702 sec
[16:58:56] Epoch 47: Loss=5.653915, Train RMSE=5.852765, Test RMSE=5.860411, Time=28.404 sec
[16:59:27] Epoch 48: Loss=5.649382, Train RMSE=5.838559, Test RMSE=5.845512, Time=31.233 sec
[16:59:56] Epoch 49: Loss=5.646779, Train RMSE=5.833404, Test RMSE=5.840336, Time=28.951 sec
[17:00:24] Epoch 50: Loss=5.633925, Train RMSE=5.834830, Test RMSE=5.842685, Time=28.068 sec
[17:00:53] Epoch 51: Loss=5.632280, Train RMSE=5.811157, Test RMSE=5.819059, Time=28.758 sec
[17:01:22] Epoch 52: Loss=5.629831, Train RMSE=5.766729, Test RMSE=5.775543, Time=29.478 sec
[17:01:51] Epoch 53: Loss=5.617003, Train RMSE=5.825186, Test RMSE=5.832658, Time=28.084 sec
[17:02:18] Epoch 54: Loss=5.617087, Train RMSE=5.761820, Test RMSE=5.770688, Time=27.019 sec
[17:02:47] Epoch 55: Loss=5.605618, Train RMSE=5.762026, Test RMSE=5.770857, Time=28.941 sec
[17:03:23] Epoch 56: Loss=5.597840, Train RMSE=6.172646, Test RMSE=6.176678, Time=36.316 sec
[17:03:53] Epoch 57: Loss=5.598980, Train RMSE=5.754846, Test RMSE=5.763373, Time=29.741 sec
[17:04:47] Epoch 58: Loss=5.585718, Train RMSE=5.802770, Test RMSE=5.809530, Time=54.491 sec
[17:05:25] Epoch 59: Loss=5.589849, Train RMSE=5.792304, Test RMSE=5.798966, Time=37.982 sec
[17:05:54] Epoch 60: Loss=5.579530, Train RMSE=5.742525, Test RMSE=5.749801, Time=28.412 sec
[17:06:22] Epoch 61: Loss=5.573367, Train RMSE=5.813045, Test RMSE=5.821463, Time=27.943 sec
[17:06:51] Epoch 62: Loss=5.559536, Train RMSE=5.758023, Test RMSE=5.765044, Time=29.926 sec
[17:07:20] Epoch 63: Loss=5.558218, Train RMSE=5.759592, Test RMSE=5.766399, Time=28.846 sec
[17:08:06] Epoch 64: Loss=5.554132, Train RMSE=5.763368, Test RMSE=5.770832, Time=45.851 sec
[17:08:31] Epoch 65: Loss=5.552259, Train RMSE=5.735423, Test RMSE=5.742842, Time=25.332 sec
[17:08:56] Epoch 66: Loss=5.546949, Train RMSE=5.725470, Test RMSE=5.733608, Time=24.845 sec
[17:09:25] Epoch 67: Loss=5.544585, Train RMSE=5.682652, Test RMSE=5.692487, Time=28.219 sec
[17:09:53] Epoch 68: Loss=5.522401, Train RMSE=5.801279, Test RMSE=5.808380, Time=28.026 sec
[17:10:21] Epoch 69: Loss=5.527768, Train RMSE=5.768376, Test RMSE=5.775463, Time=28.852 sec
[17:10:48] Epoch 70: Loss=5.520996, Train RMSE=5.744061, Test RMSE=5.750880, Time=26.139 sec
[17:11:15] Epoch 71: Loss=5.518102, Train RMSE=5.922982, Test RMSE=5.932468, Time=26.914 sec
[17:11:41] Epoch 72: Loss=5.506813, Train RMSE=5.708241, Test RMSE=5.715917, Time=26.746 sec
[17:12:12] Epoch 73: Loss=5.501700, Train RMSE=5.922628, Test RMSE=5.927076, Time=30.697 sec
[17:12:41] Epoch 74: Loss=5.509680, Train RMSE=5.680117, Test RMSE=5.689237, Time=28.874 sec
[17:13:08] Epoch 75: Loss=5.494554, Train RMSE=5.759527, Test RMSE=5.766639, Time=27.012 sec
[17:13:35] Epoch 76: Loss=5.490929, Train RMSE=5.797619, Test RMSE=5.807137, Time=27.129 sec
[17:14:01] Epoch 77: Loss=5.483419, Train RMSE=5.695744, Test RMSE=5.704881, Time=26.405 sec
[17:14:28] Epoch 78: Loss=5.476652, Train RMSE=5.695793, Test RMSE=5.703899, Time=26.916 sec
[17:14:55] Epoch 79: Loss=5.467760, Train RMSE=5.712656, Test RMSE=5.721360, Time=26.325 sec
[17:15:33] Epoch 80: Loss=5.469861, Train RMSE=5.668278, Test RMSE=5.678229, Time=38.734 sec
[17:16:25] Epoch 81: Loss=5.459323, Train RMSE=5.712094, Test RMSE=5.721483, Time=51.768 sec
[17:16:55] Epoch 82: Loss=5.452375, Train RMSE=5.703153, Test RMSE=5.711667, Time=29.536 sec
[17:17:23] Epoch 83: Loss=5.443353, Train RMSE=5.707061, Test RMSE=5.717994, Time=28.537 sec
[17:18:02] Epoch 84: Loss=5.440749, Train RMSE=5.695926, Test RMSE=5.706181, Time=38.832 sec
[17:18:36] Epoch 85: Loss=5.439248, Train RMSE=5.660168, Test RMSE=5.670494, Time=33.842 sec
[17:19:04] Epoch 86: Loss=5.425142, Train RMSE=5.678915, Test RMSE=5.690624, Time=28.201 sec
[17:19:31] Epoch 87: Loss=5.424083, Train RMSE=5.640865, Test RMSE=5.653110, Time=26.376 sec
[17:19:58] Epoch 88: Loss=5.416568, Train RMSE=6.080196, Test RMSE=6.086738, Time=27.074 sec
[17:20:25] Epoch 89: Loss=5.406061, Train RMSE=5.879724, Test RMSE=5.888305, Time=27.559 sec
[17:20:52] Epoch 90: Loss=5.402320, Train RMSE=5.709817, Test RMSE=5.721290, Time=26.749 sec
[17:21:19] Epoch 91: Loss=5.396422, Train RMSE=5.672749, Test RMSE=5.684940, Time=26.658 sec
[17:21:46] Epoch 92: Loss=5.393030, Train RMSE=5.628574, Test RMSE=5.643204, Time=27.441 sec
[17:22:14] Epoch 93: Loss=5.378567, Train RMSE=5.712413, Test RMSE=5.724456, Time=27.355 sec
[17:22:40] Epoch 94: Loss=5.378239, Train RMSE=5.613166, Test RMSE=5.626848, Time=26.521 sec
[17:23:08] Epoch 95: Loss=5.370369, Train RMSE=5.631313, Test RMSE=5.645502, Time=27.942 sec
[17:23:36] Epoch 96: Loss=5.357472, Train RMSE=5.589148, Test RMSE=5.603389, Time=27.728 sec
[17:24:03] Epoch 97: Loss=5.355022, Train RMSE=5.649307, Test RMSE=5.662662, Time=27.364 sec
[17:24:31] Epoch 98: Loss=5.351853, Train RMSE=5.648731, Test RMSE=5.666056, Time=27.427 sec
[17:24:58] Epoch 99: Loss=5.338645, Train RMSE=5.627370, Test RMSE=5.643922, Time=27.349 sec
[17:25:24] Epoch 100: Loss=5.331218, Train RMSE=5.696453, Test RMSE=5.713225, Time=26.189 sec
[17:25:50] Epoch 101: Loss=5.323601, Train RMSE=5.662882, Test RMSE=5.676892, Time=25.379 sec
[17:26:15] Epoch 102: Loss=5.318839, Train RMSE=5.600497, Test RMSE=5.615952, Time=25.380 sec
[17:26:59] Epoch 103: Loss=5.311178, Train RMSE=5.550054, Test RMSE=5.567682, Time=43.916 sec
[17:27:42] Epoch 104: Loss=5.303512, Train RMSE=5.623173, Test RMSE=5.642472, Time=43.182 sec
[17:28:08] Epoch 105: Loss=5.291844, Train RMSE=5.558091, Test RMSE=5.576142, Time=26.055 sec
[17:28:58] Epoch 106: Loss=5.286214, Train RMSE=5.527084, Test RMSE=5.547598, Time=49.911 sec
[17:29:29] Epoch 107: Loss=5.272601, Train RMSE=5.873975, Test RMSE=5.896384, Time=30.987 sec
[17:29:57] Epoch 108: Loss=5.269314, Train RMSE=5.578188, Test RMSE=5.599197, Time=27.490 sec
[17:30:24] Epoch 109: Loss=5.262678, Train RMSE=5.668157, Test RMSE=5.687652, Time=27.476 sec
[17:30:50] Epoch 110: Loss=5.249475, Train RMSE=5.534640, Test RMSE=5.556772, Time=26.261 sec
[17:31:17] Epoch 111: Loss=5.246785, Train RMSE=5.418285, Test RMSE=5.444196, Time=26.421 sec
[17:31:44] Epoch 112: Loss=5.233039, Train RMSE=5.538713, Test RMSE=5.565142, Time=26.863 sec
[17:32:11] Epoch 113: Loss=5.230838, Train RMSE=5.410213, Test RMSE=5.436757, Time=27.834 sec
[17:32:38] Epoch 114: Loss=5.216067, Train RMSE=5.489629, Test RMSE=5.513556, Time=26.263 sec
[17:33:04] Epoch 115: Loss=5.206100, Train RMSE=5.455671, Test RMSE=5.481829, Time=26.600 sec
[17:33:30] Epoch 116: Loss=5.202220, Train RMSE=5.652843, Test RMSE=5.681639, Time=26.148 sec
[17:33:56] Epoch 117: Loss=5.196015, Train RMSE=5.512484, Test RMSE=5.540029, Time=25.743 sec
[17:34:21] Epoch 118: Loss=5.185932, Train RMSE=5.433979, Test RMSE=5.460977, Time=25.201 sec
[17:34:47] Epoch 119: Loss=5.176089, Train RMSE=5.439544, Test RMSE=5.466615, Time=25.600 sec
[17:35:13] Epoch 120: Loss=5.166994, Train RMSE=5.471384, Test RMSE=5.496853, Time=25.945 sec
[17:35:39] Epoch 121: Loss=5.163593, Train RMSE=5.407905, Test RMSE=5.437153, Time=26.035 sec
[17:36:05] Epoch 122: Loss=5.152118, Train RMSE=5.596835, Test RMSE=5.627948, Time=26.171 sec
[17:36:32] Epoch 123: Loss=5.144051, Train RMSE=5.365069, Test RMSE=5.396794, Time=27.009 sec
[17:36:59] Epoch 124: Loss=5.136322, Train RMSE=5.304679, Test RMSE=5.335386, Time=26.436 sec
[17:37:27] Epoch 125: Loss=5.120632, Train RMSE=5.435741, Test RMSE=5.468235, Time=28.548 sec
[17:38:16] Epoch 126: Loss=5.123292, Train RMSE=5.410761, Test RMSE=5.440257, Time=49.210 sec
[17:39:10] Epoch 127: Loss=5.114835, Train RMSE=5.364505, Test RMSE=5.398900, Time=53.787 sec
[17:39:36] Epoch 128: Loss=5.101025, Train RMSE=5.394362, Test RMSE=5.430029, Time=26.102 sec
[17:40:02] Epoch 129: Loss=5.095370, Train RMSE=5.313810, Test RMSE=5.349860, Time=25.987 sec
[17:40:29] Epoch 130: Loss=5.084888, Train RMSE=5.411453, Test RMSE=5.444149, Time=26.211 sec
[17:40:56] Epoch 131: Loss=5.083610, Train RMSE=5.345896, Test RMSE=5.385528, Time=27.646 sec
[17:41:23] Epoch 132: Loss=5.071971, Train RMSE=5.534329, Test RMSE=5.568790, Time=26.734 sec
[17:41:49] Epoch 133: Loss=5.068886, Train RMSE=5.345490, Test RMSE=5.379424, Time=26.362 sec
[17:42:16] Epoch 134: Loss=5.062204, Train RMSE=5.246365, Test RMSE=5.286788, Time=26.399 sec
[17:42:45] Epoch 135: Loss=5.053717, Train RMSE=5.253791, Test RMSE=5.295209, Time=28.946 sec
[17:43:14] Epoch 136: Loss=5.043332, Train RMSE=5.257848, Test RMSE=5.297106, Time=29.706 sec
[17:43:44] Epoch 137: Loss=5.037564, Train RMSE=5.207985, Test RMSE=5.248965, Time=29.110 sec
[17:44:12] Epoch 138: Loss=5.034353, Train RMSE=5.124758, Test RMSE=5.172907, Time=28.253 sec
[17:44:38] Epoch 139: Loss=5.029379, Train RMSE=5.502637, Test RMSE=5.542780, Time=26.211 sec
[17:45:03] Epoch 140: Loss=5.017632, Train RMSE=5.194309, Test RMSE=5.233194, Time=25.337 sec
[17:45:31] Epoch 141: Loss=5.008699, Train RMSE=5.316671, Test RMSE=5.360971, Time=27.974 sec
[17:46:00] Epoch 142: Loss=5.008796, Train RMSE=5.197986, Test RMSE=5.243777, Time=28.924 sec
[17:46:28] Epoch 143: Loss=4.998572, Train RMSE=5.238097, Test RMSE=5.278852, Time=27.942 sec
[17:46:58] Epoch 144: Loss=4.998443, Train RMSE=5.196112, Test RMSE=5.244833, Time=29.568 sec
[17:47:30] Epoch 145: Loss=4.988912, Train RMSE=5.266415, Test RMSE=5.311149, Time=32.434 sec
[17:48:00] Epoch 146: Loss=4.990016, Train RMSE=5.217580, Test RMSE=5.263003, Time=29.841 sec
[17:48:31] Epoch 147: Loss=4.980545, Train RMSE=5.138509, Test RMSE=5.187495, Time=30.525 sec
[17:49:17] Epoch 148: Loss=4.973098, Train RMSE=5.151421, Test RMSE=5.203710, Time=46.653 sec
[17:50:07] Epoch 149: Loss=4.971736, Train RMSE=5.134013, Test RMSE=5.185011, Time=49.407 sec
[17:50:35] Epoch 150: Loss=4.962896, Train RMSE=5.047239, Test RMSE=5.098013, Time=27.990 sec
[17:51:02] Epoch 151: Loss=4.960197, Train RMSE=5.202924, Test RMSE=5.258194, Time=27.519 sec
[17:51:29] Epoch 152: Loss=4.955306, Train RMSE=5.055382, Test RMSE=5.104013, Time=27.072 sec
[17:51:57] Epoch 153: Loss=4.953021, Train RMSE=5.130158, Test RMSE=5.186170, Time=27.784 sec
[17:52:25] Epoch 154: Loss=4.939407, Train RMSE=5.061760, Test RMSE=5.112385, Time=27.258 sec
[17:52:51] Epoch 155: Loss=4.941718, Train RMSE=5.129332, Test RMSE=5.184240, Time=26.912 sec
[17:53:22] Epoch 156: Loss=4.933039, Train RMSE=5.144032, Test RMSE=5.195777, Time=30.279 sec
[17:53:52] Epoch 157: Loss=4.938295, Train RMSE=5.038132, Test RMSE=5.097814, Time=30.493 sec
[17:54:23] Epoch 158: Loss=4.926114, Train RMSE=5.328997, Test RMSE=5.374804, Time=30.556 sec
[17:54:54] Epoch 159: Loss=4.920206, Train RMSE=5.187943, Test RMSE=5.251475, Time=31.177 sec
[17:55:25] Epoch 160: Loss=4.924324, Train RMSE=6.180515, Test RMSE=6.217175, Time=30.596 sec

