===============================
Start experiment at Mon Sep 29 03:38:33 UTC 2025
Config: batch_size=128, hidden=30, lr=0.001, epochs=100
[03:38:35] Running experiment with batch_size=128, hidden=30, lr=0.001, epochs=100, glob_interval=200, shuffle=True
[03:38:45] Data loading time: 10.240 sec
[03:39:14] Epoch 1: MSELoss=31.657376, Train RMSE=7.631131, Test RMSE=7.602180, Time=28.762 sec
[03:39:41] Epoch 2: MSELoss=28.483526, Train RMSE=7.479112, Test RMSE=7.450539, Time=27.357 sec
[03:40:08] Epoch 3: MSELoss=27.595255, Train RMSE=7.386669, Test RMSE=7.358330, Time=27.049 sec
[03:40:35] Epoch 4: MSELoss=27.016112, Train RMSE=7.320321, Test RMSE=7.292241, Time=26.588 sec
[03:41:01] Epoch 5: MSELoss=26.585943, Train RMSE=7.268134, Test RMSE=7.240212, Time=26.056 sec
[03:41:43] Epoch 6: MSELoss=26.238166, Train RMSE=7.225438, Test RMSE=7.197759, Time=41.626 sec
[03:42:23] Epoch 7: MSELoss=25.937261, Train RMSE=7.184890, Test RMSE=7.157505, Time=40.002 sec
[03:42:49] Epoch 8: MSELoss=25.656995, Train RMSE=7.147055, Test RMSE=7.119871, Time=26.468 sec
[03:43:15] Epoch 9: MSELoss=25.378504, Train RMSE=7.108478, Test RMSE=7.081500, Time=26.113 sec
[03:43:41] Epoch 10: MSELoss=25.089791, Train RMSE=7.066914, Test RMSE=7.040266, Time=25.946 sec
[03:44:07] Epoch 11: MSELoss=24.784219, Train RMSE=7.023066, Test RMSE=6.996729, Time=26.019 sec
[03:44:34] Epoch 12: MSELoss=24.458266, Train RMSE=6.976280, Test RMSE=6.950152, Time=26.179 sec
[03:45:00] Epoch 13: MSELoss=24.118315, Train RMSE=6.925749, Test RMSE=6.899768, Time=26.885 sec
[03:45:26] Epoch 14: MSELoss=23.759098, Train RMSE=6.874636, Test RMSE=6.848817, Time=25.874 sec
[03:45:52] Epoch 15: MSELoss=23.387903, Train RMSE=6.820915, Test RMSE=6.795186, Time=26.089 sec
[03:46:18] Epoch 16: MSELoss=23.006171, Train RMSE=6.764909, Test RMSE=6.739344, Time=25.635 sec
[03:46:44] Epoch 17: MSELoss=22.618245, Train RMSE=6.709083, Test RMSE=6.683680, Time=25.556 sec
[03:47:10] Epoch 18: MSELoss=22.229206, Train RMSE=6.651042, Test RMSE=6.625806, Time=25.909 sec
[03:47:36] Epoch 19: MSELoss=21.833538, Train RMSE=6.594688, Test RMSE=6.569533, Time=25.940 sec
[03:48:02] Epoch 20: MSELoss=21.450604, Train RMSE=6.535586, Test RMSE=6.510590, Time=26.187 sec
[03:48:28] Epoch 21: MSELoss=21.061527, Train RMSE=6.478527, Test RMSE=6.453613, Time=26.498 sec
[03:48:58] Epoch 22: MSELoss=20.685434, Train RMSE=6.422921, Test RMSE=6.398153, Time=29.260 sec
[03:49:24] Epoch 23: MSELoss=20.319376, Train RMSE=6.365534, Test RMSE=6.340861, Time=26.836 sec
[03:49:50] Epoch 24: MSELoss=19.967032, Train RMSE=6.313191, Test RMSE=6.288734, Time=25.835 sec
[03:50:17] Epoch 25: MSELoss=19.626791, Train RMSE=6.259941, Test RMSE=6.235619, Time=26.492 sec
[03:50:42] Epoch 26: MSELoss=19.306162, Train RMSE=6.210534, Test RMSE=6.186414, Time=25.266 sec
[03:51:07] Epoch 27: MSELoss=19.007474, Train RMSE=6.162203, Test RMSE=6.138236, Time=25.018 sec
[03:51:54] Epoch 28: MSELoss=18.720958, Train RMSE=6.118871, Test RMSE=6.095065, Time=47.046 sec
[03:52:19] Epoch 29: MSELoss=18.464902, Train RMSE=6.075370, Test RMSE=6.051869, Time=25.238 sec
[03:53:11] Epoch 30: MSELoss=18.209482, Train RMSE=6.035979, Test RMSE=6.012550, Time=51.500 sec
[03:53:36] Epoch 31: MSELoss=17.982587, Train RMSE=5.998615, Test RMSE=5.975245, Time=24.890 sec
[03:54:00] Epoch 32: MSELoss=17.759105, Train RMSE=5.965939, Test RMSE=5.942662, Time=24.630 sec
[03:54:26] Epoch 33: MSELoss=17.567751, Train RMSE=5.931493, Test RMSE=5.908275, Time=25.665 sec
[03:54:51] Epoch 34: MSELoss=17.385000, Train RMSE=5.899607, Test RMSE=5.876453, Time=24.787 sec
[03:55:20] Epoch 35: MSELoss=17.204318, Train RMSE=5.873252, Test RMSE=5.849961, Time=29.367 sec
[03:55:50] Epoch 36: MSELoss=17.046437, Train RMSE=5.846909, Test RMSE=5.823444, Time=29.425 sec
[03:56:17] Epoch 37: MSELoss=16.898085, Train RMSE=5.822503, Test RMSE=5.798902, Time=27.489 sec
[03:56:46] Epoch 38: MSELoss=16.764745, Train RMSE=5.793960, Test RMSE=5.770220, Time=28.729 sec
[03:57:15] Epoch 39: MSELoss=16.620411, Train RMSE=5.774724, Test RMSE=5.750709, Time=28.876 sec
[03:57:45] Epoch 40: MSELoss=16.502231, Train RMSE=5.752824, Test RMSE=5.728598, Time=29.882 sec
[03:58:14] Epoch 41: MSELoss=16.380193, Train RMSE=5.734071, Test RMSE=5.709591, Time=29.310 sec
[03:58:42] Epoch 42: MSELoss=16.279207, Train RMSE=5.711213, Test RMSE=5.686606, Time=27.757 sec
[03:59:09] Epoch 43: MSELoss=16.163094, Train RMSE=5.693961, Test RMSE=5.669055, Time=27.303 sec
[03:59:36] Epoch 44: MSELoss=16.065367, Train RMSE=5.676252, Test RMSE=5.651133, Time=27.258 sec
[04:00:04] Epoch 45: MSELoss=15.966029, Train RMSE=5.660770, Test RMSE=5.635477, Time=27.818 sec
[04:00:31] Epoch 46: MSELoss=15.879682, Train RMSE=5.643272, Test RMSE=5.617837, Time=27.110 sec
[04:00:58] Epoch 47: MSELoss=15.791897, Train RMSE=5.627826, Test RMSE=5.602277, Time=26.728 sec
[04:01:25] Epoch 48: MSELoss=15.711187, Train RMSE=5.612247, Test RMSE=5.586602, Time=26.853 sec
[04:02:12] Epoch 49: MSELoss=15.631181, Train RMSE=5.597480, Test RMSE=5.571734, Time=47.097 sec
[04:02:38] Epoch 50: MSELoss=15.550569, Train RMSE=5.585728, Test RMSE=5.559974, Time=26.106 sec
[04:03:04] Epoch 51: MSELoss=15.479951, Train RMSE=5.572862, Test RMSE=5.547113, Time=26.139 sec
[04:03:53] Epoch 52: MSELoss=15.418136, Train RMSE=5.559722, Test RMSE=5.533894, Time=48.912 sec
[04:04:27] Epoch 53: MSELoss=15.342431, Train RMSE=5.548772, Test RMSE=5.523013, Time=33.378 sec
[04:04:53] Epoch 54: MSELoss=15.275707, Train RMSE=5.538061, Test RMSE=5.512594, Time=26.258 sec
[04:05:19] Epoch 55: MSELoss=15.215505, Train RMSE=5.527653, Test RMSE=5.502358, Time=26.616 sec
[04:05:45] Epoch 56: MSELoss=15.159776, Train RMSE=5.518505, Test RMSE=5.493289, Time=26.004 sec
[04:06:12] Epoch 57: MSELoss=15.108672, Train RMSE=5.504189, Test RMSE=5.479077, Time=26.522 sec
[04:06:38] Epoch 58: MSELoss=15.049403, Train RMSE=5.495433, Test RMSE=5.470712, Time=26.147 sec
[04:07:04] Epoch 59: MSELoss=14.996379, Train RMSE=5.486008, Test RMSE=5.461593, Time=25.721 sec
[04:07:30] Epoch 60: MSELoss=14.949143, Train RMSE=5.476953, Test RMSE=5.452800, Time=26.333 sec
[04:07:56] Epoch 61: MSELoss=14.898309, Train RMSE=5.468452, Test RMSE=5.444681, Time=26.115 sec
[04:08:23] Epoch 62: MSELoss=14.850438, Train RMSE=5.460924, Test RMSE=5.437571, Time=27.042 sec
[04:08:50] Epoch 63: MSELoss=14.812531, Train RMSE=5.450544, Test RMSE=5.427313, Time=26.910 sec
[04:09:17] Epoch 64: MSELoss=14.761877, Train RMSE=5.445786, Test RMSE=5.423068, Time=26.606 sec
[04:09:43] Epoch 65: MSELoss=14.717829, Train RMSE=5.439715, Test RMSE=5.417391, Time=26.318 sec
[04:10:10] Epoch 66: MSELoss=14.679249, Train RMSE=5.429877, Test RMSE=5.407864, Time=26.540 sec
[04:10:39] Epoch 67: MSELoss=14.637402, Train RMSE=5.423460, Test RMSE=5.401843, Time=28.796 sec
[04:11:05] Epoch 68: MSELoss=14.601380, Train RMSE=5.415138, Test RMSE=5.393791, Time=26.599 sec
[04:11:32] Epoch 69: MSELoss=14.560208, Train RMSE=5.408856, Test RMSE=5.387845, Time=26.232 sec
[04:11:58] Epoch 70: MSELoss=14.527079, Train RMSE=5.401580, Test RMSE=5.380815, Time=26.922 sec
[04:12:47] Epoch 71: MSELoss=14.493082, Train RMSE=5.394134, Test RMSE=5.373626, Time=48.743 sec
[04:13:13] Epoch 72: MSELoss=14.456656, Train RMSE=5.387904, Test RMSE=5.367716, Time=26.111 sec
[04:13:40] Epoch 73: MSELoss=14.423861, Train RMSE=5.381690, Test RMSE=5.361794, Time=26.661 sec
[04:14:06] Epoch 74: MSELoss=14.390366, Train RMSE=5.377145, Test RMSE=5.357584, Time=25.738 sec
[04:14:58] Epoch 75: MSELoss=14.363683, Train RMSE=5.369340, Test RMSE=5.350016, Time=52.544 sec
[04:15:28] Epoch 76: MSELoss=14.329190, Train RMSE=5.364235, Test RMSE=5.345188, Time=29.404 sec
[04:15:54] Epoch 77: MSELoss=14.299319, Train RMSE=5.357692, Test RMSE=5.338897, Time=26.613 sec
[04:16:21] Epoch 78: MSELoss=14.266780, Train RMSE=5.352716, Test RMSE=5.334200, Time=26.235 sec
[04:16:47] Epoch 79: MSELoss=14.236740, Train RMSE=5.347887, Test RMSE=5.329634, Time=26.812 sec
[04:17:15] Epoch 80: MSELoss=14.210386, Train RMSE=5.342596, Test RMSE=5.324592, Time=27.336 sec
[04:17:41] Epoch 81: MSELoss=14.182345, Train RMSE=5.337935, Test RMSE=5.320145, Time=26.654 sec
[04:18:08] Epoch 82: MSELoss=14.157479, Train RMSE=5.331516, Test RMSE=5.314029, Time=26.922 sec
[04:18:34] Epoch 83: MSELoss=14.132520, Train RMSE=5.325140, Test RMSE=5.307865, Time=25.481 sec
[04:18:59] Epoch 84: MSELoss=14.102832, Train RMSE=5.321601, Test RMSE=5.304550, Time=25.241 sec
[04:19:25] Epoch 85: MSELoss=14.076190, Train RMSE=5.317532, Test RMSE=5.300684, Time=25.995 sec
[04:19:51] Epoch 86: MSELoss=14.052003, Train RMSE=5.313540, Test RMSE=5.296911, Time=25.741 sec
[04:20:17] Epoch 87: MSELoss=14.032558, Train RMSE=5.307831, Test RMSE=5.291403, Time=26.280 sec
[04:20:43] Epoch 88: MSELoss=14.005410, Train RMSE=5.302819, Test RMSE=5.286696, Time=25.604 sec
[04:21:09] Epoch 89: MSELoss=13.975089, Train RMSE=5.300336, Test RMSE=5.284267, Time=26.017 sec
[04:21:34] Epoch 90: MSELoss=13.962340, Train RMSE=5.293305, Test RMSE=5.277568, Time=25.585 sec
[04:22:00] Epoch 91: MSELoss=13.934058, Train RMSE=5.289863, Test RMSE=5.274259, Time=25.968 sec
[04:22:27] Epoch 92: MSELoss=13.906286, Train RMSE=5.289181, Test RMSE=5.273594, Time=26.320 sec
[04:23:12] Epoch 93: MSELoss=13.893385, Train RMSE=5.283930, Test RMSE=5.268730, Time=45.285 sec
[04:23:39] Epoch 94: MSELoss=13.867802, Train RMSE=5.278568, Test RMSE=5.263434, Time=26.847 sec
[04:24:05] Epoch 95: MSELoss=13.843675, Train RMSE=5.276757, Test RMSE=5.261614, Time=25.849 sec
[04:24:31] Epoch 96: MSELoss=13.829750, Train RMSE=5.271252, Test RMSE=5.256361, Time=25.901 sec
[04:24:57] Epoch 97: MSELoss=13.807924, Train RMSE=5.269688, Test RMSE=5.254943, Time=26.204 sec
[04:25:45] Epoch 98: MSELoss=13.790158, Train RMSE=5.265273, Test RMSE=5.250760, Time=47.805 sec
[04:26:24] Epoch 99: MSELoss=13.769730, Train RMSE=5.258421, Test RMSE=5.244123, Time=39.155 sec
[04:26:50] Epoch 100: MSELoss=13.746281, Train RMSE=5.264206, Test RMSE=5.249949, Time=25.925 sec
===============================
Start experiment at Mon Sep 29 06:27:13 UTC 2025
Config: batch_size=128, hidden=20, lr=0.001, epochs=200
[06:27:15] Running experiment with batch_size=128, hidden=20, lr=0.001, epochs=200, glob_interval=200, shuffle=True
[06:27:30] Data loading time: 14.683 sec
[06:27:56] Epoch 1: MSELoss=31.844024, Train RMSE=7.656538, Test RMSE=7.659319, Time=26.394 sec
[06:28:23] Epoch 2: MSELoss=28.520934, Train RMSE=7.467100, Test RMSE=7.470446, Time=26.688 sec
[06:28:49] Epoch 3: MSELoss=27.424639, Train RMSE=7.354965, Test RMSE=7.358672, Time=25.848 sec
[06:29:14] Epoch 4: MSELoss=26.745526, Train RMSE=7.280589, Test RMSE=7.284668, Time=25.549 sec
[06:29:41] Epoch 5: MSELoss=26.279995, Train RMSE=7.226188, Test RMSE=7.230599, Time=26.422 sec
[06:30:07] Epoch 6: MSELoss=25.932746, Train RMSE=7.184582, Test RMSE=7.189037, Time=26.084 sec
[06:30:35] Epoch 7: MSELoss=25.657896, Train RMSE=7.150924, Test RMSE=7.155296, Time=28.161 sec
[06:31:01] Epoch 8: MSELoss=25.424944, Train RMSE=7.120587, Test RMSE=7.124966, Time=26.318 sec
[06:31:27] Epoch 9: MSELoss=25.219864, Train RMSE=7.093781, Test RMSE=7.098068, Time=25.663 sec
[06:32:14] Epoch 10: MSELoss=25.036417, Train RMSE=7.069249, Test RMSE=7.073471, Time=46.793 sec
[06:32:49] Epoch 11: MSELoss=24.866442, Train RMSE=7.045970, Test RMSE=7.050179, Time=34.736 sec
[06:33:14] Epoch 12: MSELoss=24.705882, Train RMSE=7.024658, Test RMSE=7.028780, Time=25.319 sec
[06:33:40] Epoch 13: MSELoss=24.556222, Train RMSE=7.003360, Test RMSE=7.007490, Time=25.719 sec
[06:34:05] Epoch 14: MSELoss=24.410228, Train RMSE=6.983841, Test RMSE=6.987945, Time=25.619 sec
[06:34:31] Epoch 15: MSELoss=24.271371, Train RMSE=6.965364, Test RMSE=6.969388, Time=26.021 sec
[06:35:02] Epoch 16: MSELoss=24.137883, Train RMSE=6.946449, Test RMSE=6.950460, Time=30.669 sec
[06:35:28] Epoch 17: MSELoss=24.009614, Train RMSE=6.929188, Test RMSE=6.933157, Time=25.981 sec
[06:35:53] Epoch 18: MSELoss=23.886316, Train RMSE=6.911959, Test RMSE=6.915898, Time=25.242 sec
[06:36:21] Epoch 19: MSELoss=23.766475, Train RMSE=6.895626, Test RMSE=6.899565, Time=27.256 sec
[06:36:47] Epoch 20: MSELoss=23.647289, Train RMSE=6.878883, Test RMSE=6.882857, Time=26.875 sec
[06:37:36] Epoch 21: MSELoss=23.529361, Train RMSE=6.862556, Test RMSE=6.866516, Time=48.285 sec
[06:38:02] Epoch 22: MSELoss=23.413211, Train RMSE=6.844736, Test RMSE=6.848758, Time=25.723 sec
[06:38:27] Epoch 23: MSELoss=23.298040, Train RMSE=6.829490, Test RMSE=6.833516, Time=25.399 sec
[06:38:53] Epoch 24: MSELoss=23.182353, Train RMSE=6.812501, Test RMSE=6.816607, Time=25.673 sec
[06:39:18] Epoch 25: MSELoss=23.068820, Train RMSE=6.795842, Test RMSE=6.800070, Time=25.433 sec
[06:39:44] Epoch 26: MSELoss=22.950418, Train RMSE=6.778428, Test RMSE=6.782729, Time=25.702 sec
[06:40:10] Epoch 27: MSELoss=22.832553, Train RMSE=6.761654, Test RMSE=6.766013, Time=26.047 sec
[06:40:35] Epoch 28: MSELoss=22.711023, Train RMSE=6.742207, Test RMSE=6.746648, Time=25.595 sec
[06:41:01] Epoch 29: MSELoss=22.584832, Train RMSE=6.724468, Test RMSE=6.728939, Time=25.457 sec
[06:41:27] Epoch 30: MSELoss=22.455196, Train RMSE=6.705974, Test RMSE=6.710460, Time=25.833 sec
[06:41:52] Epoch 31: MSELoss=22.321230, Train RMSE=6.684883, Test RMSE=6.689425, Time=25.683 sec
[06:42:19] Epoch 32: MSELoss=22.184342, Train RMSE=6.666417, Test RMSE=6.670999, Time=26.685 sec
[06:43:01] Epoch 33: MSELoss=22.049188, Train RMSE=6.645366, Test RMSE=6.649996, Time=42.135 sec
[06:43:50] Epoch 34: MSELoss=21.909053, Train RMSE=6.624691, Test RMSE=6.629367, Time=48.367 sec
[06:44:15] Epoch 35: MSELoss=21.768459, Train RMSE=6.602756, Test RMSE=6.607572, Time=25.647 sec
[06:44:41] Epoch 36: MSELoss=21.628075, Train RMSE=6.581443, Test RMSE=6.586349, Time=25.267 sec
[06:45:06] Epoch 37: MSELoss=21.483187, Train RMSE=6.560287, Test RMSE=6.565338, Time=25.272 sec
[06:45:31] Epoch 38: MSELoss=21.341073, Train RMSE=6.538307, Test RMSE=6.543385, Time=25.350 sec
[06:45:57] Epoch 39: MSELoss=21.196859, Train RMSE=6.514981, Test RMSE=6.520150, Time=25.852 sec
[06:46:22] Epoch 40: MSELoss=21.050379, Train RMSE=6.493898, Test RMSE=6.499072, Time=25.317 sec
[06:46:48] Epoch 41: MSELoss=20.901861, Train RMSE=6.470622, Test RMSE=6.475848, Time=25.355 sec
[06:47:13] Epoch 42: MSELoss=20.756033, Train RMSE=6.447304, Test RMSE=6.452602, Time=25.311 sec
[06:48:03] Epoch 43: MSELoss=20.603836, Train RMSE=6.424811, Test RMSE=6.430090, Time=50.347 sec
[06:48:32] Epoch 44: MSELoss=20.451517, Train RMSE=6.399774, Test RMSE=6.405164, Time=28.941 sec
[06:49:01] Epoch 45: MSELoss=20.299165, Train RMSE=6.374961, Test RMSE=6.380406, Time=28.416 sec
[06:49:28] Epoch 46: MSELoss=20.138997, Train RMSE=6.351383, Test RMSE=6.356881, Time=27.542 sec
[06:49:57] Epoch 47: MSELoss=19.977041, Train RMSE=6.324259, Test RMSE=6.329948, Time=28.694 sec
[06:50:29] Epoch 48: MSELoss=19.815892, Train RMSE=6.298552, Test RMSE=6.304303, Time=31.824 sec
[06:50:59] Epoch 49: MSELoss=19.645575, Train RMSE=6.271220, Test RMSE=6.277161, Time=30.063 sec
[06:51:31] Epoch 50: MSELoss=19.479573, Train RMSE=6.245624, Test RMSE=6.251662, Time=31.655 sec
[06:52:01] Epoch 51: MSELoss=19.313838, Train RMSE=6.218500, Test RMSE=6.224580, Time=30.044 sec
[06:52:31] Epoch 52: MSELoss=19.147175, Train RMSE=6.191179, Test RMSE=6.197260, Time=30.204 sec
[06:53:00] Epoch 53: MSELoss=18.988375, Train RMSE=6.164622, Test RMSE=6.170642, Time=29.209 sec
[06:53:30] Epoch 54: MSELoss=18.827859, Train RMSE=6.138932, Test RMSE=6.144915, Time=29.593 sec
[06:54:16] Epoch 55: MSELoss=18.672345, Train RMSE=6.113572, Test RMSE=6.119516, Time=46.534 sec
[06:55:02] Epoch 56: MSELoss=18.526368, Train RMSE=6.089428, Test RMSE=6.095193, Time=45.471 sec
[06:55:29] Epoch 57: MSELoss=18.383128, Train RMSE=6.067134, Test RMSE=6.072803, Time=27.334 sec
[06:55:55] Epoch 58: MSELoss=18.243097, Train RMSE=6.043020, Test RMSE=6.048614, Time=25.766 sec
[06:56:21] Epoch 59: MSELoss=18.115461, Train RMSE=6.023109, Test RMSE=6.028546, Time=25.769 sec
[06:56:47] Epoch 60: MSELoss=17.993565, Train RMSE=6.001832, Test RMSE=6.007207, Time=26.434 sec
[06:57:13] Epoch 61: MSELoss=17.876082, Train RMSE=5.982480, Test RMSE=5.987808, Time=25.930 sec
[06:57:39] Epoch 62: MSELoss=17.765420, Train RMSE=5.964275, Test RMSE=5.969562, Time=26.017 sec
[06:58:35] Epoch 63: MSELoss=17.662021, Train RMSE=5.946776, Test RMSE=5.952027, Time=56.153 sec
[06:59:01] Epoch 64: MSELoss=17.563557, Train RMSE=5.929194, Test RMSE=5.934376, Time=25.390 sec
[06:59:26] Epoch 65: MSELoss=17.471526, Train RMSE=5.913277, Test RMSE=5.918442, Time=25.853 sec
[06:59:53] Epoch 66: MSELoss=17.379806, Train RMSE=5.899875, Test RMSE=5.904887, Time=26.825 sec
[07:00:21] Epoch 67: MSELoss=17.300698, Train RMSE=5.884075, Test RMSE=5.889219, Time=27.411 sec
[07:00:47] Epoch 68: MSELoss=17.217398, Train RMSE=5.871602, Test RMSE=5.876700, Time=26.469 sec
[07:01:14] Epoch 69: MSELoss=17.144072, Train RMSE=5.858306, Test RMSE=5.863398, Time=26.355 sec
[07:01:40] Epoch 70: MSELoss=17.072533, Train RMSE=5.846229, Test RMSE=5.851411, Time=25.958 sec
[07:02:06] Epoch 71: MSELoss=17.002705, Train RMSE=5.834733, Test RMSE=5.839981, Time=25.952 sec
[07:02:32] Epoch 72: MSELoss=16.937775, Train RMSE=5.822986, Test RMSE=5.828350, Time=26.098 sec
[07:03:00] Epoch 73: MSELoss=16.875998, Train RMSE=5.812179, Test RMSE=5.817617, Time=28.742 sec
[07:03:27] Epoch 74: MSELoss=16.813818, Train RMSE=5.802280, Test RMSE=5.807802, Time=26.652 sec
[07:03:53] Epoch 75: MSELoss=16.758882, Train RMSE=5.792455, Test RMSE=5.798064, Time=26.014 sec
[07:04:19] Epoch 76: MSELoss=16.702182, Train RMSE=5.784065, Test RMSE=5.789657, Time=26.146 sec
[07:04:45] Epoch 77: MSELoss=16.649525, Train RMSE=5.773438, Test RMSE=5.779248, Time=25.820 sec
[07:05:26] Epoch 78: MSELoss=16.596751, Train RMSE=5.765015, Test RMSE=5.770908, Time=40.763 sec
[07:06:10] Epoch 79: MSELoss=16.547080, Train RMSE=5.756094, Test RMSE=5.762185, Time=44.472 sec
[07:06:38] Epoch 80: MSELoss=16.499404, Train RMSE=5.748431, Test RMSE=5.754567, Time=27.742 sec
[07:07:05] Epoch 81: MSELoss=16.452219, Train RMSE=5.739611, Test RMSE=5.746015, Time=26.562 sec
[07:07:30] Epoch 82: MSELoss=16.406935, Train RMSE=5.731829, Test RMSE=5.738290, Time=25.305 sec
[07:07:56] Epoch 83: MSELoss=16.362212, Train RMSE=5.724477, Test RMSE=5.731116, Time=26.323 sec
[07:08:24] Epoch 84: MSELoss=16.319856, Train RMSE=5.716080, Test RMSE=5.722888, Time=27.874 sec
[07:09:15] Epoch 85: MSELoss=16.278833, Train RMSE=5.709835, Test RMSE=5.716655, Time=51.133 sec
[07:09:40] Epoch 86: MSELoss=16.236397, Train RMSE=5.702030, Test RMSE=5.709012, Time=25.125 sec
[07:10:07] Epoch 87: MSELoss=16.195838, Train RMSE=5.694662, Test RMSE=5.701790, Time=26.800 sec
[07:10:34] Epoch 88: MSELoss=16.155012, Train RMSE=5.687658, Test RMSE=5.694929, Time=26.645 sec
[07:11:01] Epoch 89: MSELoss=16.118536, Train RMSE=5.680638, Test RMSE=5.688061, Time=26.884 sec
[07:11:28] Epoch 90: MSELoss=16.077169, Train RMSE=5.673834, Test RMSE=5.681381, Time=27.317 sec
[07:11:57] Epoch 91: MSELoss=16.039988, Train RMSE=5.667590, Test RMSE=5.675282, Time=28.535 sec
[07:12:25] Epoch 92: MSELoss=16.003853, Train RMSE=5.660249, Test RMSE=5.668131, Time=27.997 sec
[07:12:52] Epoch 93: MSELoss=15.966419, Train RMSE=5.652785, Test RMSE=5.660792, Time=27.273 sec
[07:13:20] Epoch 94: MSELoss=15.925865, Train RMSE=5.646587, Test RMSE=5.654680, Time=28.331 sec
[07:13:49] Epoch 95: MSELoss=15.888107, Train RMSE=5.639106, Test RMSE=5.647335, Time=28.385 sec
[07:14:17] Epoch 96: MSELoss=15.847376, Train RMSE=5.632380, Test RMSE=5.640721, Time=28.090 sec
[07:14:45] Epoch 97: MSELoss=15.808872, Train RMSE=5.625847, Test RMSE=5.634313, Time=27.937 sec
[07:15:13] Epoch 98: MSELoss=15.769253, Train RMSE=5.619082, Test RMSE=5.627627, Time=27.836 sec
[07:15:41] Epoch 99: MSELoss=15.732259, Train RMSE=5.612043, Test RMSE=5.620755, Time=28.160 sec
[07:16:09] Epoch 100: MSELoss=15.695489, Train RMSE=5.605028, Test RMSE=5.613830, Time=28.086 sec
[07:17:05] Epoch 101: MSELoss=15.656100, Train RMSE=5.599104, Test RMSE=5.607901, Time=56.040 sec
[07:17:42] Epoch 102: MSELoss=15.621096, Train RMSE=5.592298, Test RMSE=5.601172, Time=36.888 sec
[07:18:10] Epoch 103: MSELoss=15.582857, Train RMSE=5.585199, Test RMSE=5.594236, Time=28.149 sec
[07:18:38] Epoch 104: MSELoss=15.546106, Train RMSE=5.579504, Test RMSE=5.588493, Time=27.815 sec
[07:19:33] Epoch 105: MSELoss=15.510580, Train RMSE=5.572639, Test RMSE=5.581758, Time=54.872 sec
[07:19:58] Epoch 106: MSELoss=15.475943, Train RMSE=5.566248, Test RMSE=5.575480, Time=25.020 sec
[07:20:23] Epoch 107: MSELoss=15.440689, Train RMSE=5.560642, Test RMSE=5.569812, Time=24.959 sec
[07:20:47] Epoch 108: MSELoss=15.407417, Train RMSE=5.553828, Test RMSE=5.563192, Time=24.546 sec
[07:21:12] Epoch 109: MSELoss=15.373865, Train RMSE=5.547989, Test RMSE=5.557307, Time=24.982 sec
[07:21:37] Epoch 110: MSELoss=15.340993, Train RMSE=5.542540, Test RMSE=5.551919, Time=25.049 sec
[07:22:03] Epoch 111: MSELoss=15.308780, Train RMSE=5.536886, Test RMSE=5.546244, Time=25.298 sec
[07:22:28] Epoch 112: MSELoss=15.277956, Train RMSE=5.531153, Test RMSE=5.540620, Time=25.002 sec
[07:22:53] Epoch 113: MSELoss=15.247075, Train RMSE=5.525371, Test RMSE=5.534884, Time=24.997 sec
[07:23:19] Epoch 114: MSELoss=15.216017, Train RMSE=5.520212, Test RMSE=5.529661, Time=26.159 sec
[07:23:44] Epoch 115: MSELoss=15.187484, Train RMSE=5.515358, Test RMSE=5.524791, Time=25.146 sec
[07:24:09] Epoch 116: MSELoss=15.159071, Train RMSE=5.510566, Test RMSE=5.519972, Time=24.758 sec
[07:24:34] Epoch 117: MSELoss=15.131548, Train RMSE=5.506165, Test RMSE=5.515532, Time=25.594 sec
[07:25:00] Epoch 118: MSELoss=15.104278, Train RMSE=5.499948, Test RMSE=5.509497, Time=25.478 sec
[07:25:26] Epoch 119: MSELoss=15.078057, Train RMSE=5.495448, Test RMSE=5.504968, Time=25.770 sec
[07:25:51] Epoch 120: MSELoss=15.051304, Train RMSE=5.490846, Test RMSE=5.500315, Time=25.522 sec
[07:26:17] Epoch 121: MSELoss=15.024682, Train RMSE=5.486709, Test RMSE=5.496177, Time=25.965 sec
[07:26:43] Epoch 122: MSELoss=15.000809, Train RMSE=5.481742, Test RMSE=5.491251, Time=25.933 sec
[07:27:10] Epoch 123: MSELoss=14.976951, Train RMSE=5.477091, Test RMSE=5.486601, Time=26.870 sec
[07:27:46] Epoch 124: MSELoss=14.951049, Train RMSE=5.474050, Test RMSE=5.483392, Time=35.483 sec
[07:28:36] Epoch 125: MSELoss=14.930692, Train RMSE=5.468870, Test RMSE=5.478329, Time=50.182 sec
[07:29:04] Epoch 126: MSELoss=14.907310, Train RMSE=5.464716, Test RMSE=5.474186, Time=28.750 sec
[07:29:29] Epoch 127: MSELoss=14.884616, Train RMSE=5.460656, Test RMSE=5.470084, Time=24.674 sec
[07:30:21] Epoch 128: MSELoss=14.862468, Train RMSE=5.458342, Test RMSE=5.467571, Time=51.709 sec
[07:30:45] Epoch 129: MSELoss=14.842125, Train RMSE=5.454215, Test RMSE=5.463377, Time=23.736 sec
[07:31:09] Epoch 130: MSELoss=14.823577, Train RMSE=5.449627, Test RMSE=5.458930, Time=24.495 sec
[07:31:36] Epoch 131: MSELoss=14.803739, Train RMSE=5.445756, Test RMSE=5.455126, Time=26.520 sec
[07:32:03] Epoch 132: MSELoss=14.785029, Train RMSE=5.442356, Test RMSE=5.451693, Time=26.985 sec
[07:32:30] Epoch 133: MSELoss=14.766916, Train RMSE=5.438956, Test RMSE=5.448303, Time=27.753 sec
[07:32:56] Epoch 134: MSELoss=14.747901, Train RMSE=5.436056, Test RMSE=5.445289, Time=25.585 sec
[07:33:21] Epoch 135: MSELoss=14.730539, Train RMSE=5.433780, Test RMSE=5.442863, Time=24.568 sec
[07:33:46] Epoch 136: MSELoss=14.714426, Train RMSE=5.429598, Test RMSE=5.438772, Time=25.723 sec
[07:34:12] Epoch 137: MSELoss=14.697578, Train RMSE=5.426817, Test RMSE=5.435894, Time=25.999 sec
[07:34:37] Epoch 138: MSELoss=14.681759, Train RMSE=5.423733, Test RMSE=5.432833, Time=24.927 sec
[07:35:03] Epoch 139: MSELoss=14.665748, Train RMSE=5.421239, Test RMSE=5.430277, Time=25.486 sec
[07:35:28] Epoch 140: MSELoss=14.651038, Train RMSE=5.418415, Test RMSE=5.427408, Time=25.373 sec
[07:35:54] Epoch 141: MSELoss=14.635931, Train RMSE=5.415611, Test RMSE=5.424625, Time=25.995 sec
[07:36:20] Epoch 142: MSELoss=14.621707, Train RMSE=5.413271, Test RMSE=5.422130, Time=25.599 sec
[07:36:45] Epoch 143: MSELoss=14.607500, Train RMSE=5.411301, Test RMSE=5.420076, Time=25.108 sec
[07:37:10] Epoch 144: MSELoss=14.594272, Train RMSE=5.408224, Test RMSE=5.417010, Time=25.013 sec
[07:37:36] Epoch 145: MSELoss=14.579866, Train RMSE=5.406041, Test RMSE=5.414732, Time=25.975 sec
[07:38:03] Epoch 146: MSELoss=14.566595, Train RMSE=5.403510, Test RMSE=5.412207, Time=27.004 sec
[07:38:27] Epoch 147: MSELoss=14.554577, Train RMSE=5.401440, Test RMSE=5.410086, Time=24.567 sec
[07:39:05] Epoch 148: MSELoss=14.542478, Train RMSE=5.398334, Test RMSE=5.407075, Time=37.880 sec
[07:39:56] Epoch 149: MSELoss=14.528617, Train RMSE=5.396873, Test RMSE=5.405437, Time=50.509 sec
[07:40:23] Epoch 150: MSELoss=14.516321, Train RMSE=5.394322, Test RMSE=5.402848, Time=26.961 sec
[07:40:48] Epoch 151: MSELoss=14.505969, Train RMSE=5.391851, Test RMSE=5.400470, Time=24.741 sec
[07:41:13] Epoch 152: MSELoss=14.493472, Train RMSE=5.390143, Test RMSE=5.398619, Time=25.623 sec
[07:41:39] Epoch 153: MSELoss=14.482442, Train RMSE=5.388268, Test RMSE=5.396637, Time=25.674 sec
[07:42:04] Epoch 154: MSELoss=14.470723, Train RMSE=5.385511, Test RMSE=5.393928, Time=24.782 sec
[07:42:29] Epoch 155: MSELoss=14.459479, Train RMSE=5.383398, Test RMSE=5.391793, Time=24.769 sec
[07:42:55] Epoch 156: MSELoss=14.448319, Train RMSE=5.381436, Test RMSE=5.389815, Time=26.241 sec
[07:43:22] Epoch 157: MSELoss=14.437346, Train RMSE=5.380254, Test RMSE=5.388469, Time=27.030 sec
[07:43:49] Epoch 158: MSELoss=14.426844, Train RMSE=5.377516, Test RMSE=5.385843, Time=26.686 sec
[07:44:13] Epoch 159: MSELoss=14.416472, Train RMSE=5.375674, Test RMSE=5.383961, Time=24.475 sec
[07:44:39] Epoch 160: MSELoss=14.406183, Train RMSE=5.373881, Test RMSE=5.382098, Time=25.820 sec
[07:45:04] Epoch 161: MSELoss=14.395776, Train RMSE=5.371624, Test RMSE=5.379877, Time=25.566 sec
[07:45:30] Epoch 162: MSELoss=14.385280, Train RMSE=5.369720, Test RMSE=5.377937, Time=25.447 sec
[07:45:55] Epoch 163: MSELoss=14.375475, Train RMSE=5.368492, Test RMSE=5.376604, Time=25.506 sec
[07:46:21] Epoch 164: MSELoss=14.365388, Train RMSE=5.366144, Test RMSE=5.374318, Time=25.431 sec
[07:46:48] Epoch 165: MSELoss=14.355735, Train RMSE=5.364647, Test RMSE=5.372741, Time=27.256 sec
[07:47:13] Epoch 166: MSELoss=14.345091, Train RMSE=5.362660, Test RMSE=5.370834, Time=25.146 sec
[07:47:38] Epoch 167: MSELoss=14.335681, Train RMSE=5.361898, Test RMSE=5.369904, Time=24.994 sec
[07:48:04] Epoch 168: MSELoss=14.325935, Train RMSE=5.359394, Test RMSE=5.367456, Time=25.377 sec
[07:48:30] Epoch 169: MSELoss=14.316781, Train RMSE=5.357560, Test RMSE=5.365628, Time=26.538 sec
[07:48:58] Epoch 170: MSELoss=14.308136, Train RMSE=5.355663, Test RMSE=5.363751, Time=28.287 sec
[07:49:24] Epoch 171: MSELoss=14.298824, Train RMSE=5.353795, Test RMSE=5.361795, Time=25.256 sec
[07:49:49] Epoch 172: MSELoss=14.289373, Train RMSE=5.352700, Test RMSE=5.360586, Time=24.893 sec
[07:50:34] Epoch 173: MSELoss=14.280321, Train RMSE=5.350579, Test RMSE=5.358512, Time=45.581 sec
[07:51:17] Epoch 174: MSELoss=14.271437, Train RMSE=5.349041, Test RMSE=5.356938, Time=43.149 sec
[07:52:09] Epoch 175: MSELoss=14.262358, Train RMSE=5.347604, Test RMSE=5.355456, Time=51.266 sec
[07:52:32] Epoch 176: MSELoss=14.253631, Train RMSE=5.345746, Test RMSE=5.353632, Time=23.650 sec
[07:52:56] Epoch 177: MSELoss=14.244099, Train RMSE=5.344159, Test RMSE=5.352056, Time=23.491 sec
[07:53:20] Epoch 178: MSELoss=14.236510, Train RMSE=5.342458, Test RMSE=5.350260, Time=24.290 sec
[07:53:44] Epoch 179: MSELoss=14.227357, Train RMSE=5.340927, Test RMSE=5.348717, Time=23.936 sec
[07:54:08] Epoch 180: MSELoss=14.219110, Train RMSE=5.339455, Test RMSE=5.347270, Time=23.979 sec
[07:54:32] Epoch 181: MSELoss=14.210742, Train RMSE=5.337649, Test RMSE=5.345462, Time=24.041 sec
[07:54:56] Epoch 182: MSELoss=14.201818, Train RMSE=5.336477, Test RMSE=5.344183, Time=24.331 sec
[07:55:22] Epoch 183: MSELoss=14.193419, Train RMSE=5.334514, Test RMSE=5.342274, Time=25.600 sec
[07:55:47] Epoch 184: MSELoss=14.184447, Train RMSE=5.333179, Test RMSE=5.340843, Time=25.072 sec
[07:56:13] Epoch 185: MSELoss=14.177277, Train RMSE=5.331401, Test RMSE=5.339075, Time=25.808 sec
[07:56:39] Epoch 186: MSELoss=14.167729, Train RMSE=5.329745, Test RMSE=5.337402, Time=25.960 sec
[07:57:04] Epoch 187: MSELoss=14.159388, Train RMSE=5.329529, Test RMSE=5.337026, Time=25.244 sec
[07:57:29] Epoch 188: MSELoss=14.152340, Train RMSE=5.326611, Test RMSE=5.334223, Time=24.614 sec
[07:57:54] Epoch 189: MSELoss=14.142952, Train RMSE=5.326924, Test RMSE=5.334297, Time=25.311 sec
[07:58:19] Epoch 190: MSELoss=14.135457, Train RMSE=5.323521, Test RMSE=5.331151, Time=24.624 sec
[07:58:44] Epoch 191: MSELoss=14.126632, Train RMSE=5.322864, Test RMSE=5.330514, Time=25.037 sec
[07:59:09] Epoch 192: MSELoss=14.118730, Train RMSE=5.320809, Test RMSE=5.328341, Time=24.857 sec
[07:59:34] Epoch 193: MSELoss=14.111823, Train RMSE=5.319755, Test RMSE=5.327182, Time=24.872 sec
[07:59:59] Epoch 194: MSELoss=14.101781, Train RMSE=5.317349, Test RMSE=5.324859, Time=24.909 sec
[08:00:24] Epoch 195: MSELoss=14.094631, Train RMSE=5.316410, Test RMSE=5.323840, Time=25.640 sec
[08:00:49] Epoch 196: MSELoss=14.085573, Train RMSE=5.315268, Test RMSE=5.322686, Time=24.843 sec
[08:01:13] Epoch 197: MSELoss=14.079119, Train RMSE=5.313782, Test RMSE=5.321102, Time=24.266 sec
[08:02:28] Epoch 198: MSELoss=14.071426, Train RMSE=5.311725, Test RMSE=5.319102, Time=74.318 sec
[08:02:55] Epoch 199: MSELoss=14.062857, Train RMSE=5.310897, Test RMSE=5.318236, Time=27.478 sec
[08:03:19] Epoch 200: MSELoss=14.055728, Train RMSE=5.308932, Test RMSE=5.316422, Time=23.990 sec

===============================
Start experiment at Mon Sep 29 10:04:21 UTC 2025
Config: batch_size=128, hidden=20, lr=0.005, epochs=200
[10:04:23] Running experiment with batch_size=128, hidden=20, lr=0.005, epochs=200, glob_interval=200, shuffle=True
[10:04:37] Data loading time: 13.894 sec
[10:05:20] Epoch 1: MSELoss=28.153049, Train RMSE=7.230549, Test RMSE=7.244939, Time=43.102 sec
[10:05:59] Epoch 2: MSELoss=25.361815, Train RMSE=7.076452, Test RMSE=7.089961, Time=38.861 sec
[10:06:27] Epoch 3: MSELoss=24.454807, Train RMSE=6.977410, Test RMSE=6.990808, Time=27.893 sec
[10:06:54] Epoch 4: MSELoss=23.792140, Train RMSE=6.898524, Test RMSE=6.912166, Time=27.518 sec
[10:07:21] Epoch 5: MSELoss=23.213554, Train RMSE=6.818837, Test RMSE=6.832728, Time=26.900 sec
[10:07:49] Epoch 6: MSELoss=22.637285, Train RMSE=6.731923, Test RMSE=6.745779, Time=27.493 sec
[10:08:17] Epoch 7: MSELoss=21.992498, Train RMSE=6.643349, Test RMSE=6.656998, Time=28.304 sec
[10:09:07] Epoch 8: MSELoss=21.306239, Train RMSE=6.541905, Test RMSE=6.555521, Time=49.645 sec
[10:09:35] Epoch 9: MSELoss=20.595089, Train RMSE=6.442567, Test RMSE=6.456001, Time=28.100 sec
[10:10:02] Epoch 10: MSELoss=19.863063, Train RMSE=6.324642, Test RMSE=6.337923, Time=26.978 sec
[10:10:30] Epoch 11: MSELoss=19.106885, Train RMSE=6.213492, Test RMSE=6.226587, Time=28.668 sec
[10:10:58] Epoch 12: MSELoss=18.413159, Train RMSE=6.088992, Test RMSE=6.101841, Time=27.737 sec
[10:11:23] Epoch 13: MSELoss=17.810613, Train RMSE=6.010925, Test RMSE=6.023689, Time=24.676 sec
[10:11:50] Epoch 14: MSELoss=17.341546, Train RMSE=5.916336, Test RMSE=5.928969, Time=27.109 sec
[10:12:18] Epoch 15: MSELoss=16.966074, Train RMSE=5.854652, Test RMSE=5.866845, Time=27.721 sec
[10:12:45] Epoch 16: MSELoss=16.665394, Train RMSE=5.805462, Test RMSE=5.817101, Time=27.725 sec
[10:13:13] Epoch 17: MSELoss=16.417192, Train RMSE=5.774213, Test RMSE=5.785345, Time=27.483 sec
[10:13:40] Epoch 18: MSELoss=16.217899, Train RMSE=5.725788, Test RMSE=5.736182, Time=27.075 sec
[10:14:09] Epoch 19: MSELoss=16.032707, Train RMSE=5.695287, Test RMSE=5.705158, Time=29.266 sec
[10:14:36] Epoch 20: MSELoss=15.872200, Train RMSE=5.664749, Test RMSE=5.674216, Time=26.877 sec
[10:15:02] Epoch 21: MSELoss=15.728854, Train RMSE=5.635426, Test RMSE=5.644584, Time=25.476 sec
[10:15:27] Epoch 22: MSELoss=15.581683, Train RMSE=5.613347, Test RMSE=5.622290, Time=25.822 sec
[10:15:56] Epoch 23: MSELoss=15.452724, Train RMSE=5.590046, Test RMSE=5.598826, Time=28.924 sec
[10:16:52] Epoch 24: MSELoss=15.321192, Train RMSE=5.567113, Test RMSE=5.575629, Time=55.198 sec
[10:17:24] Epoch 25: MSELoss=15.198162, Train RMSE=5.545679, Test RMSE=5.554108, Time=32.176 sec
[10:17:50] Epoch 26: MSELoss=15.086851, Train RMSE=5.527146, Test RMSE=5.535601, Time=26.304 sec
[10:18:16] Epoch 27: MSELoss=14.981499, Train RMSE=5.513100, Test RMSE=5.521621, Time=26.162 sec
[10:18:43] Epoch 28: MSELoss=14.888991, Train RMSE=5.487546, Test RMSE=5.495697, Time=26.630 sec
[10:19:33] Epoch 29: MSELoss=14.793593, Train RMSE=5.473790, Test RMSE=5.481934, Time=49.888 sec
[10:20:03] Epoch 30: MSELoss=14.703240, Train RMSE=5.463928, Test RMSE=5.472189, Time=30.594 sec
[10:20:30] Epoch 31: MSELoss=14.623155, Train RMSE=5.462288, Test RMSE=5.470623, Time=26.844 sec
[10:20:57] Epoch 32: MSELoss=14.554305, Train RMSE=5.432272, Test RMSE=5.440384, Time=26.506 sec
[10:21:23] Epoch 33: MSELoss=14.472399, Train RMSE=5.427660, Test RMSE=5.435836, Time=26.210 sec
[10:21:50] Epoch 34: MSELoss=14.412218, Train RMSE=5.410644, Test RMSE=5.418718, Time=26.673 sec
[10:22:16] Epoch 35: MSELoss=14.348165, Train RMSE=5.397976, Test RMSE=5.405856, Time=26.633 sec
[10:22:43] Epoch 36: MSELoss=14.286588, Train RMSE=5.385927, Test RMSE=5.393796, Time=26.779 sec
[10:23:09] Epoch 37: MSELoss=14.221983, Train RMSE=5.378736, Test RMSE=5.386592, Time=26.317 sec
[10:23:42] Epoch 38: MSELoss=14.172213, Train RMSE=5.371443, Test RMSE=5.379223, Time=32.852 sec
[10:24:13] Epoch 39: MSELoss=14.104554, Train RMSE=5.372603, Test RMSE=5.380620, Time=30.441 sec
[10:24:43] Epoch 40: MSELoss=14.059139, Train RMSE=5.353352, Test RMSE=5.360996, Time=29.815 sec
[10:25:14] Epoch 41: MSELoss=14.002008, Train RMSE=5.349304, Test RMSE=5.356964, Time=31.091 sec
[10:25:45] Epoch 42: MSELoss=13.958253, Train RMSE=5.334550, Test RMSE=5.342092, Time=31.411 sec
[10:26:14] Epoch 43: MSELoss=13.899737, Train RMSE=5.329533, Test RMSE=5.336992, Time=28.556 sec
[10:26:41] Epoch 44: MSELoss=13.859948, Train RMSE=5.315225, Test RMSE=5.322494, Time=27.801 sec
[10:27:11] Epoch 45: MSELoss=13.808078, Train RMSE=5.310303, Test RMSE=5.317592, Time=29.064 sec
[10:28:07] Epoch 46: MSELoss=13.764142, Train RMSE=5.301731, Test RMSE=5.308822, Time=56.678 sec
[10:28:39] Epoch 47: MSELoss=13.717309, Train RMSE=5.293208, Test RMSE=5.300182, Time=32.277 sec
[10:29:06] Epoch 48: MSELoss=13.670927, Train RMSE=5.285732, Test RMSE=5.292594, Time=26.333 sec
[10:29:32] Epoch 49: MSELoss=13.621156, Train RMSE=5.283605, Test RMSE=5.290703, Time=26.060 sec
[10:30:28] Epoch 50: MSELoss=13.586917, Train RMSE=5.272462, Test RMSE=5.279204, Time=55.956 sec
[10:30:54] Epoch 51: MSELoss=13.541218, Train RMSE=5.262355, Test RMSE=5.268960, Time=26.311 sec
[10:31:20] Epoch 52: MSELoss=13.493600, Train RMSE=5.264940, Test RMSE=5.271447, Time=26.084 sec
[10:31:50] Epoch 53: MSELoss=13.447889, Train RMSE=5.263422, Test RMSE=5.269974, Time=29.280 sec
[10:32:16] Epoch 54: MSELoss=13.413615, Train RMSE=5.256172, Test RMSE=5.262355, Time=26.808 sec
[10:32:43] Epoch 55: MSELoss=13.376111, Train RMSE=5.240813, Test RMSE=5.246678, Time=26.756 sec
[10:33:10] Epoch 56: MSELoss=13.332130, Train RMSE=5.237448, Test RMSE=5.243080, Time=26.569 sec
[10:33:36] Epoch 57: MSELoss=13.293587, Train RMSE=5.229054, Test RMSE=5.234659, Time=26.240 sec
[10:34:02] Epoch 58: MSELoss=13.256090, Train RMSE=5.219381, Test RMSE=5.224440, Time=25.778 sec
[10:34:27] Epoch 59: MSELoss=13.212565, Train RMSE=5.212411, Test RMSE=5.217380, Time=25.646 sec
[10:34:53] Epoch 60: MSELoss=13.172052, Train RMSE=5.199021, Test RMSE=5.203147, Time=25.488 sec
[10:35:19] Epoch 61: MSELoss=13.115423, Train RMSE=5.198014, Test RMSE=5.201838, Time=25.734 sec
[10:35:44] Epoch 62: MSELoss=13.079410, Train RMSE=5.179260, Test RMSE=5.183020, Time=25.293 sec
[10:36:09] Epoch 63: MSELoss=13.027519, Train RMSE=5.172535, Test RMSE=5.176016, Time=25.068 sec
[10:36:36] Epoch 64: MSELoss=12.980631, Train RMSE=5.170722, Test RMSE=5.173990, Time=26.533 sec
[10:37:01] Epoch 65: MSELoss=12.936482, Train RMSE=5.152151, Test RMSE=5.155213, Time=25.563 sec
[10:37:27] Epoch 66: MSELoss=12.877100, Train RMSE=5.146791, Test RMSE=5.150179, Time=25.591 sec
[10:37:53] Epoch 67: MSELoss=12.835875, Train RMSE=5.141419, Test RMSE=5.144454, Time=25.885 sec
[10:38:18] Epoch 68: MSELoss=12.783943, Train RMSE=5.128920, Test RMSE=5.132037, Time=25.652 sec
[10:39:14] Epoch 69: MSELoss=12.742933, Train RMSE=5.124902, Test RMSE=5.127626, Time=55.542 sec
[10:39:48] Epoch 70: MSELoss=12.698528, Train RMSE=5.105427, Test RMSE=5.108037, Time=34.374 sec
[10:40:15] Epoch 71: MSELoss=12.635261, Train RMSE=5.101146, Test RMSE=5.103928, Time=26.564 sec
[10:41:07] Epoch 72: MSELoss=12.589675, Train RMSE=5.087802, Test RMSE=5.090734, Time=52.093 sec
[10:41:33] Epoch 73: MSELoss=12.557029, Train RMSE=5.071582, Test RMSE=5.073842, Time=25.790 sec
[10:41:59] Epoch 74: MSELoss=12.495540, Train RMSE=5.057996, Test RMSE=5.060562, Time=26.383 sec
[10:42:25] Epoch 75: MSELoss=12.453558, Train RMSE=5.058049, Test RMSE=5.059900, Time=25.905 sec
[10:42:50] Epoch 76: MSELoss=12.397272, Train RMSE=5.051116, Test RMSE=5.053140, Time=25.398 sec
[10:43:17] Epoch 77: MSELoss=12.353303, Train RMSE=5.036197, Test RMSE=5.038360, Time=26.117 sec
[10:43:44] Epoch 78: MSELoss=12.307732, Train RMSE=5.034676, Test RMSE=5.036880, Time=26.906 sec
[10:44:09] Epoch 79: MSELoss=12.266736, Train RMSE=5.026650, Test RMSE=5.028772, Time=25.943 sec
[10:44:36] Epoch 80: MSELoss=12.223973, Train RMSE=4.997881, Test RMSE=4.999900, Time=26.939 sec
[10:45:02] Epoch 81: MSELoss=12.162780, Train RMSE=5.004633, Test RMSE=5.006430, Time=25.896 sec
[10:45:28] Epoch 82: MSELoss=12.129960, Train RMSE=4.985969, Test RMSE=4.987764, Time=25.842 sec
[10:45:54] Epoch 83: MSELoss=12.066275, Train RMSE=4.982766, Test RMSE=4.984908, Time=26.310 sec
[10:46:21] Epoch 84: MSELoss=12.037709, Train RMSE=4.973655, Test RMSE=4.975678, Time=26.341 sec
[10:46:48] Epoch 85: MSELoss=11.995091, Train RMSE=4.944400, Test RMSE=4.946596, Time=26.670 sec
[10:47:13] Epoch 86: MSELoss=11.917609, Train RMSE=4.955682, Test RMSE=4.958380, Time=25.891 sec
[10:47:39] Epoch 87: MSELoss=11.897356, Train RMSE=4.943382, Test RMSE=4.945900, Time=25.990 sec
[10:48:06] Epoch 88: MSELoss=11.851938, Train RMSE=4.922022, Test RMSE=4.924682, Time=26.202 sec
[10:48:32] Epoch 89: MSELoss=11.807249, Train RMSE=4.915970, Test RMSE=4.918529, Time=26.339 sec
[10:48:58] Epoch 90: MSELoss=11.760023, Train RMSE=4.895488, Test RMSE=4.898408, Time=26.421 sec
[10:49:25] Epoch 91: MSELoss=11.712194, Train RMSE=4.898877, Test RMSE=4.901419, Time=26.732 sec
[10:50:18] Epoch 92: MSELoss=11.673711, Train RMSE=4.893731, Test RMSE=4.896320, Time=53.034 sec
[10:51:24] Epoch 93: MSELoss=11.607468, Train RMSE=4.885587, Test RMSE=4.888595, Time=65.540 sec
[10:51:51] Epoch 94: MSELoss=11.578225, Train RMSE=4.894276, Test RMSE=4.896904, Time=26.944 sec
[10:52:16] Epoch 95: MSELoss=11.529672, Train RMSE=4.869183, Test RMSE=4.872471, Time=25.326 sec
[10:52:41] Epoch 96: MSELoss=11.503119, Train RMSE=4.862977, Test RMSE=4.865985, Time=25.244 sec
[10:53:06] Epoch 97: MSELoss=11.454912, Train RMSE=4.843170, Test RMSE=4.846670, Time=25.191 sec
[10:53:33] Epoch 98: MSELoss=11.428780, Train RMSE=4.830853, Test RMSE=4.833961, Time=26.071 sec
[10:53:59] Epoch 99: MSELoss=11.360598, Train RMSE=4.829391, Test RMSE=4.832965, Time=26.749 sec
[10:54:27] Epoch 100: MSELoss=11.321924, Train RMSE=4.832917, Test RMSE=4.836383, Time=28.017 sec
[10:54:55] Epoch 101: MSELoss=11.302400, Train RMSE=4.795413, Test RMSE=4.799458, Time=28.132 sec
[10:55:24] Epoch 102: MSELoss=11.236217, Train RMSE=4.827414, Test RMSE=4.831283, Time=28.650 sec
[10:55:51] Epoch 103: MSELoss=11.227263, Train RMSE=4.793369, Test RMSE=4.797748, Time=27.267 sec
[10:56:25] Epoch 104: MSELoss=11.182768, Train RMSE=4.800158, Test RMSE=4.804340, Time=33.467 sec
[10:56:55] Epoch 105: MSELoss=11.151433, Train RMSE=4.781661, Test RMSE=4.785883, Time=29.595 sec
[10:57:25] Epoch 106: MSELoss=11.108463, Train RMSE=4.770953, Test RMSE=4.775426, Time=30.031 sec
[10:57:51] Epoch 107: MSELoss=11.091609, Train RMSE=4.746942, Test RMSE=4.751533, Time=26.101 sec
[10:58:19] Epoch 108: MSELoss=11.036590, Train RMSE=4.756071, Test RMSE=4.760560, Time=28.056 sec
[10:58:47] Epoch 109: MSELoss=11.011669, Train RMSE=4.747479, Test RMSE=4.752227, Time=28.127 sec
[10:59:15] Epoch 110: MSELoss=10.983277, Train RMSE=4.728210, Test RMSE=4.733302, Time=27.783 sec
[10:59:44] Epoch 111: MSELoss=10.934478, Train RMSE=4.746322, Test RMSE=4.751346, Time=29.202 sec
[11:00:12] Epoch 112: MSELoss=10.935599, Train RMSE=4.722818, Test RMSE=4.727694, Time=28.498 sec
[11:00:40] Epoch 113: MSELoss=10.889190, Train RMSE=4.720941, Test RMSE=4.725797, Time=27.924 sec
[11:01:52] Epoch 114: MSELoss=10.863493, Train RMSE=4.695536, Test RMSE=4.701336, Time=71.565 sec
[11:02:31] Epoch 115: MSELoss=10.819505, Train RMSE=4.709602, Test RMSE=4.715166, Time=38.886 sec
[11:02:56] Epoch 116: MSELoss=10.811935, Train RMSE=4.691613, Test RMSE=4.697372, Time=25.333 sec
[11:03:24] Epoch 117: MSELoss=10.774472, Train RMSE=4.708386, Test RMSE=4.713391, Time=27.383 sec
[11:03:48] Epoch 118: MSELoss=10.749980, Train RMSE=4.690453, Test RMSE=4.696229, Time=24.573 sec
[11:04:13] Epoch 119: MSELoss=10.717534, Train RMSE=4.682580, Test RMSE=4.688822, Time=24.393 sec
[11:04:38] Epoch 120: MSELoss=10.692273, Train RMSE=4.665618, Test RMSE=4.672617, Time=25.148 sec
[11:05:04] Epoch 121: MSELoss=10.685072, Train RMSE=4.654141, Test RMSE=4.661175, Time=26.451 sec
[11:05:32] Epoch 122: MSELoss=10.655733, Train RMSE=4.662748, Test RMSE=4.669646, Time=27.636 sec
[11:05:58] Epoch 123: MSELoss=10.635287, Train RMSE=4.664329, Test RMSE=4.671155, Time=25.939 sec
[11:06:24] Epoch 124: MSELoss=10.611560, Train RMSE=4.654983, Test RMSE=4.662092, Time=25.897 sec
[11:06:50] Epoch 125: MSELoss=10.592083, Train RMSE=4.636064, Test RMSE=4.644142, Time=26.654 sec
[11:07:16] Epoch 126: MSELoss=10.573228, Train RMSE=4.659870, Test RMSE=4.667211, Time=25.592 sec
[11:07:44] Epoch 127: MSELoss=10.567339, Train RMSE=4.620788, Test RMSE=4.629539, Time=27.585 sec
[11:08:09] Epoch 128: MSELoss=10.524706, Train RMSE=4.633284, Test RMSE=4.641667, Time=25.768 sec
[11:08:37] Epoch 129: MSELoss=10.516512, Train RMSE=4.626099, Test RMSE=4.634752, Time=27.736 sec
[11:09:03] Epoch 130: MSELoss=10.494955, Train RMSE=4.632917, Test RMSE=4.641324, Time=26.080 sec
[11:09:28] Epoch 131: MSELoss=10.475695, Train RMSE=4.624636, Test RMSE=4.633586, Time=25.269 sec
[11:09:55] Epoch 132: MSELoss=10.462003, Train RMSE=4.626766, Test RMSE=4.635787, Time=26.468 sec
[11:10:23] Epoch 133: MSELoss=10.441671, Train RMSE=4.642411, Test RMSE=4.650631, Time=28.404 sec
[11:10:51] Epoch 134: MSELoss=10.436643, Train RMSE=4.614135, Test RMSE=4.623082, Time=27.597 sec
[11:11:19] Epoch 135: MSELoss=10.397987, Train RMSE=4.636967, Test RMSE=4.645686, Time=27.858 sec
[11:11:46] Epoch 136: MSELoss=10.401186, Train RMSE=4.597168, Test RMSE=4.607189, Time=27.379 sec
[11:12:50] Epoch 137: MSELoss=10.391107, Train RMSE=4.592783, Test RMSE=4.603088, Time=63.763 sec
[11:13:28] Epoch 138: MSELoss=10.368147, Train RMSE=4.594999, Test RMSE=4.605586, Time=38.149 sec
[11:13:55] Epoch 139: MSELoss=10.368721, Train RMSE=4.584709, Test RMSE=4.595905, Time=27.380 sec
[11:14:24] Epoch 140: MSELoss=10.356448, Train RMSE=4.584163, Test RMSE=4.595123, Time=28.455 sec
[11:14:54] Epoch 141: MSELoss=10.335646, Train RMSE=4.579049, Test RMSE=4.590350, Time=29.590 sec
[11:15:21] Epoch 142: MSELoss=10.328328, Train RMSE=4.583090, Test RMSE=4.594402, Time=27.604 sec
[11:15:49] Epoch 143: MSELoss=10.315798, Train RMSE=4.564840, Test RMSE=4.577013, Time=27.650 sec
[11:16:18] Epoch 144: MSELoss=10.296121, Train RMSE=4.580981, Test RMSE=4.592608, Time=28.777 sec
[11:16:44] Epoch 145: MSELoss=10.275989, Train RMSE=4.615666, Test RMSE=4.626170, Time=26.403 sec
[11:17:10] Epoch 146: MSELoss=10.276933, Train RMSE=4.566826, Test RMSE=4.578963, Time=25.955 sec
[11:17:39] Epoch 147: MSELoss=10.264741, Train RMSE=4.581764, Test RMSE=4.593768, Time=29.389 sec
[11:18:08] Epoch 148: MSELoss=10.255015, Train RMSE=4.556597, Test RMSE=4.569361, Time=28.672 sec
[11:18:37] Epoch 149: MSELoss=10.245115, Train RMSE=4.579123, Test RMSE=4.591031, Time=29.210 sec
[11:19:05] Epoch 150: MSELoss=10.249041, Train RMSE=4.544115, Test RMSE=4.557596, Time=27.903 sec
[11:19:32] Epoch 151: MSELoss=10.235744, Train RMSE=4.552482, Test RMSE=4.565500, Time=26.909 sec
[11:20:01] Epoch 152: MSELoss=10.210719, Train RMSE=4.544210, Test RMSE=4.557890, Time=28.684 sec
[11:20:29] Epoch 153: MSELoss=10.214953, Train RMSE=4.556694, Test RMSE=4.570019, Time=28.209 sec
[11:20:57] Epoch 154: MSELoss=10.200258, Train RMSE=4.554814, Test RMSE=4.568170, Time=27.681 sec
[11:21:23] Epoch 155: MSELoss=10.193261, Train RMSE=4.557362, Test RMSE=4.570745, Time=26.212 sec
[11:21:51] Epoch 156: MSELoss=10.190306, Train RMSE=4.556349, Test RMSE=4.570078, Time=27.847 sec
[11:22:19] Epoch 157: MSELoss=10.178398, Train RMSE=4.543493, Test RMSE=4.557625, Time=27.680 sec
[11:23:09] Epoch 158: MSELoss=10.169757, Train RMSE=4.542671, Test RMSE=4.556873, Time=50.799 sec
[11:24:08] Epoch 159: MSELoss=10.159885, Train RMSE=4.563545, Test RMSE=4.577417, Time=58.877 sec
[11:24:47] Epoch 160: MSELoss=10.162006, Train RMSE=4.534214, Test RMSE=4.549245, Time=39.062 sec
[11:25:15] Epoch 161: MSELoss=10.142807, Train RMSE=4.539464, Test RMSE=4.554283, Time=27.439 sec
[11:25:42] Epoch 162: MSELoss=10.153356, Train RMSE=4.525685, Test RMSE=4.540993, Time=27.335 sec
[11:26:09] Epoch 163: MSELoss=10.131896, Train RMSE=4.552663, Test RMSE=4.566912, Time=26.864 sec
[11:26:36] Epoch 164: MSELoss=10.135373, Train RMSE=4.529077, Test RMSE=4.544496, Time=27.412 sec
[11:27:04] Epoch 165: MSELoss=10.118730, Train RMSE=4.536441, Test RMSE=4.551316, Time=27.211 sec
[11:27:31] Epoch 166: MSELoss=10.119840, Train RMSE=4.530185, Test RMSE=4.545592, Time=27.196 sec
[11:27:58] Epoch 167: MSELoss=10.110745, Train RMSE=4.520412, Test RMSE=4.536467, Time=26.860 sec
[11:28:25] Epoch 168: MSELoss=10.101194, Train RMSE=4.520112, Test RMSE=4.536278, Time=27.394 sec
[11:28:53] Epoch 169: MSELoss=10.113446, Train RMSE=4.523556, Test RMSE=4.540436, Time=27.698 sec
[11:29:20] Epoch 170: MSELoss=10.092052, Train RMSE=4.523830, Test RMSE=4.540095, Time=27.231 sec
[11:29:48] Epoch 171: MSELoss=10.086075, Train RMSE=4.515303, Test RMSE=4.531887, Time=27.642 sec
[11:30:15] Epoch 172: MSELoss=10.085232, Train RMSE=4.518106, Test RMSE=4.534852, Time=27.258 sec
[11:30:41] Epoch 173: MSELoss=10.076287, Train RMSE=4.512187, Test RMSE=4.529116, Time=25.642 sec
[11:31:06] Epoch 174: MSELoss=10.082037, Train RMSE=4.508083, Test RMSE=4.525489, Time=25.598 sec
[11:31:33] Epoch 175: MSELoss=10.077209, Train RMSE=4.501804, Test RMSE=4.520026, Time=26.593 sec
[11:32:02] Epoch 176: MSELoss=10.062314, Train RMSE=4.509442, Test RMSE=4.527295, Time=28.851 sec
[11:32:31] Epoch 177: MSELoss=10.046790, Train RMSE=4.530323, Test RMSE=4.547037, Time=29.171 sec
[11:32:58] Epoch 178: MSELoss=10.055144, Train RMSE=4.521940, Test RMSE=4.539186, Time=26.939 sec
[11:33:56] Epoch 179: MSELoss=10.048344, Train RMSE=4.506268, Test RMSE=4.524199, Time=57.978 sec
[11:34:28] Epoch 180: MSELoss=10.035562, Train RMSE=4.516076, Test RMSE=4.533625, Time=32.292 sec
[11:35:24] Epoch 181: MSELoss=10.042686, Train RMSE=4.509046, Test RMSE=4.527182, Time=55.481 sec
[11:36:06] Epoch 182: MSELoss=10.032280, Train RMSE=4.510169, Test RMSE=4.528537, Time=42.524 sec
[11:36:37] Epoch 183: MSELoss=10.030825, Train RMSE=4.509248, Test RMSE=4.527384, Time=31.040 sec
[11:37:08] Epoch 184: MSELoss=10.020664, Train RMSE=4.504564, Test RMSE=4.522557, Time=30.713 sec
[11:37:38] Epoch 185: MSELoss=10.026315, Train RMSE=4.496344, Test RMSE=4.515238, Time=29.844 sec
[11:38:08] Epoch 186: MSELoss=10.005528, Train RMSE=4.509715, Test RMSE=4.527478, Time=30.482 sec
[11:38:38] Epoch 187: MSELoss=10.018597, Train RMSE=4.499961, Test RMSE=4.518652, Time=30.155 sec
[11:39:09] Epoch 188: MSELoss=10.013328, Train RMSE=4.491927, Test RMSE=4.511238, Time=30.272 sec
[11:39:39] Epoch 189: MSELoss=9.999405, Train RMSE=4.497071, Test RMSE=4.515827, Time=30.226 sec
[11:40:10] Epoch 190: MSELoss=10.002341, Train RMSE=4.498335, Test RMSE=4.517679, Time=30.554 sec
[11:40:41] Epoch 191: MSELoss=9.994585, Train RMSE=4.500476, Test RMSE=4.519654, Time=31.116 sec
[11:41:13] Epoch 192: MSELoss=9.996935, Train RMSE=4.493038, Test RMSE=4.512843, Time=31.832 sec
[11:41:44] Epoch 193: MSELoss=9.993427, Train RMSE=4.489785, Test RMSE=4.510545, Time=31.633 sec
[11:42:15] Epoch 194: MSELoss=9.987330, Train RMSE=4.484558, Test RMSE=4.505505, Time=31.302 sec
[11:42:45] Epoch 195: MSELoss=9.970908, Train RMSE=4.518311, Test RMSE=4.537455, Time=29.726 sec
[11:43:15] Epoch 196: MSELoss=9.975942, Train RMSE=4.494951, Test RMSE=4.514339, Time=29.890 sec
[11:43:46] Epoch 197: MSELoss=9.976923, Train RMSE=4.489668, Test RMSE=4.509943, Time=30.426 sec
[11:44:43] Epoch 198: MSELoss=9.964305, Train RMSE=4.497042, Test RMSE=4.517233, Time=57.485 sec
[11:45:11] Epoch 199: MSELoss=9.961564, Train RMSE=4.490124, Test RMSE=4.510249, Time=28.156 sec
[11:45:39] Epoch 200: MSELoss=9.963232, Train RMSE=4.487180, Test RMSE=4.507742, Time=27.540 sec

===============================
Start experiment at Thu Oct  2 04:01:02 UTC 2025
Config: batch_size=128, hidden=20, lr=0.005, epochs=160
[04:01:05] Running experiment with batch_size=128, hidden=20, lr=0.005, epochs=160, glob_interval=200, shuffle=True
===============================
Start experiment at Thu Oct  2 04:02:28 UTC 2025
Config: batch_size=128, hidden=20, lr=0.005, epochs=160
[04:02:29] Running experiment with batch_size=128, hidden=20, lr=0.005, epochs=160, glob_interval=200, shuffle=True
===============================
Start experiment at Thu Oct  2 04:04:17 UTC 2025
Config: batch_size=128, hidden=20, lr=0.005, epochs=160
[04:04:19] Running experiment with batch_size=128, hidden=20, lr=0.005, epochs=160, glob_interval=200, shuffle=True
[04:04:34] Data loading time: 14.975 sec
[04:05:14] Epoch 1: MSELoss=25.220173, Train RMSE=6.814638, Test RMSE=6.817091, Time=40.657 sec
[04:05:53] Epoch 2: MSELoss=21.756008, Train RMSE=6.484133, Test RMSE=6.485579, Time=38.312 sec
[04:06:29] Epoch 3: MSELoss=19.763522, Train RMSE=6.234504, Test RMSE=6.235150, Time=36.637 sec
[04:07:01] Epoch 4: MSELoss=18.385211, Train RMSE=6.048640, Test RMSE=6.049002, Time=31.714 sec
[04:07:36] Epoch 5: MSELoss=17.429070, Train RMSE=5.906390, Test RMSE=5.906277, Time=34.587 sec
[04:08:13] Epoch 6: MSELoss=16.737404, Train RMSE=5.799743, Test RMSE=5.798994, Time=37.269 sec
[04:08:50] Epoch 7: MSELoss=16.211237, Train RMSE=5.718602, Test RMSE=5.717403, Time=36.963 sec
[04:09:26] Epoch 8: MSELoss=15.796315, Train RMSE=5.651360, Test RMSE=5.649925, Time=36.261 sec
[04:10:04] Epoch 9: MSELoss=15.448938, Train RMSE=5.588645, Test RMSE=5.587020, Time=37.274 sec
[04:10:44] Epoch 10: MSELoss=15.152649, Train RMSE=5.536110, Test RMSE=5.534026, Time=40.019 sec
[04:11:20] Epoch 11: MSELoss=14.883833, Train RMSE=5.494173, Test RMSE=5.492086, Time=36.559 sec
[04:12:18] Epoch 12: MSELoss=14.647629, Train RMSE=5.449919, Test RMSE=5.447610, Time=57.870 sec
[04:13:03] Epoch 13: MSELoss=14.436356, Train RMSE=5.414535, Test RMSE=5.411968, Time=44.814 sec
[04:13:34] Epoch 14: MSELoss=14.257087, Train RMSE=5.375300, Test RMSE=5.372589, Time=31.219 sec
[04:14:05] Epoch 15: MSELoss=14.078300, Train RMSE=5.342333, Test RMSE=5.339272, Time=30.400 sec
[04:14:36] Epoch 16: MSELoss=13.909832, Train RMSE=5.318360, Test RMSE=5.315481, Time=31.067 sec
[04:15:14] Epoch 17: MSELoss=13.766129, Train RMSE=5.288309, Test RMSE=5.285358, Time=38.766 sec
[04:15:46] Epoch 18: MSELoss=13.621400, Train RMSE=5.266941, Test RMSE=5.264220, Time=31.449 sec
[04:16:15] Epoch 19: MSELoss=13.493183, Train RMSE=5.243162, Test RMSE=5.240518, Time=29.198 sec
[04:16:47] Epoch 20: MSELoss=13.363498, Train RMSE=5.226319, Test RMSE=5.224054, Time=32.101 sec
[04:17:22] Epoch 21: MSELoss=13.246462, Train RMSE=5.213106, Test RMSE=5.211056, Time=34.760 sec
[04:17:50] Epoch 22: MSELoss=13.154783, Train RMSE=5.185761, Test RMSE=5.183737, Time=28.411 sec
[04:18:19] Epoch 23: MSELoss=13.045893, Train RMSE=5.173337, Test RMSE=5.171285, Time=28.606 sec
[04:18:55] Epoch 24: MSELoss=12.955072, Train RMSE=5.151178, Test RMSE=5.149442, Time=35.896 sec
[04:19:30] Epoch 25: MSELoss=12.848125, Train RMSE=5.143175, Test RMSE=5.141982, Time=35.263 sec
[04:20:06] Epoch 26: MSELoss=12.772513, Train RMSE=5.122692, Test RMSE=5.121504, Time=36.061 sec
[04:20:41] Epoch 27: MSELoss=12.681755, Train RMSE=5.111206, Test RMSE=5.110256, Time=35.009 sec
[04:21:16] Epoch 28: MSELoss=12.602683, Train RMSE=5.107274, Test RMSE=5.106746, Time=35.146 sec
[04:21:52] Epoch 29: MSELoss=12.534075, Train RMSE=5.080465, Test RMSE=5.080247, Time=35.288 sec
[04:22:51] Epoch 30: MSELoss=12.457803, Train RMSE=5.071614, Test RMSE=5.071613, Time=59.344 sec
[04:23:25] Epoch 31: MSELoss=12.388767, Train RMSE=5.056383, Test RMSE=5.056852, Time=34.201 sec
[04:24:00] Epoch 32: MSELoss=12.317797, Train RMSE=5.052799, Test RMSE=5.053456, Time=34.226 sec
[04:24:34] Epoch 33: MSELoss=12.252555, Train RMSE=5.042307, Test RMSE=5.043498, Time=34.670 sec
[04:25:10] Epoch 34: MSELoss=12.189723, Train RMSE=5.028954, Test RMSE=5.030438, Time=35.980 sec
[04:25:47] Epoch 35: MSELoss=12.127673, Train RMSE=5.021050, Test RMSE=5.022876, Time=36.885 sec
[04:26:24] Epoch 36: MSELoss=12.081100, Train RMSE=5.002165, Test RMSE=5.004383, Time=36.475 sec
[04:26:54] Epoch 37: MSELoss=12.013979, Train RMSE=4.991046, Test RMSE=4.993799, Time=30.494 sec
[04:27:22] Epoch 38: MSELoss=11.940835, Train RMSE=4.994051, Test RMSE=4.997022, Time=28.194 sec
[04:27:49] Epoch 39: MSELoss=11.893706, Train RMSE=4.970844, Test RMSE=4.974551, Time=26.288 sec
[04:28:15] Epoch 40: MSELoss=11.833854, Train RMSE=4.957632, Test RMSE=4.961897, Time=26.773 sec
[04:28:42] Epoch 41: MSELoss=11.774034, Train RMSE=4.952016, Test RMSE=4.956912, Time=26.617 sec
[04:29:08] Epoch 42: MSELoss=11.713744, Train RMSE=4.949974, Test RMSE=4.955123, Time=25.847 sec
[04:29:34] Epoch 43: MSELoss=11.649079, Train RMSE=4.945446, Test RMSE=4.951285, Time=26.302 sec
[04:30:01] Epoch 44: MSELoss=11.602627, Train RMSE=4.928616, Test RMSE=4.935007, Time=26.502 sec
[04:30:28] Epoch 45: MSELoss=11.545283, Train RMSE=4.916524, Test RMSE=4.923597, Time=27.680 sec
[04:30:55] Epoch 46: MSELoss=11.479040, Train RMSE=4.922167, Test RMSE=4.929939, Time=26.931 sec
[04:31:22] Epoch 47: MSELoss=11.443552, Train RMSE=4.898551, Test RMSE=4.906728, Time=27.090 sec
[04:31:49] Epoch 48: MSELoss=11.384481, Train RMSE=4.898578, Test RMSE=4.907116, Time=27.091 sec
[04:32:17] Epoch 49: MSELoss=11.337394, Train RMSE=4.876697, Test RMSE=4.886206, Time=27.491 sec
[04:32:59] Epoch 50: MSELoss=11.297142, Train RMSE=4.855952, Test RMSE=4.866072, Time=42.288 sec
[04:33:32] Epoch 51: MSELoss=11.234845, Train RMSE=4.868459, Test RMSE=4.878843, Time=33.043 sec
[04:33:58] Epoch 52: MSELoss=11.195001, Train RMSE=4.857135, Test RMSE=4.868272, Time=25.952 sec
[04:34:24] Epoch 53: MSELoss=11.147754, Train RMSE=4.847371, Test RMSE=4.859091, Time=25.965 sec
[04:34:51] Epoch 54: MSELoss=11.104245, Train RMSE=4.841480, Test RMSE=4.853929, Time=27.166 sec
[04:35:18] Epoch 55: MSELoss=11.062306, Train RMSE=4.833308, Test RMSE=4.846992, Time=26.325 sec
[04:35:44] Epoch 56: MSELoss=11.031166, Train RMSE=4.816552, Test RMSE=4.830659, Time=26.135 sec
[04:36:10] Epoch 57: MSELoss=10.970001, Train RMSE=4.829947, Test RMSE=4.844415, Time=25.589 sec
[04:36:36] Epoch 58: MSELoss=10.927047, Train RMSE=4.846261, Test RMSE=4.860938, Time=26.142 sec
[04:37:02] Epoch 59: MSELoss=10.891212, Train RMSE=4.832947, Test RMSE=4.848318, Time=26.226 sec
[04:37:29] Epoch 60: MSELoss=10.858381, Train RMSE=4.827496, Test RMSE=4.844013, Time=26.758 sec
[04:37:55] Epoch 61: MSELoss=10.829324, Train RMSE=4.811476, Test RMSE=4.828779, Time=26.461 sec
[04:38:23] Epoch 62: MSELoss=10.794404, Train RMSE=4.789502, Test RMSE=4.807500, Time=27.658 sec
[04:38:50] Epoch 63: MSELoss=10.745720, Train RMSE=4.812373, Test RMSE=4.831140, Time=26.854 sec
[04:39:16] Epoch 64: MSELoss=10.739579, Train RMSE=4.772244, Test RMSE=4.792169, Time=26.648 sec
[04:39:44] Epoch 65: MSELoss=10.682625, Train RMSE=4.796604, Test RMSE=4.816777, Time=27.643 sec
[04:40:11] Epoch 66: MSELoss=10.666997, Train RMSE=4.776566, Test RMSE=4.797938, Time=26.612 sec
[04:40:37] Epoch 67: MSELoss=10.634824, Train RMSE=4.752503, Test RMSE=4.774906, Time=26.531 sec
[04:41:05] Epoch 68: MSELoss=10.594915, Train RMSE=4.774091, Test RMSE=4.796518, Time=27.305 sec
[04:41:34] Epoch 69: MSELoss=10.548166, Train RMSE=4.792547, Test RMSE=4.815591, Time=29.300 sec
[04:42:06] Epoch 70: MSELoss=10.535552, Train RMSE=4.794544, Test RMSE=4.818623, Time=32.573 sec
[04:42:35] Epoch 71: MSELoss=10.517333, Train RMSE=4.760469, Test RMSE=4.785788, Time=28.332 sec
[04:43:02] Epoch 72: MSELoss=10.464387, Train RMSE=4.788060, Test RMSE=4.814336, Time=27.388 sec
[04:43:54] Epoch 73: MSELoss=10.442650, Train RMSE=4.798202, Test RMSE=4.824381, Time=51.933 sec
[04:44:28] Epoch 74: MSELoss=10.404110, Train RMSE=4.825957, Test RMSE=4.851841, Time=34.377 sec
[04:45:05] Epoch 75: MSELoss=10.421646, Train RMSE=4.733282, Test RMSE=4.761907, Time=36.093 sec
[04:45:42] Epoch 76: MSELoss=10.370495, Train RMSE=4.752077, Test RMSE=4.781614, Time=37.818 sec
[04:46:21] Epoch 77: MSELoss=10.344518, Train RMSE=4.765963, Test RMSE=4.796376, Time=38.486 sec
[04:47:01] Epoch 78: MSELoss=10.344425, Train RMSE=4.713318, Test RMSE=4.745614, Time=39.683 sec
[04:47:32] Epoch 79: MSELoss=10.281041, Train RMSE=4.781755, Test RMSE=4.813094, Time=31.245 sec
[04:47:58] Epoch 80: MSELoss=10.280275, Train RMSE=4.755740, Test RMSE=4.788944, Time=25.631 sec
[04:48:37] Epoch 81: MSELoss=10.249107, Train RMSE=4.755060, Test RMSE=4.789263, Time=39.186 sec
[04:49:16] Epoch 82: MSELoss=10.205400, Train RMSE=4.766794, Test RMSE=4.801151, Time=39.421 sec
[04:49:56] Epoch 83: MSELoss=10.174406, Train RMSE=4.768979, Test RMSE=4.803189, Time=39.862 sec
[04:50:36] Epoch 84: MSELoss=10.175743, Train RMSE=4.734726, Test RMSE=4.770866, Time=39.900 sec
[04:51:16] Epoch 85: MSELoss=10.152170, Train RMSE=4.729470, Test RMSE=4.767222, Time=39.747 sec
[04:51:55] Epoch 86: MSELoss=10.090108, Train RMSE=4.738708, Test RMSE=4.776061, Time=39.685 sec
[04:52:35] Epoch 87: MSELoss=10.108269, Train RMSE=4.721972, Test RMSE=4.761697, Time=39.574 sec
[04:53:13] Epoch 88: MSELoss=10.063167, Train RMSE=4.748631, Test RMSE=4.788688, Time=38.320 sec
[04:54:09] Epoch 89: MSELoss=10.027485, Train RMSE=4.733897, Test RMSE=4.774577, Time=55.565 sec
[04:54:42] Epoch 90: MSELoss=10.024294, Train RMSE=4.759596, Test RMSE=4.800473, Time=33.330 sec
[04:55:16] Epoch 91: MSELoss=9.996178, Train RMSE=4.753236, Test RMSE=4.794992, Time=33.533 sec
[04:55:49] Epoch 92: MSELoss=10.002470, Train RMSE=4.706747, Test RMSE=4.751077, Time=33.218 sec
[04:56:22] Epoch 93: MSELoss=9.954577, Train RMSE=4.745934, Test RMSE=4.789964, Time=33.051 sec
[04:56:55] Epoch 94: MSELoss=9.964052, Train RMSE=4.701152, Test RMSE=4.748911, Time=33.117 sec
[04:57:28] Epoch 95: MSELoss=9.923098, Train RMSE=4.718903, Test RMSE=4.766459, Time=33.165 sec
[04:58:00] Epoch 96: MSELoss=9.915933, Train RMSE=4.697188, Test RMSE=4.745618, Time=31.621 sec
[04:58:32] Epoch 97: MSELoss=9.883663, Train RMSE=4.725616, Test RMSE=4.775058, Time=32.201 sec
[04:59:05] Epoch 98: MSELoss=9.848312, Train RMSE=4.745767, Test RMSE=4.794429, Time=32.743 sec
[04:59:37] Epoch 99: MSELoss=9.856839, Train RMSE=4.714773, Test RMSE=4.764961, Time=32.152 sec
[05:00:10] Epoch 100: MSELoss=9.816058, Train RMSE=4.766409, Test RMSE=4.817015, Time=32.781 sec
[05:00:51] Epoch 101: MSELoss=9.801283, Train RMSE=4.772120, Test RMSE=4.823318, Time=41.030 sec
[05:01:28] Epoch 102: MSELoss=9.810116, Train RMSE=4.696432, Test RMSE=4.751947, Time=36.917 sec
[05:01:57] Epoch 103: MSELoss=9.782687, Train RMSE=4.706512, Test RMSE=4.762456, Time=28.773 sec
[05:02:24] Epoch 104: MSELoss=9.761227, Train RMSE=4.696311, Test RMSE=4.752975, Time=27.432 sec
[05:02:52] Epoch 105: MSELoss=9.745073, Train RMSE=4.718046, Test RMSE=4.775447, Time=28.179 sec
