===============================
Start experiment at Mon Sep 29 08:03:20 UTC 2025
Config: batch_size=64, hidden=20, lr=0.001, epochs=200
[08:03:22] Running experiment with batch_size=64, hidden=20, lr=0.001, epochs=200, glob_interval=200, shuffle=True
[08:03:36] Data loading time: 14.139 sec
[08:04:36] Epoch 1: MSELoss=28.714373, Train RMSE=7.293172, Test RMSE=7.274926, Time=59.883 sec
[08:05:38] Epoch 2: MSELoss=25.825342, Train RMSE=7.131315, Test RMSE=7.113700, Time=61.372 sec
[08:06:39] Epoch 3: MSELoss=24.930357, Train RMSE=7.041229, Test RMSE=7.023910, Time=61.595 sec
[08:07:57] Epoch 4: MSELoss=24.313848, Train RMSE=6.987579, Test RMSE=6.971350, Time=77.620 sec
[08:09:00] Epoch 5: MSELoss=23.805214, Train RMSE=6.913047, Test RMSE=6.896437, Time=62.533 sec
[08:10:01] Epoch 6: MSELoss=23.335457, Train RMSE=6.846950, Test RMSE=6.831322, Time=61.266 sec
[08:11:01] Epoch 7: MSELoss=22.880382, Train RMSE=6.772440, Test RMSE=6.756976, Time=60.392 sec
[08:12:00] Epoch 8: MSELoss=22.386655, Train RMSE=6.698085, Test RMSE=6.682771, Time=58.783 sec
[08:13:31] Epoch 9: MSELoss=21.856311, Train RMSE=6.618304, Test RMSE=6.603208, Time=91.275 sec
[08:14:40] Epoch 10: MSELoss=21.299612, Train RMSE=6.552731, Test RMSE=6.537919, Time=68.409 sec
[08:15:42] Epoch 11: MSELoss=20.731052, Train RMSE=6.456520, Test RMSE=6.441923, Time=62.355 sec
[08:16:44] Epoch 12: MSELoss=20.148208, Train RMSE=6.364198, Test RMSE=6.349911, Time=61.533 sec
[08:17:46] Epoch 13: MSELoss=19.537426, Train RMSE=6.268728, Test RMSE=6.255279, Time=62.106 sec
[08:18:49] Epoch 14: MSELoss=18.932211, Train RMSE=6.173116, Test RMSE=6.160421, Time=63.338 sec
[08:19:52] Epoch 15: MSELoss=18.362530, Train RMSE=6.078736, Test RMSE=6.066778, Time=62.990 sec
[08:20:53] Epoch 16: MSELoss=17.877797, Train RMSE=6.001759, Test RMSE=5.990561, Time=60.919 sec
[08:21:54] Epoch 17: MSELoss=17.485901, Train RMSE=5.935394, Test RMSE=5.924474, Time=61.324 sec
[08:22:57] Epoch 18: MSELoss=17.168795, Train RMSE=5.879288, Test RMSE=5.868550, Time=62.889 sec
[08:24:50] Epoch 19: MSELoss=16.898491, Train RMSE=5.833631, Test RMSE=5.823042, Time=112.418 sec
[08:25:59] Epoch 20: MSELoss=16.672774, Train RMSE=5.795878, Test RMSE=5.785338, Time=68.856 sec
[08:27:05] Epoch 21: MSELoss=16.470160, Train RMSE=5.841964, Test RMSE=5.830853, Time=66.123 sec
[08:28:09] Epoch 22: MSELoss=16.312061, Train RMSE=5.735517, Test RMSE=5.725539, Time=64.304 sec
[08:29:14] Epoch 23: MSELoss=16.153330, Train RMSE=5.713468, Test RMSE=5.703667, Time=65.325 sec
[08:30:20] Epoch 24: MSELoss=16.019348, Train RMSE=5.684210, Test RMSE=5.674405, Time=65.483 sec
[08:31:31] Epoch 25: MSELoss=15.897030, Train RMSE=5.661181, Test RMSE=5.651569, Time=70.964 sec
[08:32:33] Epoch 26: MSELoss=15.779390, Train RMSE=5.641402, Test RMSE=5.631624, Time=62.423 sec
[08:33:53] Epoch 27: MSELoss=15.652390, Train RMSE=5.620077, Test RMSE=5.610783, Time=79.158 sec
[08:34:54] Epoch 28: MSELoss=15.544193, Train RMSE=5.600342, Test RMSE=5.591261, Time=60.972 sec
[08:36:26] Epoch 29: MSELoss=15.439393, Train RMSE=5.586288, Test RMSE=5.577646, Time=92.778 sec
[08:37:18] Epoch 30: MSELoss=15.324389, Train RMSE=5.563317, Test RMSE=5.554647, Time=51.481 sec
[08:38:12] Epoch 31: MSELoss=15.232518, Train RMSE=5.545712, Test RMSE=5.537220, Time=54.232 sec
[08:39:03] Epoch 32: MSELoss=15.139546, Train RMSE=5.525624, Test RMSE=5.517018, Time=51.047 sec
[08:39:56] Epoch 33: MSELoss=15.048987, Train RMSE=5.510768, Test RMSE=5.502387, Time=52.416 sec
[08:40:47] Epoch 34: MSELoss=14.959418, Train RMSE=5.496607, Test RMSE=5.488626, Time=51.030 sec
===============================
Start experiment at Mon Sep 29 11:45:39 UTC 2025
Config: batch_size=64, hidden=20, lr=0.005, epochs=200
[11:45:41] Running experiment with batch_size=64, hidden=20, lr=0.005, epochs=200, glob_interval=200, shuffle=True
[11:45:55] Data loading time: 13.949 sec
[11:47:19] Epoch 1: MSELoss=25.363191, Train RMSE=6.967149, Test RMSE=6.965315, Time=83.806 sec
[11:48:21] Epoch 2: MSELoss=22.154833, Train RMSE=6.660954, Test RMSE=6.659313, Time=61.142 sec
[11:49:22] Epoch 3: MSELoss=19.321120, Train RMSE=6.210091, Test RMSE=6.209613, Time=61.147 sec
[11:50:23] Epoch 4: MSELoss=17.107460, Train RMSE=7.177465, Test RMSE=7.182017, Time=61.098 sec
[11:51:23] Epoch 5: MSELoss=16.077981, Train RMSE=5.792648, Test RMSE=5.791367, Time=60.288 sec
[11:52:23] Epoch 6: MSELoss=15.440688, Train RMSE=6.091973, Test RMSE=6.089325, Time=59.776 sec
[11:53:23] Epoch 7: MSELoss=14.941476, Train RMSE=5.641706, Test RMSE=5.639546, Time=60.077 sec
[11:54:23] Epoch 8: MSELoss=14.555622, Train RMSE=5.594144, Test RMSE=5.591942, Time=59.696 sec
[11:55:47] Epoch 9: MSELoss=14.251489, Train RMSE=5.582923, Test RMSE=5.581227, Time=84.051 sec
[11:56:55] Epoch 10: MSELoss=14.005001, Train RMSE=5.644876, Test RMSE=5.644643, Time=68.494 sec
[11:58:32] Epoch 11: MSELoss=13.771235, Train RMSE=5.560437, Test RMSE=5.559207, Time=96.748 sec
[11:59:41] Epoch 12: MSELoss=13.589249, Train RMSE=5.499625, Test RMSE=5.497456, Time=69.003 sec
[12:00:48] Epoch 13: MSELoss=13.397888, Train RMSE=5.489090, Test RMSE=5.487600, Time=66.812 sec
[12:01:53] Epoch 14: MSELoss=13.194035, Train RMSE=5.657353, Test RMSE=5.655052, Time=65.621 sec
[12:02:47] Epoch 15: MSELoss=13.039345, Train RMSE=5.797750, Test RMSE=5.795020, Time=53.080 sec
[12:03:39] Epoch 16: MSELoss=12.793837, Train RMSE=5.441311, Test RMSE=5.440913, Time=52.916 sec
[12:04:32] Epoch 17: MSELoss=12.630577, Train RMSE=5.379662, Test RMSE=5.379123, Time=52.632 sec
[12:05:55] Epoch 18: MSELoss=12.406540, Train RMSE=6.534276, Test RMSE=6.537906, Time=82.933 sec
[12:06:52] Epoch 19: MSELoss=12.236626, Train RMSE=5.328205, Test RMSE=5.328802, Time=57.044 sec
[12:07:49] Epoch 20: MSELoss=12.067434, Train RMSE=5.256075, Test RMSE=5.255183, Time=57.400 sec
[12:09:15] Epoch 21: MSELoss=11.878881, Train RMSE=5.217416, Test RMSE=5.216581, Time=85.369 sec
[12:10:16] Epoch 22: MSELoss=11.700879, Train RMSE=6.656308, Test RMSE=6.658864, Time=61.449 sec
[12:11:14] Epoch 23: MSELoss=11.567242, Train RMSE=5.168305, Test RMSE=5.166709, Time=57.615 sec
[12:12:12] Epoch 24: MSELoss=11.402502, Train RMSE=5.106651, Test RMSE=5.105352, Time=57.623 sec
[12:13:09] Epoch 25: MSELoss=11.278328, Train RMSE=5.246953, Test RMSE=5.242824, Time=56.999 sec
[12:14:24] Epoch 26: MSELoss=11.161918, Train RMSE=4.984137, Test RMSE=4.982833, Time=75.493 sec
[12:15:42] Epoch 27: MSELoss=10.968646, Train RMSE=4.966768, Test RMSE=4.963465, Time=77.471 sec
[12:17:09] Epoch 28: MSELoss=10.894662, Train RMSE=4.893120, Test RMSE=4.889681, Time=86.937 sec
[12:18:10] Epoch 29: MSELoss=10.816492, Train RMSE=4.814533, Test RMSE=4.811130, Time=61.280 sec
[12:19:11] Epoch 30: MSELoss=10.710257, Train RMSE=4.835110, Test RMSE=4.831352, Time=61.173 sec
[12:20:43] Epoch 31: MSELoss=10.590798, Train RMSE=4.794579, Test RMSE=4.789465, Time=92.006 sec
[12:21:47] Epoch 32: MSELoss=10.512752, Train RMSE=4.767150, Test RMSE=4.761623, Time=63.987 sec
[12:22:51] Epoch 33: MSELoss=10.447252, Train RMSE=5.070511, Test RMSE=5.067141, Time=63.557 sec
[12:23:53] Epoch 34: MSELoss=10.399659, Train RMSE=4.751543, Test RMSE=4.746426, Time=62.302 sec
[12:24:55] Epoch 35: MSELoss=10.364761, Train RMSE=6.016776, Test RMSE=6.019463, Time=62.166 sec
[12:25:57] Epoch 36: MSELoss=10.271072, Train RMSE=4.717802, Test RMSE=4.712240, Time=61.696 sec
[12:27:27] Epoch 37: MSELoss=10.253957, Train RMSE=4.707650, Test RMSE=4.702959, Time=90.176 sec
[12:28:28] Epoch 38: MSELoss=10.202513, Train RMSE=4.869255, Test RMSE=4.867121, Time=61.391 sec
[12:29:28] Epoch 39: MSELoss=10.204565, Train RMSE=4.748611, Test RMSE=4.743199, Time=59.874 sec
[12:30:29] Epoch 40: MSELoss=10.149729, Train RMSE=4.654907, Test RMSE=4.650520, Time=61.037 sec
[12:32:02] Epoch 41: MSELoss=10.138235, Train RMSE=7.715645, Test RMSE=7.721077, Time=92.637 sec
[12:33:05] Epoch 42: MSELoss=10.124356, Train RMSE=4.647777, Test RMSE=4.642514, Time=63.240 sec
[12:34:09] Epoch 43: MSELoss=10.100804, Train RMSE=4.617424, Test RMSE=4.614149, Time=63.315 sec
[12:35:11] Epoch 44: MSELoss=10.089327, Train RMSE=4.592691, Test RMSE=4.588930, Time=62.229 sec
[12:36:13] Epoch 45: MSELoss=10.020122, Train RMSE=4.661701, Test RMSE=4.658412, Time=62.025 sec
[12:37:42] Epoch 46: MSELoss=9.998941, Train RMSE=4.618291, Test RMSE=4.614981, Time=88.709 sec
[12:38:46] Epoch 47: MSELoss=9.994680, Train RMSE=4.604078, Test RMSE=4.600621, Time=64.276 sec
[12:39:51] Epoch 48: MSELoss=9.985063, Train RMSE=4.619810, Test RMSE=4.615418, Time=64.720 sec
[12:40:55] Epoch 49: MSELoss=9.998764, Train RMSE=4.605208, Test RMSE=4.602351, Time=64.688 sec
[12:42:00] Epoch 50: MSELoss=9.961186, Train RMSE=4.796614, Test RMSE=4.791283, Time=64.679 sec
[12:43:33] Epoch 51: MSELoss=9.969133, Train RMSE=4.783718, Test RMSE=4.779787, Time=92.979 sec
[12:44:38] Epoch 52: MSELoss=9.908048, Train RMSE=4.605721, Test RMSE=4.602012, Time=65.287 sec
[12:45:46] Epoch 53: MSELoss=9.930839, Train RMSE=4.739047, Test RMSE=4.739176, Time=67.989 sec
[12:46:58] Epoch 54: MSELoss=9.928738, Train RMSE=4.618304, Test RMSE=4.616743, Time=71.994 sec
[12:48:38] Epoch 55: MSELoss=9.921733, Train RMSE=8.354103, Test RMSE=8.360962, Time=100.099 sec
[12:49:50] Epoch 56: MSELoss=9.898850, Train RMSE=4.567333, Test RMSE=4.567265, Time=71.277 sec
[12:51:02] Epoch 57: MSELoss=9.887846, Train RMSE=4.556686, Test RMSE=4.556864, Time=72.438 sec
[12:52:13] Epoch 58: MSELoss=9.844396, Train RMSE=6.516526, Test RMSE=6.511144, Time=71.255 sec
[12:53:31] Epoch 59: MSELoss=9.855312, Train RMSE=6.804203, Test RMSE=6.801769, Time=77.412 sec
[12:55:04] Epoch 60: MSELoss=9.871555, Train RMSE=4.573873, Test RMSE=4.573466, Time=93.016 sec
[12:56:09] Epoch 61: MSELoss=9.826329, Train RMSE=4.821643, Test RMSE=4.817811, Time=65.439 sec
[12:57:15] Epoch 62: MSELoss=9.846312, Train RMSE=5.313057, Test RMSE=5.311361, Time=65.300 sec
[12:58:46] Epoch 63: MSELoss=9.825695, Train RMSE=4.566055, Test RMSE=4.564262, Time=90.955 sec
[12:59:51] Epoch 64: MSELoss=9.796141, Train RMSE=4.552537, Test RMSE=4.552347, Time=65.725 sec
[13:00:57] Epoch 65: MSELoss=9.796595, Train RMSE=4.625668, Test RMSE=4.623781, Time=65.344 sec
[13:02:02] Epoch 66: MSELoss=9.782091, Train RMSE=4.552802, Test RMSE=4.552881, Time=65.493 sec
[13:03:07] Epoch 67: MSELoss=9.801109, Train RMSE=4.571505, Test RMSE=4.573155, Time=64.789 sec
[13:04:12] Epoch 68: MSELoss=9.771256, Train RMSE=4.598874, Test RMSE=4.596438, Time=65.149 sec
[13:05:45] Epoch 69: MSELoss=9.755496, Train RMSE=4.551503, Test RMSE=4.551210, Time=92.497 sec
[13:06:52] Epoch 70: MSELoss=9.779306, Train RMSE=4.535542, Test RMSE=4.532568, Time=66.893 sec
[13:07:57] Epoch 71: MSELoss=9.761718, Train RMSE=4.523828, Test RMSE=4.524680, Time=65.073 sec
[13:09:27] Epoch 72: MSELoss=9.744461, Train RMSE=7.476977, Test RMSE=7.487002, Time=90.814 sec
[13:10:31] Epoch 73: MSELoss=9.767375, Train RMSE=4.604481, Test RMSE=4.605772, Time=63.257 sec
[13:11:35] Epoch 74: MSELoss=9.718466, Train RMSE=4.547111, Test RMSE=4.544072, Time=63.761 sec
[13:12:36] Epoch 75: MSELoss=9.730706, Train RMSE=4.514053, Test RMSE=4.516828, Time=61.742 sec
[13:13:38] Epoch 76: MSELoss=9.721820, Train RMSE=4.523915, Test RMSE=4.524094, Time=62.106 sec
[13:14:38] Epoch 77: MSELoss=9.702053, Train RMSE=4.518431, Test RMSE=4.519181, Time=59.713 sec
[13:15:40] Epoch 78: MSELoss=9.668859, Train RMSE=4.510520, Test RMSE=4.511684, Time=61.703 sec
[13:17:14] Epoch 79: MSELoss=9.699643, Train RMSE=4.533457, Test RMSE=4.531914, Time=94.442 sec
[13:18:20] Epoch 80: MSELoss=9.708035, Train RMSE=4.487845, Test RMSE=4.492216, Time=65.657 sec
[13:19:45] Epoch 81: MSELoss=9.683387, Train RMSE=4.614133, Test RMSE=4.613855, Time=85.056 sec
[13:21:00] Epoch 82: MSELoss=9.667857, Train RMSE=6.784120, Test RMSE=6.793615, Time=74.496 sec
[13:22:04] Epoch 83: MSELoss=9.661115, Train RMSE=4.508973, Test RMSE=4.511923, Time=64.760 sec
[13:23:11] Epoch 84: MSELoss=9.667992, Train RMSE=4.565356, Test RMSE=4.568342, Time=66.710 sec
[13:24:16] Epoch 85: MSELoss=9.652171, Train RMSE=4.520082, Test RMSE=4.520573, Time=64.408 sec
[13:25:23] Epoch 86: MSELoss=9.646599, Train RMSE=11.949143, Test RMSE=11.962875, Time=67.735 sec
[13:26:33] Epoch 87: MSELoss=9.674632, Train RMSE=4.516196, Test RMSE=4.517915, Time=69.480 sec
[13:28:07] Epoch 88: MSELoss=9.636545, Train RMSE=4.618769, Test RMSE=4.625416, Time=94.255 sec
[13:29:21] Epoch 89: MSELoss=9.632460, Train RMSE=4.597838, Test RMSE=4.597312, Time=73.773 sec
[13:30:53] Epoch 90: MSELoss=9.610705, Train RMSE=4.542213, Test RMSE=4.543047, Time=92.488 sec
[13:31:57] Epoch 91: MSELoss=9.627785, Train RMSE=4.521730, Test RMSE=4.525851, Time=63.941 sec
[13:33:02] Epoch 92: MSELoss=9.613857, Train RMSE=4.835051, Test RMSE=4.834779, Time=65.184 sec
[13:34:08] Epoch 93: MSELoss=9.604112, Train RMSE=4.486778, Test RMSE=4.491183, Time=65.162 sec
[13:35:12] Epoch 94: MSELoss=9.583567, Train RMSE=4.497661, Test RMSE=4.502760, Time=64.629 sec
[13:36:16] Epoch 95: MSELoss=9.601163, Train RMSE=5.286262, Test RMSE=5.292743, Time=64.166 sec
[13:37:20] Epoch 96: MSELoss=9.569046, Train RMSE=4.529272, Test RMSE=4.530871, Time=63.792 sec
[13:38:25] Epoch 97: MSELoss=9.592852, Train RMSE=4.881370, Test RMSE=4.883946, Time=64.530 sec
[13:39:56] Epoch 98: MSELoss=9.567446, Train RMSE=4.517283, Test RMSE=4.517851, Time=90.848 sec
[13:41:27] Epoch 99: MSELoss=9.568496, Train RMSE=4.508843, Test RMSE=4.509086, Time=91.237 sec
[13:42:26] Epoch 100: MSELoss=9.577227, Train RMSE=4.478175, Test RMSE=4.480851, Time=58.586 sec
[13:43:25] Epoch 101: MSELoss=9.558034, Train RMSE=4.478805, Test RMSE=4.484049, Time=59.069 sec
[13:44:24] Epoch 102: MSELoss=9.543111, Train RMSE=4.518392, Test RMSE=4.520542, Time=59.112 sec
[13:45:21] Epoch 103: MSELoss=9.558680, Train RMSE=4.502129, Test RMSE=4.503972, Time=57.341 sec
[13:46:21] Epoch 104: MSELoss=9.555119, Train RMSE=4.697284, Test RMSE=4.697916, Time=59.688 sec
[13:47:29] Epoch 105: MSELoss=9.536158, Train RMSE=4.488514, Test RMSE=4.489018, Time=68.360 sec
[13:48:36] Epoch 106: MSELoss=9.551137, Train RMSE=4.512826, Test RMSE=4.518263, Time=67.057 sec
[13:49:47] Epoch 107: MSELoss=9.538365, Train RMSE=5.227184, Test RMSE=5.231106, Time=70.503 sec
[13:51:44] Epoch 108: MSELoss=9.525296, Train RMSE=4.483584, Test RMSE=4.484944, Time=117.144 sec
[13:52:47] Epoch 109: MSELoss=9.526563, Train RMSE=4.538871, Test RMSE=4.541541, Time=62.835 sec
[13:53:47] Epoch 110: MSELoss=9.520071, Train RMSE=4.463248, Test RMSE=4.469686, Time=60.267 sec
[13:54:47] Epoch 111: MSELoss=9.524473, Train RMSE=4.459282, Test RMSE=4.465406, Time=60.165 sec
[13:55:48] Epoch 112: MSELoss=9.521721, Train RMSE=4.571672, Test RMSE=4.576109, Time=61.096 sec
[13:56:49] Epoch 113: MSELoss=9.489296, Train RMSE=4.485050, Test RMSE=4.489789, Time=60.261 sec
[13:57:50] Epoch 114: MSELoss=9.512832, Train RMSE=4.459803, Test RMSE=4.467442, Time=61.467 sec
[13:58:52] Epoch 115: MSELoss=9.504693, Train RMSE=4.460100, Test RMSE=4.466054, Time=61.960 sec
[13:59:52] Epoch 116: MSELoss=9.493707, Train RMSE=4.466192, Test RMSE=4.470127, Time=59.875 sec
[14:00:53] Epoch 117: MSELoss=9.502637, Train RMSE=4.450419, Test RMSE=4.454899, Time=60.653 sec
[14:02:43] Epoch 118: MSELoss=9.483119, Train RMSE=4.481490, Test RMSE=4.482063, Time=110.605 sec
[14:03:50] Epoch 119: MSELoss=9.494481, Train RMSE=5.080568, Test RMSE=5.092333, Time=66.566 sec
[14:04:57] Epoch 120: MSELoss=9.484730, Train RMSE=4.445248, Test RMSE=4.450400, Time=66.742 sec
[14:06:04] Epoch 121: MSELoss=9.472977, Train RMSE=4.474142, Test RMSE=4.476621, Time=67.063 sec
[14:07:11] Epoch 122: MSELoss=9.491590, Train RMSE=4.587232, Test RMSE=4.590006, Time=66.901 sec
[14:08:18] Epoch 123: MSELoss=9.469960, Train RMSE=4.467357, Test RMSE=4.471905, Time=67.836 sec
[14:09:26] Epoch 124: MSELoss=9.456104, Train RMSE=4.479986, Test RMSE=4.479686, Time=67.512 sec
[14:10:33] Epoch 125: MSELoss=9.483354, Train RMSE=4.444761, Test RMSE=4.451000, Time=67.416 sec
[14:11:40] Epoch 126: MSELoss=9.471504, Train RMSE=4.465851, Test RMSE=4.473080, Time=66.653 sec
[14:13:24] Epoch 127: MSELoss=9.466455, Train RMSE=4.485109, Test RMSE=4.492514, Time=103.968 sec
[14:14:35] Epoch 128: MSELoss=9.452447, Train RMSE=4.461099, Test RMSE=4.465652, Time=70.431 sec
[14:15:42] Epoch 129: MSELoss=9.458754, Train RMSE=4.448526, Test RMSE=4.452689, Time=67.079 sec
[14:16:48] Epoch 130: MSELoss=9.451224, Train RMSE=4.443752, Test RMSE=4.445553, Time=66.373 sec
[14:17:55] Epoch 131: MSELoss=9.450975, Train RMSE=4.449805, Test RMSE=4.450587, Time=66.456 sec
[14:19:00] Epoch 132: MSELoss=9.456238, Train RMSE=4.446209, Test RMSE=4.453777, Time=65.951 sec
[14:20:06] Epoch 133: MSELoss=9.440034, Train RMSE=4.458354, Test RMSE=4.467117, Time=65.464 sec
[14:21:12] Epoch 134: MSELoss=9.442576, Train RMSE=4.431383, Test RMSE=4.437447, Time=66.519 sec
[14:22:19] Epoch 135: MSELoss=9.445068, Train RMSE=4.420096, Test RMSE=4.430870, Time=66.234 sec
[14:24:07] Epoch 136: MSELoss=9.422568, Train RMSE=6.167187, Test RMSE=6.178192, Time=107.748 sec
[14:25:26] Epoch 137: MSELoss=9.455066, Train RMSE=4.433184, Test RMSE=4.438537, Time=79.771 sec
[14:26:33] Epoch 138: MSELoss=9.429480, Train RMSE=4.538007, Test RMSE=4.551014, Time=66.166 sec
[14:27:39] Epoch 139: MSELoss=9.437112, Train RMSE=4.410539, Test RMSE=4.421650, Time=66.765 sec
[14:28:46] Epoch 140: MSELoss=9.436421, Train RMSE=4.429398, Test RMSE=4.438939, Time=66.980 sec
[14:29:53] Epoch 141: MSELoss=9.410315, Train RMSE=4.421603, Test RMSE=4.433800, Time=67.055 sec
[14:31:01] Epoch 142: MSELoss=9.403593, Train RMSE=6.213728, Test RMSE=6.222937, Time=67.270 sec
[14:32:06] Epoch 143: MSELoss=9.430853, Train RMSE=4.440475, Test RMSE=4.445873, Time=65.331 sec
[14:33:00] Epoch 144: MSELoss=9.415873, Train RMSE=4.436490, Test RMSE=4.441364, Time=53.819 sec
[14:34:22] Epoch 145: MSELoss=9.419072, Train RMSE=4.429580, Test RMSE=4.434124, Time=81.784 sec
[14:35:53] Epoch 146: MSELoss=9.415362, Train RMSE=4.409819, Test RMSE=4.420798, Time=91.184 sec
[14:37:02] Epoch 147: MSELoss=9.396620, Train RMSE=4.450733, Test RMSE=4.455192, Time=69.563 sec
[14:38:08] Epoch 148: MSELoss=9.405155, Train RMSE=4.410003, Test RMSE=4.419799, Time=65.159 sec
[14:39:13] Epoch 149: MSELoss=9.397908, Train RMSE=4.422621, Test RMSE=4.429525, Time=65.222 sec
[14:40:18] Epoch 150: MSELoss=9.400745, Train RMSE=8.443305, Test RMSE=8.446318, Time=65.261 sec
[14:41:24] Epoch 151: MSELoss=9.435203, Train RMSE=6.647967, Test RMSE=6.662452, Time=66.029 sec
[14:42:30] Epoch 152: MSELoss=9.400974, Train RMSE=4.411350, Test RMSE=4.423655, Time=66.368 sec
[14:43:36] Epoch 153: MSELoss=9.401701, Train RMSE=4.423134, Test RMSE=4.431269, Time=65.961 sec
[14:45:12] Epoch 154: MSELoss=9.396275, Train RMSE=4.410842, Test RMSE=4.424155, Time=95.474 sec
[14:46:24] Epoch 155: MSELoss=9.369411, Train RMSE=4.431608, Test RMSE=4.437153, Time=71.825 sec
[14:47:52] Epoch 156: MSELoss=9.397711, Train RMSE=4.407803, Test RMSE=4.419865, Time=87.748 sec
[14:48:57] Epoch 157: MSELoss=9.383817, Train RMSE=4.433455, Test RMSE=4.445219, Time=65.510 sec
[14:50:03] Epoch 158: MSELoss=9.391176, Train RMSE=4.475003, Test RMSE=4.486031, Time=65.694 sec
[14:51:10] Epoch 159: MSELoss=9.397536, Train RMSE=4.404581, Test RMSE=4.415805, Time=67.268 sec
[14:52:16] Epoch 160: MSELoss=9.360235, Train RMSE=4.429759, Test RMSE=4.434543, Time=65.787 sec
[14:53:22] Epoch 161: MSELoss=9.393366, Train RMSE=5.443367, Test RMSE=5.462328, Time=66.112 sec
[14:54:28] Epoch 162: MSELoss=9.364735, Train RMSE=4.411970, Test RMSE=4.417992, Time=65.556 sec
[14:55:55] Epoch 163: MSELoss=9.373246, Train RMSE=4.467509, Test RMSE=4.478515, Time=87.581 sec
[14:56:48] Epoch 164: MSELoss=9.346531, Train RMSE=4.434727, Test RMSE=4.441311, Time=52.725 sec
[14:57:56] Epoch 165: MSELoss=9.367378, Train RMSE=4.431393, Test RMSE=4.439585, Time=67.715 sec
[14:59:09] Epoch 166: MSELoss=9.377961, Train RMSE=4.404083, Test RMSE=4.412231, Time=73.120 sec
[14:59:58] Epoch 167: MSELoss=9.370679, Train RMSE=5.015631, Test RMSE=5.027067, Time=49.257 sec
[15:00:54] Epoch 168: MSELoss=9.366892, Train RMSE=4.401612, Test RMSE=4.413421, Time=55.858 sec
[15:01:48] Epoch 169: MSELoss=9.361433, Train RMSE=4.645776, Test RMSE=4.658305, Time=53.798 sec
[15:02:41] Epoch 170: MSELoss=9.355477, Train RMSE=4.396668, Test RMSE=4.408984, Time=53.570 sec
[15:03:37] Epoch 171: MSELoss=9.355103, Train RMSE=4.507741, Test RMSE=4.515405, Time=55.396 sec
[15:04:30] Epoch 172: MSELoss=9.356056, Train RMSE=4.405683, Test RMSE=4.419338, Time=53.556 sec
[15:05:25] Epoch 173: MSELoss=9.339772, Train RMSE=4.406468, Test RMSE=4.413834, Time=55.177 sec
[15:06:55] Epoch 174: MSELoss=9.348547, Train RMSE=6.354701, Test RMSE=6.356597, Time=89.463 sec
[15:08:00] Epoch 175: MSELoss=9.351056, Train RMSE=4.406776, Test RMSE=4.414722, Time=64.813 sec
[15:09:17] Epoch 176: MSELoss=9.345267, Train RMSE=4.405867, Test RMSE=4.413213, Time=77.217 sec
[15:10:39] Epoch 177: MSELoss=9.341800, Train RMSE=4.396691, Test RMSE=4.408616, Time=82.295 sec
[15:11:46] Epoch 178: MSELoss=9.344107, Train RMSE=4.423050, Test RMSE=4.432805, Time=66.718 sec
[15:12:51] Epoch 179: MSELoss=9.345441, Train RMSE=4.408948, Test RMSE=4.414567, Time=64.791 sec
[15:13:53] Epoch 180: MSELoss=9.345158, Train RMSE=4.382599, Test RMSE=4.395648, Time=62.280 sec
[15:14:51] Epoch 181: MSELoss=9.339396, Train RMSE=4.403888, Test RMSE=4.414944, Time=58.108 sec
[15:15:54] Epoch 182: MSELoss=9.340956, Train RMSE=4.392536, Test RMSE=4.409081, Time=62.462 sec
[15:17:25] Epoch 183: MSELoss=9.329458, Train RMSE=4.407071, Test RMSE=4.414415, Time=90.944 sec
[15:18:28] Epoch 184: MSELoss=9.343304, Train RMSE=4.404973, Test RMSE=4.414946, Time=63.735 sec
[15:19:33] Epoch 185: MSELoss=9.332041, Train RMSE=4.381005, Test RMSE=4.393775, Time=64.211 sec
[15:21:00] Epoch 186: MSELoss=9.331203, Train RMSE=4.386922, Test RMSE=4.398664, Time=87.035 sec
[15:22:11] Epoch 187: MSELoss=9.324467, Train RMSE=4.387921, Test RMSE=4.402403, Time=71.704 sec
[15:23:16] Epoch 188: MSELoss=9.331731, Train RMSE=4.374515, Test RMSE=4.390120, Time=64.579 sec
[15:24:20] Epoch 189: MSELoss=9.315616, Train RMSE=4.396239, Test RMSE=4.405173, Time=64.068 sec
[15:25:24] Epoch 190: MSELoss=9.336584, Train RMSE=4.377664, Test RMSE=4.391184, Time=63.771 sec
[15:26:22] Epoch 191: MSELoss=9.331678, Train RMSE=4.404197, Test RMSE=4.418845, Time=58.574 sec
[15:27:47] Epoch 192: MSELoss=9.324855, Train RMSE=4.405846, Test RMSE=4.421026, Time=84.110 sec
[15:28:37] Epoch 193: MSELoss=9.318454, Train RMSE=4.404776, Test RMSE=4.413834, Time=50.499 sec
[15:29:27] Epoch 194: MSELoss=9.319306, Train RMSE=4.413827, Test RMSE=4.423242, Time=49.979 sec
[15:30:17] Epoch 195: MSELoss=9.308550, Train RMSE=4.380396, Test RMSE=4.392724, Time=50.232 sec
[15:31:08] Epoch 196: MSELoss=9.319914, Train RMSE=4.672087, Test RMSE=4.676787, Time=50.708 sec
[15:32:39] Epoch 197: MSELoss=9.316144, Train RMSE=4.452191, Test RMSE=4.463756, Time=91.091 sec
[15:33:35] Epoch 198: MSELoss=9.318564, Train RMSE=4.374120, Test RMSE=4.389165, Time=55.969 sec
[15:34:30] Epoch 199: MSELoss=9.312733, Train RMSE=4.415240, Test RMSE=4.427479, Time=54.794 sec
[15:35:23] Epoch 200: MSELoss=9.330084, Train RMSE=4.368087, Test RMSE=4.383437, Time=53.364 sec

