===============================
Start experiment at Mon Sep 29 05:01:25 UTC 2025
Config: batch_size=512, hidden=20, lr=0.001, epochs=200
[05:01:29] Running experiment with batch_size=512, hidden=20, lr=0.001, epochs=200, glob_interval=200, shuffle=True
[05:01:46] Data loading time: 16.891 sec
[05:01:56] Epoch 1: MSELoss=44.851545, Train RMSE=8.599528, Test RMSE=8.614139, Time=10.463 sec
[05:02:31] Epoch 2: MSELoss=34.858331, Train RMSE=8.185118, Test RMSE=8.201226, Time=35.076 sec
[05:02:48] Epoch 3: MSELoss=32.885780, Train RMSE=8.049376, Test RMSE=8.065712, Time=17.067 sec
[05:03:04] Epoch 4: MSELoss=32.082849, Train RMSE=7.975217, Test RMSE=7.991691, Time=15.475 sec
[05:03:13] Epoch 5: MSELoss=31.590479, Train RMSE=7.923453, Test RMSE=7.940087, Time=9.213 sec
[05:03:22] Epoch 6: MSELoss=31.227303, Train RMSE=7.882692, Test RMSE=7.899445, Time=8.968 sec
[05:03:31] Epoch 7: MSELoss=30.932887, Train RMSE=7.848399, Test RMSE=7.865261, Time=8.852 sec
[05:03:40] Epoch 8: MSELoss=30.681030, Train RMSE=7.818372, Test RMSE=7.835359, Time=8.927 sec
[05:03:49] Epoch 9: MSELoss=30.458362, Train RMSE=7.791339, Test RMSE=7.808463, Time=8.941 sec
[05:03:58] Epoch 10: MSELoss=30.256862, Train RMSE=7.766629, Test RMSE=7.783869, Time=8.900 sec
[05:04:06] Epoch 11: MSELoss=30.072240, Train RMSE=7.743776, Test RMSE=7.761117, Time=8.871 sec
[05:04:16] Epoch 12: MSELoss=29.901138, Train RMSE=7.722455, Test RMSE=7.739909, Time=9.604 sec
[05:04:25] Epoch 13: MSELoss=29.741433, Train RMSE=7.702417, Test RMSE=7.719985, Time=9.007 sec
[05:04:34] Epoch 14: MSELoss=29.591461, Train RMSE=7.683552, Test RMSE=7.701228, Time=8.888 sec
[05:04:43] Epoch 15: MSELoss=29.450415, Train RMSE=7.665685, Test RMSE=7.683449, Time=8.778 sec
[05:04:52] Epoch 16: MSELoss=29.317082, Train RMSE=7.648767, Test RMSE=7.666604, Time=8.800 sec
[05:05:01] Epoch 17: MSELoss=29.190889, Train RMSE=7.632713, Test RMSE=7.650612, Time=9.043 sec
[05:05:10] Epoch 18: MSELoss=29.071284, Train RMSE=7.617449, Test RMSE=7.635401, Time=8.953 sec
[05:05:19] Epoch 19: MSELoss=28.957717, Train RMSE=7.602907, Test RMSE=7.620911, Time=9.159 sec
[05:05:28] Epoch 20: MSELoss=28.849660, Train RMSE=7.589015, Test RMSE=7.607073, Time=9.084 sec
[05:05:37] Epoch 21: MSELoss=28.746513, Train RMSE=7.575754, Test RMSE=7.593868, Time=9.190 sec
[05:05:46] Epoch 22: MSELoss=28.648134, Train RMSE=7.563055, Test RMSE=7.581234, Time=9.099 sec
[05:05:55] Epoch 23: MSELoss=28.554024, Train RMSE=7.550884, Test RMSE=7.569124, Time=9.298 sec
[05:06:05] Epoch 24: MSELoss=28.463999, Train RMSE=7.539190, Test RMSE=7.557491, Time=9.166 sec
[05:06:14] Epoch 25: MSELoss=28.377510, Train RMSE=7.527958, Test RMSE=7.546325, Time=9.088 sec
[05:06:23] Epoch 26: MSELoss=28.294512, Train RMSE=7.517148, Test RMSE=7.535575, Time=9.230 sec
[05:06:32] Epoch 27: MSELoss=28.214617, Train RMSE=7.506713, Test RMSE=7.525195, Time=9.095 sec
[05:06:41] Epoch 28: MSELoss=28.137611, Train RMSE=7.496647, Test RMSE=7.515177, Time=8.881 sec
[05:06:50] Epoch 29: MSELoss=28.063388, Train RMSE=7.486900, Test RMSE=7.505475, Time=9.245 sec
[05:06:59] Epoch 30: MSELoss=27.991591, Train RMSE=7.477488, Test RMSE=7.496102, Time=9.222 sec
[05:07:08] Epoch 31: MSELoss=27.922322, Train RMSE=7.468363, Test RMSE=7.487012, Time=8.962 sec
[05:07:17] Epoch 32: MSELoss=27.855213, Train RMSE=7.459538, Test RMSE=7.478211, Time=9.022 sec
[05:07:26] Epoch 33: MSELoss=27.790306, Train RMSE=7.450969, Test RMSE=7.469661, Time=9.002 sec
[05:07:36] Epoch 34: MSELoss=27.727266, Train RMSE=7.442645, Test RMSE=7.461354, Time=9.282 sec
[05:07:45] Epoch 35: MSELoss=27.666145, Train RMSE=7.434544, Test RMSE=7.453266, Time=9.032 sec
[05:07:54] Epoch 36: MSELoss=27.606792, Train RMSE=7.426679, Test RMSE=7.445415, Time=9.067 sec
[05:08:03] Epoch 37: MSELoss=27.549207, Train RMSE=7.419053, Test RMSE=7.437802, Time=9.241 sec
[05:08:12] Epoch 38: MSELoss=27.493450, Train RMSE=7.411629, Test RMSE=7.430390, Time=9.169 sec
[05:08:22] Epoch 39: MSELoss=27.439155, Train RMSE=7.404442, Test RMSE=7.423210, Time=9.263 sec
[05:08:31] Epoch 40: MSELoss=27.386527, Train RMSE=7.397460, Test RMSE=7.416235, Time=9.103 sec
[05:08:40] Epoch 41: MSELoss=27.335530, Train RMSE=7.390656, Test RMSE=7.409439, Time=9.095 sec
[05:08:49] Epoch 42: MSELoss=27.285991, Train RMSE=7.384021, Test RMSE=7.402817, Time=9.165 sec
[05:08:58] Epoch 43: MSELoss=27.237705, Train RMSE=7.377576, Test RMSE=7.396381, Time=9.019 sec
[05:09:07] Epoch 44: MSELoss=27.190817, Train RMSE=7.371313, Test RMSE=7.390124, Time=8.897 sec
[05:09:16] Epoch 45: MSELoss=27.145198, Train RMSE=7.365214, Test RMSE=7.384034, Time=9.044 sec
[05:09:25] Epoch 46: MSELoss=27.100792, Train RMSE=7.359275, Test RMSE=7.378099, Time=9.005 sec
[05:09:34] Epoch 47: MSELoss=27.057630, Train RMSE=7.353487, Test RMSE=7.372313, Time=8.925 sec
[05:09:43] Epoch 48: MSELoss=27.015617, Train RMSE=7.347854, Test RMSE=7.366682, Time=9.158 sec
[05:09:52] Epoch 49: MSELoss=26.974663, Train RMSE=7.342376, Test RMSE=7.361200, Time=9.133 sec
[05:10:01] Epoch 50: MSELoss=26.934996, Train RMSE=7.337004, Test RMSE=7.355824, Time=9.217 sec
[05:10:10] Epoch 51: MSELoss=26.896066, Train RMSE=7.331790, Test RMSE=7.350607, Time=8.880 sec
[05:10:19] Epoch 52: MSELoss=26.858293, Train RMSE=7.326677, Test RMSE=7.345489, Time=8.845 sec
[05:10:28] Epoch 53: MSELoss=26.821306, Train RMSE=7.321692, Test RMSE=7.340499, Time=8.843 sec
[05:10:37] Epoch 54: MSELoss=26.785124, Train RMSE=7.316838, Test RMSE=7.335643, Time=9.322 sec
[05:10:46] Epoch 55: MSELoss=26.749960, Train RMSE=7.312080, Test RMSE=7.330884, Time=8.697 sec
[05:10:55] Epoch 56: MSELoss=26.715494, Train RMSE=7.307438, Test RMSE=7.326240, Time=8.930 sec
[05:11:04] Epoch 57: MSELoss=26.681937, Train RMSE=7.302890, Test RMSE=7.321690, Time=8.910 sec
[05:11:13] Epoch 58: MSELoss=26.649119, Train RMSE=7.298428, Test RMSE=7.317224, Time=9.074 sec
[05:11:22] Epoch 59: MSELoss=26.616916, Train RMSE=7.294079, Test RMSE=7.312874, Time=8.737 sec
[05:11:31] Epoch 60: MSELoss=26.585480, Train RMSE=7.289826, Test RMSE=7.308619, Time=8.805 sec
[05:11:39] Epoch 61: MSELoss=26.554803, Train RMSE=7.285653, Test RMSE=7.304448, Time=8.703 sec
[05:11:48] Epoch 62: MSELoss=26.524699, Train RMSE=7.281561, Test RMSE=7.300357, Time=8.842 sec
[05:11:57] Epoch 63: MSELoss=26.495225, Train RMSE=7.277562, Test RMSE=7.296362, Time=8.755 sec
[05:12:06] Epoch 64: MSELoss=26.466364, Train RMSE=7.273638, Test RMSE=7.292442, Time=8.899 sec
[05:12:15] Epoch 65: MSELoss=26.438028, Train RMSE=7.269801, Test RMSE=7.288607, Time=8.701 sec
[05:12:23] Epoch 66: MSELoss=26.410527, Train RMSE=7.265999, Test RMSE=7.284809, Time=8.760 sec
[05:12:51] Epoch 67: MSELoss=26.383218, Train RMSE=7.262306, Test RMSE=7.281119, Time=27.374 sec
[05:13:07] Epoch 68: MSELoss=26.356528, Train RMSE=7.258687, Test RMSE=7.277502, Time=15.955 sec
[05:13:29] Epoch 69: MSELoss=26.330413, Train RMSE=7.255137, Test RMSE=7.273953, Time=22.642 sec
[05:13:48] Epoch 70: MSELoss=26.304849, Train RMSE=7.251635, Test RMSE=7.270453, Time=18.427 sec
[05:14:02] Epoch 71: MSELoss=26.279663, Train RMSE=7.248192, Test RMSE=7.267013, Time=14.142 sec
[05:14:16] Epoch 72: MSELoss=26.254945, Train RMSE=7.244828, Test RMSE=7.263651, Time=14.133 sec
[05:14:25] Epoch 73: MSELoss=26.230700, Train RMSE=7.241531, Test RMSE=7.260357, Time=8.887 sec
[05:14:34] Epoch 74: MSELoss=26.207070, Train RMSE=7.238248, Test RMSE=7.257079, Time=8.823 sec
[05:14:43] Epoch 75: MSELoss=26.183598, Train RMSE=7.235064, Test RMSE=7.253901, Time=8.777 sec
[05:14:51] Epoch 76: MSELoss=26.160647, Train RMSE=7.231929, Test RMSE=7.250770, Time=8.814 sec
[05:15:01] Epoch 77: MSELoss=26.138091, Train RMSE=7.228842, Test RMSE=7.247689, Time=9.042 sec
[05:15:10] Epoch 78: MSELoss=26.116039, Train RMSE=7.225785, Test RMSE=7.244638, Time=9.372 sec
[05:15:19] Epoch 79: MSELoss=26.094188, Train RMSE=7.222794, Test RMSE=7.241655, Time=9.120 sec
[05:15:29] Epoch 80: MSELoss=26.072695, Train RMSE=7.219849, Test RMSE=7.238718, Time=9.493 sec
[05:15:38] Epoch 81: MSELoss=26.051478, Train RMSE=7.216958, Test RMSE=7.235837, Time=9.355 sec
[05:15:47] Epoch 82: MSELoss=26.030882, Train RMSE=7.214093, Test RMSE=7.232982, Time=8.805 sec
[05:15:56] Epoch 83: MSELoss=26.010391, Train RMSE=7.211269, Test RMSE=7.230169, Time=8.926 sec
[05:16:05] Epoch 84: MSELoss=25.990137, Train RMSE=7.208512, Test RMSE=7.227421, Time=8.892 sec
[05:16:13] Epoch 85: MSELoss=25.970243, Train RMSE=7.205798, Test RMSE=7.224717, Time=8.859 sec
[05:16:22] Epoch 86: MSELoss=25.950982, Train RMSE=7.203065, Test RMSE=7.221995, Time=8.869 sec
[05:16:31] Epoch 87: MSELoss=25.931438, Train RMSE=7.200438, Test RMSE=7.219375, Time=8.820 sec
[05:16:40] Epoch 88: MSELoss=25.912669, Train RMSE=7.197809, Test RMSE=7.216755, Time=8.856 sec
[05:16:49] Epoch 89: MSELoss=25.893897, Train RMSE=7.195237, Test RMSE=7.214193, Time=8.926 sec
[05:16:58] Epoch 90: MSELoss=25.875466, Train RMSE=7.192697, Test RMSE=7.211662, Time=8.859 sec
[05:17:06] Epoch 91: MSELoss=25.857314, Train RMSE=7.190192, Test RMSE=7.209164, Time=8.697 sec
[05:17:15] Epoch 92: MSELoss=25.839410, Train RMSE=7.187727, Test RMSE=7.206705, Time=8.944 sec
[05:17:25] Epoch 93: MSELoss=25.821760, Train RMSE=7.185302, Test RMSE=7.204287, Time=9.255 sec
[05:17:34] Epoch 94: MSELoss=25.804375, Train RMSE=7.182901, Test RMSE=7.201894, Time=8.800 sec
[05:17:42] Epoch 95: MSELoss=25.787290, Train RMSE=7.180506, Test RMSE=7.199508, Time=8.880 sec
[05:17:51] Epoch 96: MSELoss=25.770341, Train RMSE=7.178160, Test RMSE=7.197169, Time=9.036 sec
[05:18:00] Epoch 97: MSELoss=25.753576, Train RMSE=7.175869, Test RMSE=7.194880, Time=8.817 sec
[05:18:09] Epoch 98: MSELoss=25.737192, Train RMSE=7.173575, Test RMSE=7.192591, Time=8.930 sec
[05:18:18] Epoch 99: MSELoss=25.720838, Train RMSE=7.171337, Test RMSE=7.190356, Time=8.857 sec
[05:18:27] Epoch 100: MSELoss=25.704756, Train RMSE=7.169109, Test RMSE=7.188132, Time=8.840 sec
[05:18:36] Epoch 101: MSELoss=25.688973, Train RMSE=7.166894, Test RMSE=7.185922, Time=8.829 sec
[05:18:45] Epoch 102: MSELoss=25.673080, Train RMSE=7.164758, Test RMSE=7.183790, Time=8.834 sec
[05:18:54] Epoch 103: MSELoss=25.657837, Train RMSE=7.162581, Test RMSE=7.181621, Time=8.984 sec
[05:19:03] Epoch 104: MSELoss=25.642411, Train RMSE=7.160454, Test RMSE=7.179499, Time=8.904 sec
[05:19:12] Epoch 105: MSELoss=25.627260, Train RMSE=7.158350, Test RMSE=7.177400, Time=9.141 sec
[05:19:20] Epoch 106: MSELoss=25.612293, Train RMSE=7.156278, Test RMSE=7.175331, Time=8.800 sec
[05:19:29] Epoch 107: MSELoss=25.597545, Train RMSE=7.154208, Test RMSE=7.173268, Time=8.781 sec
[05:19:38] Epoch 108: MSELoss=25.582755, Train RMSE=7.152181, Test RMSE=7.171244, Time=8.795 sec
[05:19:47] Epoch 109: MSELoss=25.568331, Train RMSE=7.150156, Test RMSE=7.169223, Time=9.128 sec
[05:19:56] Epoch 110: MSELoss=25.553844, Train RMSE=7.148173, Test RMSE=7.167243, Time=9.020 sec
[05:20:06] Epoch 111: MSELoss=25.539723, Train RMSE=7.146193, Test RMSE=7.165268, Time=9.439 sec
[05:20:15] Epoch 112: MSELoss=25.525628, Train RMSE=7.144233, Test RMSE=7.163312, Time=8.898 sec
[05:20:24] Epoch 113: MSELoss=25.511700, Train RMSE=7.142289, Test RMSE=7.161373, Time=8.920 sec
[05:20:33] Epoch 114: MSELoss=25.497834, Train RMSE=7.140366, Test RMSE=7.159454, Time=9.091 sec
[05:20:41] Epoch 115: MSELoss=25.484114, Train RMSE=7.138452, Test RMSE=7.157544, Time=8.764 sec
[05:20:50] Epoch 116: MSELoss=25.470542, Train RMSE=7.136558, Test RMSE=7.155654, Time=8.884 sec
[05:20:59] Epoch 117: MSELoss=25.457115, Train RMSE=7.134678, Test RMSE=7.153779, Time=9.104 sec
[05:21:08] Epoch 118: MSELoss=25.443759, Train RMSE=7.132807, Test RMSE=7.151912, Time=8.860 sec
[05:21:17] Epoch 119: MSELoss=25.430434, Train RMSE=7.130969, Test RMSE=7.150078, Time=8.796 sec
[05:21:26] Epoch 120: MSELoss=25.417399, Train RMSE=7.129108, Test RMSE=7.148223, Time=8.879 sec
[05:21:35] Epoch 121: MSELoss=25.404325, Train RMSE=7.127297, Test RMSE=7.146416, Time=8.816 sec
[05:21:44] Epoch 122: MSELoss=25.391306, Train RMSE=7.125506, Test RMSE=7.144627, Time=8.908 sec
[05:21:53] Epoch 123: MSELoss=25.378593, Train RMSE=7.123714, Test RMSE=7.142836, Time=8.841 sec
[05:22:02] Epoch 124: MSELoss=25.365912, Train RMSE=7.121928, Test RMSE=7.141053, Time=9.004 sec
[05:22:11] Epoch 125: MSELoss=25.353281, Train RMSE=7.120140, Test RMSE=7.139269, Time=9.005 sec
[05:22:20] Epoch 126: MSELoss=25.340727, Train RMSE=7.118388, Test RMSE=7.137518, Time=9.054 sec
[05:22:29] Epoch 127: MSELoss=25.328248, Train RMSE=7.116655, Test RMSE=7.135786, Time=8.943 sec
[05:22:38] Epoch 128: MSELoss=25.315801, Train RMSE=7.114943, Test RMSE=7.134074, Time=9.078 sec
[05:22:47] Epoch 129: MSELoss=25.303661, Train RMSE=7.113211, Test RMSE=7.132344, Time=9.230 sec
[05:22:59] Epoch 130: MSELoss=25.291368, Train RMSE=7.111519, Test RMSE=7.130652, Time=11.903 sec
[05:23:34] Epoch 131: MSELoss=25.279320, Train RMSE=7.109811, Test RMSE=7.128945, Time=35.529 sec
[05:23:44] Epoch 132: MSELoss=25.267340, Train RMSE=7.108129, Test RMSE=7.127263, Time=9.214 sec
[05:23:52] Epoch 133: MSELoss=25.255376, Train RMSE=7.106468, Test RMSE=7.125601, Time=8.799 sec
[05:24:01] Epoch 134: MSELoss=25.243553, Train RMSE=7.104794, Test RMSE=7.123927, Time=8.841 sec
[05:24:10] Epoch 135: MSELoss=25.231580, Train RMSE=7.103159, Test RMSE=7.122292, Time=8.796 sec
[05:24:26] Epoch 136: MSELoss=25.220013, Train RMSE=7.101506, Test RMSE=7.120640, Time=15.533 sec
[05:24:49] Epoch 137: MSELoss=25.208354, Train RMSE=7.099855, Test RMSE=7.118989, Time=23.434 sec
[05:25:07] Epoch 138: MSELoss=25.196741, Train RMSE=7.098228, Test RMSE=7.117363, Time=17.632 sec
[05:25:21] Epoch 139: MSELoss=25.185152, Train RMSE=7.096614, Test RMSE=7.115749, Time=14.643 sec
[05:25:32] Epoch 140: MSELoss=25.173805, Train RMSE=7.094996, Test RMSE=7.114131, Time=10.564 sec
[05:25:41] Epoch 141: MSELoss=25.162258, Train RMSE=7.093416, Test RMSE=7.112551, Time=8.858 sec
[05:25:50] Epoch 142: MSELoss=25.151096, Train RMSE=7.091812, Test RMSE=7.110950, Time=8.840 sec
[05:25:58] Epoch 143: MSELoss=25.139754, Train RMSE=7.090221, Test RMSE=7.109359, Time=8.786 sec
[05:26:07] Epoch 144: MSELoss=25.128571, Train RMSE=7.088637, Test RMSE=7.107778, Time=8.938 sec
[05:26:16] Epoch 145: MSELoss=25.117414, Train RMSE=7.087067, Test RMSE=7.106211, Time=8.980 sec
[05:26:25] Epoch 146: MSELoss=25.106221, Train RMSE=7.085520, Test RMSE=7.104665, Time=8.866 sec
[05:26:34] Epoch 147: MSELoss=25.095262, Train RMSE=7.083954, Test RMSE=7.103102, Time=8.796 sec
[05:26:43] Epoch 148: MSELoss=25.084198, Train RMSE=7.082404, Test RMSE=7.101554, Time=8.842 sec
[05:26:52] Epoch 149: MSELoss=25.073135, Train RMSE=7.080894, Test RMSE=7.100045, Time=8.963 sec
[05:27:01] Epoch 150: MSELoss=25.062413, Train RMSE=7.079338, Test RMSE=7.098491, Time=8.730 sec
[05:27:09] Epoch 151: MSELoss=25.051481, Train RMSE=7.077828, Test RMSE=7.096982, Time=8.646 sec
[05:27:18] Epoch 152: MSELoss=25.040680, Train RMSE=7.076310, Test RMSE=7.095465, Time=8.856 sec
[05:27:27] Epoch 153: MSELoss=25.029972, Train RMSE=7.074792, Test RMSE=7.093949, Time=8.887 sec
[05:27:36] Epoch 154: MSELoss=25.019307, Train RMSE=7.073276, Test RMSE=7.092436, Time=8.801 sec
[05:27:45] Epoch 155: MSELoss=25.008629, Train RMSE=7.071763, Test RMSE=7.090925, Time=8.707 sec
[05:27:53] Epoch 156: MSELoss=24.998059, Train RMSE=7.070262, Test RMSE=7.089426, Time=8.749 sec
[05:28:02] Epoch 157: MSELoss=24.987345, Train RMSE=7.068806, Test RMSE=7.087969, Time=8.930 sec
[05:28:11] Epoch 158: MSELoss=24.977074, Train RMSE=7.067294, Test RMSE=7.086458, Time=8.716 sec
[05:28:20] Epoch 159: MSELoss=24.966422, Train RMSE=7.065843, Test RMSE=7.085005, Time=8.883 sec
[05:28:29] Epoch 160: MSELoss=24.956130, Train RMSE=7.064365, Test RMSE=7.083528, Time=8.753 sec
[05:28:38] Epoch 161: MSELoss=24.945770, Train RMSE=7.062894, Test RMSE=7.082058, Time=8.903 sec
[05:28:46] Epoch 162: MSELoss=24.935383, Train RMSE=7.061440, Test RMSE=7.080604, Time=8.802 sec
[05:28:55] Epoch 163: MSELoss=24.925058, Train RMSE=7.060012, Test RMSE=7.079176, Time=8.818 sec
[05:29:04] Epoch 164: MSELoss=24.914912, Train RMSE=7.058531, Test RMSE=7.077695, Time=8.994 sec
[05:29:13] Epoch 165: MSELoss=24.904452, Train RMSE=7.057125, Test RMSE=7.076287, Time=8.726 sec
[05:29:22] Epoch 166: MSELoss=24.894351, Train RMSE=7.055687, Test RMSE=7.074848, Time=8.937 sec
[05:29:31] Epoch 167: MSELoss=24.884445, Train RMSE=7.054196, Test RMSE=7.073360, Time=8.817 sec
[05:29:40] Epoch 168: MSELoss=24.874088, Train RMSE=7.052774, Test RMSE=7.071937, Time=8.811 sec
[05:29:48] Epoch 169: MSELoss=24.864049, Train RMSE=7.051345, Test RMSE=7.070508, Time=8.777 sec
[05:29:57] Epoch 170: MSELoss=24.853903, Train RMSE=7.049923, Test RMSE=7.069084, Time=8.799 sec
[05:30:06] Epoch 171: MSELoss=24.843856, Train RMSE=7.048535, Test RMSE=7.067694, Time=8.822 sec
[05:30:15] Epoch 172: MSELoss=24.833962, Train RMSE=7.047117, Test RMSE=7.066275, Time=9.209 sec
[05:30:24] Epoch 173: MSELoss=24.823959, Train RMSE=7.045718, Test RMSE=7.064874, Time=8.926 sec
[05:30:33] Epoch 174: MSELoss=24.814069, Train RMSE=7.044295, Test RMSE=7.063450, Time=8.994 sec
[05:30:42] Epoch 175: MSELoss=24.804137, Train RMSE=7.042888, Test RMSE=7.062043, Time=8.973 sec
[05:30:51] Epoch 176: MSELoss=24.794334, Train RMSE=7.041482, Test RMSE=7.060636, Time=8.916 sec
[05:31:01] Epoch 177: MSELoss=24.784466, Train RMSE=7.040094, Test RMSE=7.059247, Time=9.461 sec
[05:31:10] Epoch 178: MSELoss=24.774577, Train RMSE=7.038715, Test RMSE=7.057867, Time=9.088 sec
[05:31:19] Epoch 179: MSELoss=24.764887, Train RMSE=7.037312, Test RMSE=7.056465, Time=8.987 sec
[05:31:28] Epoch 180: MSELoss=24.755107, Train RMSE=7.035924, Test RMSE=7.055077, Time=9.092 sec
[05:31:37] Epoch 181: MSELoss=24.745325, Train RMSE=7.034551, Test RMSE=7.053703, Time=9.128 sec
[05:31:46] Epoch 182: MSELoss=24.735669, Train RMSE=7.033157, Test RMSE=7.052310, Time=8.909 sec
[05:31:56] Epoch 183: MSELoss=24.725819, Train RMSE=7.031816, Test RMSE=7.050967, Time=9.719 sec
[05:32:05] Epoch 184: MSELoss=24.716380, Train RMSE=7.030414, Test RMSE=7.049568, Time=9.424 sec
[05:32:14] Epoch 185: MSELoss=24.706671, Train RMSE=7.029024, Test RMSE=7.048180, Time=9.173 sec
[05:32:23] Epoch 186: MSELoss=24.696893, Train RMSE=7.027689, Test RMSE=7.046844, Time=9.099 sec
[05:32:32] Epoch 187: MSELoss=24.687329, Train RMSE=7.026343, Test RMSE=7.045497, Time=9.155 sec
[05:32:41] Epoch 188: MSELoss=24.677893, Train RMSE=7.024969, Test RMSE=7.044125, Time=8.921 sec
[05:32:50] Epoch 189: MSELoss=24.668370, Train RMSE=7.023600, Test RMSE=7.042757, Time=9.019 sec
[05:32:59] Epoch 190: MSELoss=24.658824, Train RMSE=7.022236, Test RMSE=7.041395, Time=8.843 sec
[05:33:08] Epoch 191: MSELoss=24.649287, Train RMSE=7.020887, Test RMSE=7.040047, Time=8.997 sec
[05:33:17] Epoch 192: MSELoss=24.639722, Train RMSE=7.019550, Test RMSE=7.038710, Time=8.819 sec
[05:33:26] Epoch 193: MSELoss=24.630300, Train RMSE=7.018198, Test RMSE=7.037360, Time=8.833 sec
[05:33:45] Epoch 194: MSELoss=24.620852, Train RMSE=7.016848, Test RMSE=7.036010, Time=19.039 sec
[05:34:12] Epoch 195: MSELoss=24.611249, Train RMSE=7.015523, Test RMSE=7.034685, Time=27.264 sec
[05:34:21] Epoch 196: MSELoss=24.602064, Train RMSE=7.014171, Test RMSE=7.033334, Time=9.164 sec
[05:34:30] Epoch 197: MSELoss=24.592636, Train RMSE=7.012843, Test RMSE=7.032007, Time=8.852 sec
[05:34:39] Epoch 198: MSELoss=24.583249, Train RMSE=7.011542, Test RMSE=7.030705, Time=8.863 sec
[05:34:48] Epoch 199: MSELoss=24.574092, Train RMSE=7.010176, Test RMSE=7.029340, Time=8.824 sec
[05:34:57] Epoch 200: MSELoss=24.564626, Train RMSE=7.008866, Test RMSE=7.028028, Time=9.246 sec

===============================
Start experiment at Mon Sep 29 08:42:44 UTC 2025
Config: batch_size=512, hidden=20, lr=0.005, epochs=200
[08:42:46] Running experiment with batch_size=512, hidden=20, lr=0.005, epochs=200, glob_interval=200, shuffle=True
[08:42:58] Data loading time: 11.998 sec
[08:43:08] Epoch 1: MSELoss=35.377937, Train RMSE=7.930591, Test RMSE=7.928326, Time=9.292 sec
[08:43:17] Epoch 2: MSELoss=30.775927, Train RMSE=7.773976, Test RMSE=7.771345, Time=9.018 sec
[08:43:26] Epoch 3: MSELoss=29.813292, Train RMSE=7.673256, Test RMSE=7.670385, Time=9.006 sec
[08:43:40] Epoch 4: MSELoss=29.138739, Train RMSE=7.596862, Test RMSE=7.593714, Time=13.894 sec
[08:43:48] Epoch 5: MSELoss=28.619873, Train RMSE=7.536153, Test RMSE=7.532619, Time=8.845 sec
[08:43:58] Epoch 6: MSELoss=28.203506, Train RMSE=7.486074, Test RMSE=7.482106, Time=9.986 sec
[08:44:31] Epoch 7: MSELoss=27.856600, Train RMSE=7.443439, Test RMSE=7.439032, Time=32.435 sec
[08:44:41] Epoch 8: MSELoss=27.559440, Train RMSE=7.406461, Test RMSE=7.401670, Time=10.016 sec
[08:44:49] Epoch 9: MSELoss=27.302687, Train RMSE=7.374285, Test RMSE=7.369195, Time=8.573 sec
[08:44:58] Epoch 10: MSELoss=27.079981, Train RMSE=7.346107, Test RMSE=7.340780, Time=8.731 sec
[08:45:08] Epoch 11: MSELoss=26.883990, Train RMSE=7.321137, Test RMSE=7.315601, Time=10.241 sec
[08:45:17] Epoch 12: MSELoss=26.710424, Train RMSE=7.298996, Test RMSE=7.293279, Time=8.540 sec
[08:45:26] Epoch 13: MSELoss=26.555626, Train RMSE=7.278982, Test RMSE=7.273134, Time=9.265 sec
[08:45:35] Epoch 14: MSELoss=26.416301, Train RMSE=7.260736, Test RMSE=7.254803, Time=8.756 sec
[08:45:44] Epoch 15: MSELoss=26.289745, Train RMSE=7.244284, Test RMSE=7.238243, Time=8.705 sec
[08:45:52] Epoch 16: MSELoss=26.174327, Train RMSE=7.228949, Test RMSE=7.222834, Time=8.586 sec
[08:46:01] Epoch 17: MSELoss=26.068401, Train RMSE=7.214755, Test RMSE=7.208589, Time=8.362 sec
[08:46:10] Epoch 18: MSELoss=25.970070, Train RMSE=7.201848, Test RMSE=7.195612, Time=9.402 sec
[08:46:20] Epoch 19: MSELoss=25.878918, Train RMSE=7.189668, Test RMSE=7.183381, Time=9.553 sec
[08:46:37] Epoch 20: MSELoss=25.793440, Train RMSE=7.178454, Test RMSE=7.172103, Time=16.978 sec
[08:46:56] Epoch 21: MSELoss=25.713999, Train RMSE=7.167462, Test RMSE=7.161083, Time=18.890 sec
[08:47:11] Epoch 22: MSELoss=25.638247, Train RMSE=7.157286, Test RMSE=7.150864, Time=15.163 sec
[08:47:25] Epoch 23: MSELoss=25.566691, Train RMSE=7.147523, Test RMSE=7.141069, Time=14.317 sec
[08:47:34] Epoch 24: MSELoss=25.498639, Train RMSE=7.138284, Test RMSE=7.131782, Time=9.209 sec
[08:47:43] Epoch 25: MSELoss=25.432696, Train RMSE=7.128899, Test RMSE=7.122380, Time=8.819 sec
[08:47:52] Epoch 26: MSELoss=25.369364, Train RMSE=7.120404, Test RMSE=7.113823, Time=8.458 sec
[08:48:00] Epoch 27: MSELoss=25.308254, Train RMSE=7.112090, Test RMSE=7.105458, Time=8.590 sec
[08:48:09] Epoch 28: MSELoss=25.249688, Train RMSE=7.103636, Test RMSE=7.096982, Time=8.913 sec
[08:48:18] Epoch 29: MSELoss=25.191199, Train RMSE=7.096170, Test RMSE=7.089429, Time=8.714 sec
[08:48:26] Epoch 30: MSELoss=25.135541, Train RMSE=7.088367, Test RMSE=7.081587, Time=8.593 sec
[08:48:35] Epoch 31: MSELoss=25.080761, Train RMSE=7.080694, Test RMSE=7.073871, Time=8.895 sec
[08:48:44] Epoch 32: MSELoss=25.027015, Train RMSE=7.073159, Test RMSE=7.066295, Time=8.567 sec
[08:48:52] Epoch 33: MSELoss=24.974751, Train RMSE=7.066065, Test RMSE=7.059156, Time=8.526 sec
[08:49:01] Epoch 34: MSELoss=24.923854, Train RMSE=7.058696, Test RMSE=7.051773, Time=8.646 sec
[08:49:10] Epoch 35: MSELoss=24.873115, Train RMSE=7.051801, Test RMSE=7.044840, Time=8.750 sec
[08:49:18] Epoch 36: MSELoss=24.823881, Train RMSE=7.044579, Test RMSE=7.037601, Time=8.513 sec
[08:49:27] Epoch 37: MSELoss=24.775144, Train RMSE=7.037789, Test RMSE=7.030771, Time=8.641 sec
[08:49:36] Epoch 38: MSELoss=24.727189, Train RMSE=7.030769, Test RMSE=7.023740, Time=8.564 sec
[08:49:44] Epoch 39: MSELoss=24.678707, Train RMSE=7.024579, Test RMSE=7.017489, Time=8.500 sec
[08:49:53] Epoch 40: MSELoss=24.632729, Train RMSE=7.017630, Test RMSE=7.010532, Time=8.478 sec
[08:50:01] Epoch 41: MSELoss=24.585581, Train RMSE=7.011034, Test RMSE=7.003913, Time=8.444 sec
[08:50:10] Epoch 42: MSELoss=24.539659, Train RMSE=7.004861, Test RMSE=6.997703, Time=8.592 sec
[08:50:18] Epoch 43: MSELoss=24.494978, Train RMSE=6.998302, Test RMSE=6.991146, Time=8.422 sec
[08:50:27] Epoch 44: MSELoss=24.450444, Train RMSE=6.992446, Test RMSE=6.985251, Time=8.389 sec
[08:50:35] Epoch 45: MSELoss=24.407174, Train RMSE=6.985902, Test RMSE=6.978709, Time=8.322 sec
[08:50:44] Epoch 46: MSELoss=24.363240, Train RMSE=6.979987, Test RMSE=6.972765, Time=8.730 sec
[08:50:52] Epoch 47: MSELoss=24.320514, Train RMSE=6.973792, Test RMSE=6.966561, Time=8.635 sec
[08:51:01] Epoch 48: MSELoss=24.277728, Train RMSE=6.967757, Test RMSE=6.960516, Time=9.094 sec
[08:51:10] Epoch 49: MSELoss=24.235996, Train RMSE=6.961535, Test RMSE=6.954294, Time=8.610 sec
[08:51:19] Epoch 50: MSELoss=24.194947, Train RMSE=6.955603, Test RMSE=6.948359, Time=8.810 sec
[08:51:27] Epoch 51: MSELoss=24.152805, Train RMSE=6.950285, Test RMSE=6.943014, Time=8.555 sec
[08:51:36] Epoch 52: MSELoss=24.114143, Train RMSE=6.944553, Test RMSE=6.937293, Time=8.396 sec
[08:51:44] Epoch 53: MSELoss=24.073769, Train RMSE=6.939097, Test RMSE=6.931825, Time=8.318 sec
[08:51:53] Epoch 54: MSELoss=24.035065, Train RMSE=6.933397, Test RMSE=6.926127, Time=8.594 sec
[08:52:01] Epoch 55: MSELoss=23.996651, Train RMSE=6.927830, Test RMSE=6.920560, Time=8.400 sec
[08:52:09] Epoch 56: MSELoss=23.958481, Train RMSE=6.922186, Test RMSE=6.914930, Time=8.368 sec
[08:52:18] Epoch 57: MSELoss=23.920119, Train RMSE=6.917127, Test RMSE=6.909858, Time=8.740 sec
[08:52:27] Epoch 58: MSELoss=23.882876, Train RMSE=6.911793, Test RMSE=6.904523, Time=8.603 sec
[08:52:35] Epoch 59: MSELoss=23.844981, Train RMSE=6.906594, Test RMSE=6.899320, Time=8.555 sec
[08:52:44] Epoch 60: MSELoss=23.808176, Train RMSE=6.901024, Test RMSE=6.893770, Time=8.658 sec
[08:52:53] Epoch 61: MSELoss=23.770501, Train RMSE=6.895413, Test RMSE=6.888191, Time=8.587 sec
[08:53:01] Epoch 62: MSELoss=23.733250, Train RMSE=6.890229, Test RMSE=6.883026, Time=8.128 sec
[08:53:09] Epoch 63: MSELoss=23.696983, Train RMSE=6.884940, Test RMSE=6.877767, Time=8.500 sec
[08:53:22] Epoch 64: MSELoss=23.659373, Train RMSE=6.879881, Test RMSE=6.872735, Time=12.719 sec
[08:53:31] Epoch 65: MSELoss=23.622723, Train RMSE=6.874731, Test RMSE=6.867618, Time=8.627 sec
[08:53:39] Epoch 66: MSELoss=23.586941, Train RMSE=6.868976, Test RMSE=6.861938, Time=8.290 sec
[08:53:47] Epoch 67: MSELoss=23.549824, Train RMSE=6.863810, Test RMSE=6.856816, Time=8.438 sec
[08:53:56] Epoch 68: MSELoss=23.514254, Train RMSE=6.858041, Test RMSE=6.851125, Time=8.403 sec
[08:54:04] Epoch 69: MSELoss=23.477010, Train RMSE=6.853331, Test RMSE=6.846444, Time=8.404 sec
[08:54:13] Epoch 70: MSELoss=23.441648, Train RMSE=6.848322, Test RMSE=6.841479, Time=8.714 sec
[08:54:21] Epoch 71: MSELoss=23.404750, Train RMSE=6.842783, Test RMSE=6.836014, Time=8.493 sec
[08:54:30] Epoch 72: MSELoss=23.369039, Train RMSE=6.838112, Test RMSE=6.831378, Time=8.661 sec
[08:55:01] Epoch 73: MSELoss=23.333493, Train RMSE=6.832294, Test RMSE=6.825636, Time=31.185 sec
[08:55:13] Epoch 74: MSELoss=23.296792, Train RMSE=6.827395, Test RMSE=6.820774, Time=11.272 sec
[08:55:22] Epoch 75: MSELoss=23.261169, Train RMSE=6.822376, Test RMSE=6.815803, Time=8.935 sec
[08:55:30] Epoch 76: MSELoss=23.224902, Train RMSE=6.817064, Test RMSE=6.810555, Time=8.568 sec
[08:55:39] Epoch 77: MSELoss=23.189060, Train RMSE=6.811931, Test RMSE=6.805472, Time=8.392 sec
[08:55:47] Epoch 78: MSELoss=23.153289, Train RMSE=6.806878, Test RMSE=6.800454, Time=8.799 sec
[08:55:56] Epoch 79: MSELoss=23.117495, Train RMSE=6.800773, Test RMSE=6.794426, Time=8.634 sec
[08:56:04] Epoch 80: MSELoss=23.080901, Train RMSE=6.796219, Test RMSE=6.789883, Time=8.369 sec
[08:56:13] Epoch 81: MSELoss=23.045525, Train RMSE=6.789878, Test RMSE=6.783642, Time=8.697 sec
[08:56:22] Epoch 82: MSELoss=23.008529, Train RMSE=6.785321, Test RMSE=6.779091, Time=8.613 sec
[08:56:31] Epoch 83: MSELoss=22.971847, Train RMSE=6.779560, Test RMSE=6.773385, Time=8.799 sec
[08:56:40] Epoch 84: MSELoss=22.933852, Train RMSE=6.774571, Test RMSE=6.768424, Time=9.045 sec
[08:56:48] Epoch 85: MSELoss=22.897085, Train RMSE=6.768418, Test RMSE=6.762348, Time=8.448 sec
[08:56:57] Epoch 86: MSELoss=22.859859, Train RMSE=6.762951, Test RMSE=6.756929, Time=8.797 sec
[08:57:05] Epoch 87: MSELoss=22.821419, Train RMSE=6.757549, Test RMSE=6.751582, Time=8.655 sec
[08:57:14] Epoch 88: MSELoss=22.782846, Train RMSE=6.752097, Test RMSE=6.746167, Time=8.360 sec
[08:57:22] Epoch 89: MSELoss=22.744429, Train RMSE=6.746314, Test RMSE=6.740434, Time=8.524 sec
[08:57:46] Epoch 90: MSELoss=22.706464, Train RMSE=6.740404, Test RMSE=6.734572, Time=23.190 sec
[08:58:08] Epoch 91: MSELoss=22.665858, Train RMSE=6.734657, Test RMSE=6.728866, Time=21.921 sec
[08:58:23] Epoch 92: MSELoss=22.625847, Train RMSE=6.728808, Test RMSE=6.723071, Time=14.998 sec
[08:58:37] Epoch 93: MSELoss=22.586628, Train RMSE=6.722542, Test RMSE=6.716865, Time=14.228 sec
[08:58:45] Epoch 94: MSELoss=22.544783, Train RMSE=6.716882, Test RMSE=6.711242, Time=8.563 sec
[08:58:54] Epoch 95: MSELoss=22.505116, Train RMSE=6.709906, Test RMSE=6.704378, Time=8.498 sec
[08:59:02] Epoch 96: MSELoss=22.462545, Train RMSE=6.704140, Test RMSE=6.698652, Time=8.412 sec
[08:59:11] Epoch 97: MSELoss=22.420146, Train RMSE=6.698832, Test RMSE=6.693354, Time=8.373 sec
[08:59:19] Epoch 98: MSELoss=22.379822, Train RMSE=6.692072, Test RMSE=6.686663, Time=8.304 sec
[08:59:28] Epoch 99: MSELoss=22.336693, Train RMSE=6.685522, Test RMSE=6.680173, Time=8.588 sec
[08:59:41] Epoch 100: MSELoss=22.293764, Train RMSE=6.679076, Test RMSE=6.673795, Time=13.354 sec
[08:59:49] Epoch 101: MSELoss=22.251289, Train RMSE=6.672909, Test RMSE=6.667670, Time=8.353 sec
[08:59:58] Epoch 102: MSELoss=22.208162, Train RMSE=6.665782, Test RMSE=6.660625, Time=8.501 sec
[09:00:07] Epoch 103: MSELoss=22.164590, Train RMSE=6.659938, Test RMSE=6.654810, Time=8.819 sec
[09:00:15] Epoch 104: MSELoss=22.121071, Train RMSE=6.653244, Test RMSE=6.648170, Time=8.836 sec
[09:00:24] Epoch 105: MSELoss=22.077796, Train RMSE=6.646389, Test RMSE=6.641400, Time=8.552 sec
[09:00:32] Epoch 106: MSELoss=22.033685, Train RMSE=6.639956, Test RMSE=6.635018, Time=8.362 sec
[09:00:41] Epoch 107: MSELoss=21.989468, Train RMSE=6.633618, Test RMSE=6.628732, Time=8.235 sec
[09:00:49] Epoch 108: MSELoss=21.944681, Train RMSE=6.627182, Test RMSE=6.622360, Time=8.466 sec
[09:00:58] Epoch 109: MSELoss=21.900545, Train RMSE=6.619897, Test RMSE=6.615171, Time=8.421 sec
[09:01:06] Epoch 110: MSELoss=21.857824, Train RMSE=6.612988, Test RMSE=6.608352, Time=8.535 sec
[09:01:14] Epoch 111: MSELoss=21.812285, Train RMSE=6.606766, Test RMSE=6.602181, Time=8.220 sec
[09:01:23] Epoch 112: MSELoss=21.767656, Train RMSE=6.599767, Test RMSE=6.595275, Time=8.589 sec
[09:01:31] Epoch 113: MSELoss=21.722786, Train RMSE=6.592775, Test RMSE=6.588366, Time=8.468 sec
[09:01:40] Epoch 114: MSELoss=21.678059, Train RMSE=6.586219, Test RMSE=6.581893, Time=8.180 sec
[09:01:48] Epoch 115: MSELoss=21.632969, Train RMSE=6.578908, Test RMSE=6.574690, Time=8.424 sec
[09:01:56] Epoch 116: MSELoss=21.588165, Train RMSE=6.572546, Test RMSE=6.568396, Time=8.300 sec
[09:02:05] Epoch 117: MSELoss=21.541582, Train RMSE=6.565610, Test RMSE=6.561564, Time=8.840 sec
[09:02:14] Epoch 118: MSELoss=21.497087, Train RMSE=6.558520, Test RMSE=6.554574, Time=8.658 sec
[09:02:23] Epoch 119: MSELoss=21.451502, Train RMSE=6.552020, Test RMSE=6.548137, Time=8.773 sec
[09:02:31] Epoch 120: MSELoss=21.405437, Train RMSE=6.544053, Test RMSE=6.540316, Time=8.355 sec
[09:02:39] Epoch 121: MSELoss=21.360515, Train RMSE=6.537744, Test RMSE=6.534066, Time=8.472 sec
[09:02:48] Epoch 122: MSELoss=21.314160, Train RMSE=6.530984, Test RMSE=6.527393, Time=8.459 sec
[09:02:56] Epoch 123: MSELoss=21.267632, Train RMSE=6.524063, Test RMSE=6.520568, Time=8.505 sec
[09:03:05] Epoch 124: MSELoss=21.221437, Train RMSE=6.516850, Test RMSE=6.513464, Time=8.328 sec
[09:03:13] Epoch 125: MSELoss=21.175668, Train RMSE=6.508749, Test RMSE=6.505494, Time=8.450 sec
[09:03:22] Epoch 126: MSELoss=21.128137, Train RMSE=6.502117, Test RMSE=6.498945, Time=8.676 sec
[09:03:30] Epoch 127: MSELoss=21.081898, Train RMSE=6.495275, Test RMSE=6.492185, Time=8.467 sec
[09:03:39] Epoch 128: MSELoss=21.035524, Train RMSE=6.488506, Test RMSE=6.485512, Time=8.404 sec
[09:03:47] Epoch 129: MSELoss=20.987534, Train RMSE=6.480732, Test RMSE=6.477863, Time=8.563 sec
[09:03:56] Epoch 130: MSELoss=20.941441, Train RMSE=6.472930, Test RMSE=6.470186, Time=8.215 sec
[09:04:04] Epoch 131: MSELoss=20.894117, Train RMSE=6.465784, Test RMSE=6.463143, Time=8.304 sec
[09:04:12] Epoch 132: MSELoss=20.844872, Train RMSE=6.458442, Test RMSE=6.455906, Time=8.328 sec
[09:04:21] Epoch 133: MSELoss=20.797958, Train RMSE=6.450710, Test RMSE=6.448284, Time=8.445 sec
[09:04:29] Epoch 134: MSELoss=20.750145, Train RMSE=6.443663, Test RMSE=6.441327, Time=8.202 sec
[09:04:37] Epoch 135: MSELoss=20.701583, Train RMSE=6.435824, Test RMSE=6.433616, Time=8.512 sec
[09:04:46] Epoch 136: MSELoss=20.652796, Train RMSE=6.428439, Test RMSE=6.426329, Time=8.205 sec
[09:04:54] Epoch 137: MSELoss=20.604776, Train RMSE=6.420767, Test RMSE=6.418758, Time=8.597 sec
[09:05:03] Epoch 138: MSELoss=20.555339, Train RMSE=6.413654, Test RMSE=6.411733, Time=8.476 sec
[09:05:37] Epoch 139: MSELoss=20.506326, Train RMSE=6.406037, Test RMSE=6.404231, Time=34.500 sec
[09:05:47] Epoch 140: MSELoss=20.456844, Train RMSE=6.396999, Test RMSE=6.395369, Time=10.157 sec
[09:05:56] Epoch 141: MSELoss=20.406589, Train RMSE=6.389579, Test RMSE=6.388057, Time=8.273 sec
[09:06:04] Epoch 142: MSELoss=20.356195, Train RMSE=6.382146, Test RMSE=6.380719, Time=8.373 sec
[09:06:13] Epoch 143: MSELoss=20.304822, Train RMSE=6.374304, Test RMSE=6.373008, Time=8.541 sec
[09:06:21] Epoch 144: MSELoss=20.253770, Train RMSE=6.365427, Test RMSE=6.364298, Time=8.279 sec
[09:06:29] Epoch 145: MSELoss=20.204220, Train RMSE=6.357722, Test RMSE=6.356712, Time=8.473 sec
[09:06:38] Epoch 146: MSELoss=20.151332, Train RMSE=6.349697, Test RMSE=6.348791, Time=8.154 sec
[09:06:46] Epoch 147: MSELoss=20.098791, Train RMSE=6.341853, Test RMSE=6.341038, Time=8.580 sec
[09:06:55] Epoch 148: MSELoss=20.047898, Train RMSE=6.333056, Test RMSE=6.332372, Time=8.551 sec
[09:07:04] Epoch 149: MSELoss=19.995149, Train RMSE=6.325208, Test RMSE=6.324600, Time=8.976 sec
[09:07:12] Epoch 150: MSELoss=19.941988, Train RMSE=6.316427, Test RMSE=6.315952, Time=8.161 sec
[09:07:21] Epoch 151: MSELoss=19.888703, Train RMSE=6.307994, Test RMSE=6.307595, Time=9.135 sec
[09:07:30] Epoch 152: MSELoss=19.836079, Train RMSE=6.299487, Test RMSE=6.299166, Time=9.045 sec
[09:07:38] Epoch 153: MSELoss=19.783173, Train RMSE=6.290670, Test RMSE=6.290448, Time=8.353 sec
[09:07:47] Epoch 154: MSELoss=19.728494, Train RMSE=6.282289, Test RMSE=6.282148, Time=8.478 sec
[09:07:56] Epoch 155: MSELoss=19.674079, Train RMSE=6.273864, Test RMSE=6.273778, Time=8.815 sec
[09:08:04] Epoch 156: MSELoss=19.621844, Train RMSE=6.264978, Test RMSE=6.264971, Time=8.457 sec
[09:08:13] Epoch 157: MSELoss=19.567303, Train RMSE=6.256337, Test RMSE=6.256409, Time=8.543 sec
[09:08:21] Epoch 158: MSELoss=19.514251, Train RMSE=6.247334, Test RMSE=6.247497, Time=8.365 sec
[09:08:30] Epoch 159: MSELoss=19.459564, Train RMSE=6.239425, Test RMSE=6.239616, Time=8.722 sec
[09:08:38] Epoch 160: MSELoss=19.406059, Train RMSE=6.230502, Test RMSE=6.230766, Time=8.573 sec
[09:09:00] Epoch 161: MSELoss=19.352855, Train RMSE=6.222066, Test RMSE=6.222376, Time=21.390 sec
[09:09:22] Epoch 162: MSELoss=19.300399, Train RMSE=6.213125, Test RMSE=6.213497, Time=22.342 sec
[09:09:37] Epoch 163: MSELoss=19.245537, Train RMSE=6.204930, Test RMSE=6.205345, Time=14.736 sec
[09:09:52] Epoch 164: MSELoss=19.195186, Train RMSE=6.196046, Test RMSE=6.196531, Time=14.965 sec
[09:10:01] Epoch 165: MSELoss=19.141332, Train RMSE=6.188510, Test RMSE=6.188999, Time=8.724 sec
[09:10:09] Epoch 166: MSELoss=19.090426, Train RMSE=6.179840, Test RMSE=6.180401, Time=8.171 sec
[09:10:18] Epoch 167: MSELoss=19.037391, Train RMSE=6.170945, Test RMSE=6.171595, Time=8.657 sec
[09:10:26] Epoch 168: MSELoss=18.986253, Train RMSE=6.161941, Test RMSE=6.162687, Time=8.507 sec
[09:10:35] Epoch 169: MSELoss=18.935626, Train RMSE=6.154233, Test RMSE=6.155026, Time=8.811 sec
[09:10:43] Epoch 170: MSELoss=18.884378, Train RMSE=6.146031, Test RMSE=6.146876, Time=8.381 sec
[09:10:52] Epoch 171: MSELoss=18.834432, Train RMSE=6.138157, Test RMSE=6.139045, Time=8.600 sec
[09:11:01] Epoch 172: MSELoss=18.784885, Train RMSE=6.130254, Test RMSE=6.131205, Time=8.659 sec
[09:11:09] Epoch 173: MSELoss=18.735784, Train RMSE=6.121809, Test RMSE=6.122834, Time=8.607 sec
[09:11:18] Epoch 174: MSELoss=18.687610, Train RMSE=6.113589, Test RMSE=6.114697, Time=8.803 sec
[09:11:26] Epoch 175: MSELoss=18.638644, Train RMSE=6.105671, Test RMSE=6.106816, Time=8.430 sec
[09:11:35] Epoch 176: MSELoss=18.592453, Train RMSE=6.097800, Test RMSE=6.098985, Time=8.592 sec
[09:11:44] Epoch 177: MSELoss=18.545332, Train RMSE=6.089872, Test RMSE=6.091113, Time=8.888 sec
[09:11:52] Epoch 178: MSELoss=18.498520, Train RMSE=6.082618, Test RMSE=6.083887, Time=8.360 sec
[09:12:01] Epoch 179: MSELoss=18.453189, Train RMSE=6.074864, Test RMSE=6.076179, Time=8.524 sec
[09:12:09] Epoch 180: MSELoss=18.408431, Train RMSE=6.068560, Test RMSE=6.069863, Time=8.506 sec
[09:12:18] Epoch 181: MSELoss=18.363449, Train RMSE=6.060800, Test RMSE=6.062155, Time=8.480 sec
[09:12:26] Epoch 182: MSELoss=18.319768, Train RMSE=6.053216, Test RMSE=6.054603, Time=8.666 sec
[09:12:35] Epoch 183: MSELoss=18.276342, Train RMSE=6.046090, Test RMSE=6.047515, Time=8.728 sec
[09:12:44] Epoch 184: MSELoss=18.233842, Train RMSE=6.039328, Test RMSE=6.040775, Time=8.311 sec
[09:12:52] Epoch 185: MSELoss=18.193202, Train RMSE=6.032363, Test RMSE=6.033858, Time=8.486 sec
[09:13:00] Epoch 186: MSELoss=18.152502, Train RMSE=6.025130, Test RMSE=6.026702, Time=8.424 sec
[09:13:09] Epoch 187: MSELoss=18.112656, Train RMSE=6.018815, Test RMSE=6.020398, Time=8.830 sec
[09:13:18] Epoch 188: MSELoss=18.071688, Train RMSE=6.012647, Test RMSE=6.014249, Time=8.657 sec
[09:13:27] Epoch 189: MSELoss=18.033915, Train RMSE=6.005960, Test RMSE=6.007606, Time=8.652 sec
[09:13:35] Epoch 190: MSELoss=17.996181, Train RMSE=5.999790, Test RMSE=6.001452, Time=8.695 sec
[09:13:44] Epoch 191: MSELoss=17.958462, Train RMSE=5.993697, Test RMSE=5.995377, Time=8.869 sec
[09:13:53] Epoch 192: MSELoss=17.921318, Train RMSE=5.987305, Test RMSE=5.989022, Time=8.526 sec
[09:14:04] Epoch 193: MSELoss=17.885751, Train RMSE=5.981202, Test RMSE=5.982941, Time=11.082 sec
[09:14:12] Epoch 194: MSELoss=17.849876, Train RMSE=5.975451, Test RMSE=5.977200, Time=8.663 sec
[09:14:21] Epoch 195: MSELoss=17.815509, Train RMSE=5.969337, Test RMSE=5.971151, Time=8.583 sec
[09:14:30] Epoch 196: MSELoss=17.780887, Train RMSE=5.963887, Test RMSE=5.965706, Time=8.608 sec
[09:14:39] Epoch 197: MSELoss=17.746786, Train RMSE=5.958460, Test RMSE=5.960289, Time=8.897 sec
[09:14:48] Epoch 198: MSELoss=17.714049, Train RMSE=5.952758, Test RMSE=5.954614, Time=9.573 sec
[09:14:57] Epoch 199: MSELoss=17.681727, Train RMSE=5.947123, Test RMSE=5.949018, Time=8.858 sec
[09:15:05] Epoch 200: MSELoss=17.649514, Train RMSE=5.941566, Test RMSE=5.943487, Time=8.429 sec

