===============================
Start experiment at Sun Sep 28 00:53:50 UTC 2025
Config: batch_size=16, hidden=30, lr=0.005, epochs=160
[00:53:53] Running experiment with batch_size=16, hidden=30, lr=0.005, epochs=160, glob_interval=200, shuffle=True
[00:54:12] Data loading time: 19.635 sec
[00:57:04] Epoch 1: Loss=6.224149, Train RMSE=7.160439, Test RMSE=7.154291, Time=171.520 sec
[00:59:54] Epoch 2: Loss=5.691612, Train RMSE=7.339162, Test RMSE=7.336282, Time=169.829 sec
[01:02:22] Epoch 3: Loss=5.396387, Train RMSE=7.233840, Test RMSE=7.229285, Time=148.526 sec
[01:04:48] Epoch 4: Loss=5.254441, Train RMSE=7.066099, Test RMSE=7.058503, Time=145.901 sec
[01:07:53] Epoch 5: Loss=5.303248, Train RMSE=6.473886, Test RMSE=6.468714, Time=184.578 sec
[01:10:43] Epoch 6: Loss=5.156940, Train RMSE=6.418052, Test RMSE=6.411504, Time=170.320 sec
[01:13:10] Epoch 7: Loss=5.017418, Train RMSE=6.113591, Test RMSE=6.108858, Time=146.730 sec
[01:15:38] Epoch 8: Loss=5.010436, Train RMSE=7.151574, Test RMSE=7.151036, Time=148.528 sec
[01:18:57] Epoch 9: Loss=5.098861, Train RMSE=5.855692, Test RMSE=5.854819, Time=198.427 sec
[01:21:52] Epoch 10: Loss=4.993197, Train RMSE=5.871823, Test RMSE=5.864839, Time=175.521 sec
[01:24:23] Epoch 11: Loss=4.982158, Train RMSE=6.178310, Test RMSE=6.171724, Time=150.154 sec
[01:26:52] Epoch 12: Loss=4.963636, Train RMSE=5.689214, Test RMSE=5.682556, Time=149.828 sec
[01:30:24] Epoch 13: Loss=4.967737, Train RMSE=6.225472, Test RMSE=6.220994, Time=211.210 sec
[01:32:50] Epoch 14: Loss=4.938455, Train RMSE=5.762077, Test RMSE=5.756381, Time=145.830 sec
[01:35:15] Epoch 15: Loss=4.873100, Train RMSE=5.706902, Test RMSE=5.701630, Time=145.589 sec
[01:37:41] Epoch 16: Loss=4.976552, Train RMSE=5.725372, Test RMSE=5.719508, Time=146.325 sec
[01:41:11] Epoch 17: Loss=4.941279, Train RMSE=5.806997, Test RMSE=5.800072, Time=209.988 sec
[01:43:38] Epoch 18: Loss=4.966106, Train RMSE=5.621259, Test RMSE=5.613866, Time=146.094 sec
[01:46:02] Epoch 19: Loss=4.908780, Train RMSE=5.811270, Test RMSE=5.803941, Time=144.346 sec
[01:48:29] Epoch 20: Loss=4.946984, Train RMSE=5.531010, Test RMSE=5.524053, Time=146.621 sec
[01:51:43] Epoch 21: Loss=4.874251, Train RMSE=5.809921, Test RMSE=5.801507, Time=194.734 sec
[01:54:10] Epoch 22: Loss=4.849624, Train RMSE=5.598490, Test RMSE=5.591451, Time=146.575 sec
[01:56:37] Epoch 23: Loss=5.201821, Train RMSE=7.308581, Test RMSE=7.303402, Time=147.149 sec
[01:59:04] Epoch 24: Loss=5.555405, Train RMSE=6.378700, Test RMSE=6.376459, Time=147.183 sec
[02:02:34] Epoch 25: Loss=4.964373, Train RMSE=5.486614, Test RMSE=5.478991, Time=209.273 sec
[02:05:04] Epoch 26: Loss=4.926598, Train RMSE=5.657206, Test RMSE=5.652662, Time=150.831 sec
[02:07:32] Epoch 27: Loss=4.935424, Train RMSE=7.998539, Test RMSE=7.992051, Time=147.502 sec
[02:10:00] Epoch 28: Loss=4.898732, Train RMSE=5.950862, Test RMSE=5.946729, Time=148.322 sec
[02:13:00] Epoch 29: Loss=4.913696, Train RMSE=6.009725, Test RMSE=6.003329, Time=179.662 sec
[02:16:05] Epoch 30: Loss=4.863766, Train RMSE=6.036371, Test RMSE=6.030703, Time=184.835 sec
[02:18:36] Epoch 31: Loss=4.924616, Train RMSE=6.545003, Test RMSE=6.536384, Time=151.158 sec
[02:21:07] Epoch 32: Loss=4.851600, Train RMSE=5.815721, Test RMSE=5.811537, Time=151.166 sec
[02:24:03] Epoch 33: Loss=4.890101, Train RMSE=5.690385, Test RMSE=5.685570, Time=176.357 sec
[02:27:13] Epoch 34: Loss=4.879478, Train RMSE=6.363137, Test RMSE=6.357805, Time=189.578 sec
[02:29:42] Epoch 35: Loss=4.896088, Train RMSE=5.953406, Test RMSE=5.946835, Time=148.997 sec
[02:32:14] Epoch 36: Loss=4.879640, Train RMSE=5.645430, Test RMSE=5.640220, Time=152.267 sec
[02:35:06] Epoch 37: Loss=4.821105, Train RMSE=5.885470, Test RMSE=5.877030, Time=171.798 sec
[02:38:19] Epoch 38: Loss=4.868057, Train RMSE=5.687799, Test RMSE=5.687878, Time=192.403 sec
[02:40:53] Epoch 39: Loss=4.832028, Train RMSE=7.731114, Test RMSE=7.726278, Time=154.326 sec
[02:43:41] Epoch 40: Loss=4.858455, Train RMSE=6.824881, Test RMSE=6.819232, Time=168.458 sec
[02:46:09] Epoch 41: Loss=4.819249, Train RMSE=5.482245, Test RMSE=5.477606, Time=147.231 sec
[02:49:18] Epoch 42: Loss=4.969544, Train RMSE=5.570694, Test RMSE=5.565655, Time=189.486 sec
[02:51:44] Epoch 43: Loss=4.831268, Train RMSE=5.737496, Test RMSE=5.734166, Time=146.128 sec
[02:54:17] Epoch 44: Loss=4.827382, Train RMSE=6.141227, Test RMSE=6.135030, Time=152.760 sec
[02:56:43] Epoch 45: Loss=4.901726, Train RMSE=5.881389, Test RMSE=5.874826, Time=145.489 sec
[02:59:49] Epoch 46: Loss=4.839158, Train RMSE=5.709295, Test RMSE=5.705211, Time=186.589 sec
[03:02:42] Epoch 47: Loss=4.799837, Train RMSE=5.515757, Test RMSE=5.509659, Time=172.689 sec
[03:05:09] Epoch 48: Loss=4.795587, Train RMSE=5.882586, Test RMSE=5.877919, Time=146.885 sec
[03:07:38] Epoch 49: Loss=4.869551, Train RMSE=5.694594, Test RMSE=5.687284, Time=148.946 sec
[03:10:50] Epoch 50: Loss=4.794853, Train RMSE=5.614871, Test RMSE=5.609136, Time=191.779 sec
[03:13:43] Epoch 51: Loss=4.822108, Train RMSE=6.064856, Test RMSE=6.061231, Time=173.296 sec
[03:16:10] Epoch 52: Loss=4.838506, Train RMSE=5.610938, Test RMSE=5.605820, Time=146.647 sec
[03:18:39] Epoch 53: Loss=4.784780, Train RMSE=5.569758, Test RMSE=5.564363, Time=148.663 sec
[03:22:07] Epoch 54: Loss=4.797846, Train RMSE=6.527465, Test RMSE=6.528127, Time=208.581 sec
[03:24:34] Epoch 55: Loss=4.775971, Train RMSE=5.834202, Test RMSE=5.827188, Time=146.617 sec
[03:26:57] Epoch 56: Loss=4.817239, Train RMSE=6.275827, Test RMSE=6.271844, Time=143.604 sec
[03:29:18] Epoch 57: Loss=4.834485, Train RMSE=6.211094, Test RMSE=6.202382, Time=140.303 sec
[03:32:29] Epoch 58: Loss=4.776714, Train RMSE=6.191660, Test RMSE=6.184193, Time=191.448 sec
[03:34:57] Epoch 59: Loss=4.994139, Train RMSE=5.843413, Test RMSE=5.838362, Time=148.176 sec
[03:37:24] Epoch 60: Loss=4.831216, Train RMSE=5.513835, Test RMSE=5.509105, Time=146.383 sec
[03:39:49] Epoch 61: Loss=4.796062, Train RMSE=5.885229, Test RMSE=5.880202, Time=145.124 sec
[03:42:15] Epoch 62: Loss=4.781799, Train RMSE=5.291427, Test RMSE=5.286141, Time=145.968 sec
[03:45:40] Epoch 63: Loss=4.778718, Train RMSE=5.508641, Test RMSE=5.504480, Time=204.587 sec
[03:48:09] Epoch 64: Loss=4.787254, Train RMSE=5.300005, Test RMSE=5.293523, Time=149.542 sec
[03:50:33] Epoch 65: Loss=4.732000, Train RMSE=6.396140, Test RMSE=6.389351, Time=143.459 sec
[03:52:58] Epoch 66: Loss=4.766755, Train RMSE=5.751580, Test RMSE=5.748420, Time=145.789 sec
[03:56:23] Epoch 67: Loss=4.744237, Train RMSE=5.450987, Test RMSE=5.444946, Time=204.308 sec
[03:58:38] Epoch 68: Loss=4.737202, Train RMSE=5.709831, Test RMSE=5.702370, Time=135.357 sec
[04:00:53] Epoch 69: Loss=4.737518, Train RMSE=5.455831, Test RMSE=5.450542, Time=134.818 sec
[04:03:07] Epoch 70: Loss=4.732062, Train RMSE=5.435407, Test RMSE=5.428545, Time=134.149 sec
[04:06:36] Epoch 71: Loss=4.747963, Train RMSE=5.293740, Test RMSE=5.288207, Time=209.200 sec
[04:09:00] Epoch 72: Loss=4.746376, Train RMSE=5.508105, Test RMSE=5.501777, Time=143.405 sec
[04:11:19] Epoch 73: Loss=4.733234, Train RMSE=5.318496, Test RMSE=5.313774, Time=139.592 sec
[04:13:39] Epoch 74: Loss=4.721921, Train RMSE=5.370083, Test RMSE=5.366467, Time=139.931 sec
[04:16:26] Epoch 75: Loss=4.708618, Train RMSE=5.269736, Test RMSE=5.263013, Time=166.552 sec
[04:19:31] Epoch 76: Loss=4.721371, Train RMSE=5.556936, Test RMSE=5.554411, Time=185.602 sec
[04:21:49] Epoch 77: Loss=4.740099, Train RMSE=5.258223, Test RMSE=5.251788, Time=137.867 sec
[04:24:08] Epoch 78: Loss=4.737195, Train RMSE=5.693222, Test RMSE=5.686671, Time=139.143 sec
[04:26:57] Epoch 79: Loss=4.726092, Train RMSE=5.189123, Test RMSE=5.185389, Time=168.791 sec
[04:30:01] Epoch 80: Loss=4.718961, Train RMSE=5.328981, Test RMSE=5.321241, Time=183.861 sec
[04:32:18] Epoch 81: Loss=4.695835, Train RMSE=5.254530, Test RMSE=5.248119, Time=137.000 sec
[04:34:34] Epoch 82: Loss=4.741618, Train RMSE=5.265187, Test RMSE=5.260899, Time=135.774 sec
[04:37:28] Epoch 83: Loss=4.692944, Train RMSE=5.253832, Test RMSE=5.247980, Time=174.145 sec
[04:40:14] Epoch 84: Loss=4.689532, Train RMSE=5.296084, Test RMSE=5.292568, Time=165.867 sec
[04:42:44] Epoch 85: Loss=4.695086, Train RMSE=5.240164, Test RMSE=5.233556, Time=150.373 sec
[04:44:59] Epoch 86: Loss=4.712342, Train RMSE=5.237770, Test RMSE=5.230566, Time=135.004 sec
[04:47:41] Epoch 87: Loss=4.848397, Train RMSE=5.227224, Test RMSE=5.221663, Time=161.886 sec
[04:49:56] Epoch 88: Loss=4.713255, Train RMSE=5.429649, Test RMSE=5.425904, Time=134.453 sec
[04:52:56] Epoch 89: Loss=4.667752, Train RMSE=5.423142, Test RMSE=5.419663, Time=180.793 sec
[04:55:11] Epoch 90: Loss=4.670317, Train RMSE=5.371230, Test RMSE=5.366580, Time=134.663 sec
[04:57:57] Epoch 91: Loss=4.676949, Train RMSE=7.711322, Test RMSE=7.708495, Time=166.259 sec
[05:00:17] Epoch 92: Loss=4.743254, Train RMSE=5.177809, Test RMSE=5.172389, Time=139.323 sec
[05:03:05] Epoch 93: Loss=4.697381, Train RMSE=5.189441, Test RMSE=5.182520, Time=167.784 sec
[05:05:32] Epoch 94: Loss=4.645357, Train RMSE=5.100832, Test RMSE=5.094056, Time=147.752 sec
[05:08:12] Epoch 95: Loss=4.656920, Train RMSE=5.917488, Test RMSE=5.909777, Time=159.567 sec
[05:10:25] Epoch 96: Loss=4.651050, Train RMSE=5.246347, Test RMSE=5.240709, Time=132.995 sec
[05:12:40] Epoch 97: Loss=4.693048, Train RMSE=5.592045, Test RMSE=5.588375, Time=134.768 sec
[05:15:39] Epoch 98: Loss=4.602686, Train RMSE=5.933813, Test RMSE=5.922226, Time=178.941 sec
[05:18:30] Epoch 99: Loss=5.040982, Train RMSE=5.468078, Test RMSE=5.463108, Time=171.309 sec
[05:20:47] Epoch 100: Loss=4.862385, Train RMSE=5.557097, Test RMSE=5.550808, Time=136.902 sec
[05:23:04] Epoch 101: Loss=4.839579, Train RMSE=5.456919, Test RMSE=5.451539, Time=137.357 sec
[05:25:53] Epoch 102: Loss=4.663109, Train RMSE=5.653636, Test RMSE=5.651970, Time=168.285 sec
[05:29:23] Epoch 103: Loss=4.634936, Train RMSE=5.115459, Test RMSE=5.112113, Time=209.921 sec
[05:31:47] Epoch 104: Loss=4.629728, Train RMSE=5.189639, Test RMSE=5.184811, Time=144.600 sec
[05:34:22] Epoch 105: Loss=4.708045, Train RMSE=5.295582, Test RMSE=5.288613, Time=155.262 sec
[05:37:15] Epoch 106: Loss=4.620216, Train RMSE=5.201567, Test RMSE=5.197513, Time=172.376 sec
[05:39:50] Epoch 107: Loss=4.971318, Train RMSE=5.960538, Test RMSE=5.954283, Time=155.423 sec
[05:42:10] Epoch 108: Loss=4.747734, Train RMSE=6.204108, Test RMSE=6.198153, Time=139.893 sec
[05:44:28] Epoch 109: Loss=4.673516, Train RMSE=5.304528, Test RMSE=5.296488, Time=137.536 sec
[05:46:49] Epoch 110: Loss=4.660486, Train RMSE=5.128398, Test RMSE=5.121783, Time=141.354 sec
[05:50:22] Epoch 111: Loss=4.676056, Train RMSE=5.415662, Test RMSE=5.409880, Time=212.540 sec
[05:52:38] Epoch 112: Loss=4.644640, Train RMSE=5.174325, Test RMSE=5.168897, Time=136.849 sec
[05:54:56] Epoch 113: Loss=4.647709, Train RMSE=5.119948, Test RMSE=5.115168, Time=137.667 sec
[05:57:32] Epoch 114: Loss=4.605152, Train RMSE=5.110441, Test RMSE=5.104677, Time=155.441 sec
[06:00:48] Epoch 115: Loss=4.589460, Train RMSE=5.015599, Test RMSE=5.008832, Time=196.807 sec
[06:03:08] Epoch 116: Loss=4.570799, Train RMSE=5.145313, Test RMSE=5.131538, Time=139.368 sec
[06:05:26] Epoch 117: Loss=4.761374, Train RMSE=5.577284, Test RMSE=5.572127, Time=138.190 sec
[06:07:52] Epoch 118: Loss=4.728616, Train RMSE=5.242866, Test RMSE=5.237557, Time=145.604 sec
[06:10:34] Epoch 119: Loss=4.616461, Train RMSE=6.736715, Test RMSE=6.731755, Time=162.569 sec
[06:13:38] Epoch 120: Loss=4.623407, Train RMSE=5.170053, Test RMSE=5.160399, Time=183.682 sec
[06:15:57] Epoch 121: Loss=4.599129, Train RMSE=5.297543, Test RMSE=5.305077, Time=138.726 sec
[06:18:15] Epoch 122: Loss=4.570583, Train RMSE=4.948641, Test RMSE=4.943582, Time=138.779 sec
[06:21:03] Epoch 123: Loss=4.651757, Train RMSE=5.127154, Test RMSE=5.120189, Time=167.296 sec
[06:24:06] Epoch 124: Loss=4.584234, Train RMSE=5.869155, Test RMSE=5.863704, Time=182.780 sec
[06:26:24] Epoch 125: Loss=4.599099, Train RMSE=5.286933, Test RMSE=5.282735, Time=138.349 sec
[06:28:44] Epoch 126: Loss=4.567856, Train RMSE=4.946204, Test RMSE=4.940264, Time=139.900 sec
[06:32:05] Epoch 127: Loss=4.590004, Train RMSE=5.510152, Test RMSE=5.499633, Time=200.943 sec
[06:35:16] Epoch 128: Loss=4.917588, Train RMSE=5.897397, Test RMSE=5.891124, Time=190.825 sec
[06:37:35] Epoch 129: Loss=4.905037, Train RMSE=5.372040, Test RMSE=5.365383, Time=139.557 sec
[06:40:19] Epoch 130: Loss=4.779562, Train RMSE=5.262119, Test RMSE=5.253865, Time=164.236 sec
[06:42:40] Epoch 131: Loss=4.690284, Train RMSE=5.224023, Test RMSE=5.218027, Time=140.273 sec
[06:44:55] Epoch 132: Loss=4.668359, Train RMSE=4.995816, Test RMSE=4.991796, Time=135.588 sec
[06:48:00] Epoch 133: Loss=5.032795, Train RMSE=8.000402, Test RMSE=7.991451, Time=184.438 sec
[06:50:36] Epoch 134: Loss=4.699956, Train RMSE=4.996155, Test RMSE=4.988756, Time=156.187 sec
[06:52:51] Epoch 135: Loss=4.632233, Train RMSE=7.510809, Test RMSE=7.512860, Time=135.517 sec
[06:55:06] Epoch 136: Loss=4.766125, Train RMSE=5.054812, Test RMSE=5.050670, Time=134.312 sec
[06:58:06] Epoch 137: Loss=4.738380, Train RMSE=5.162240, Test RMSE=5.155763, Time=179.728 sec
[07:00:44] Epoch 138: Loss=4.680861, Train RMSE=5.069038, Test RMSE=5.063014, Time=158.284 sec
[07:03:01] Epoch 139: Loss=4.702054, Train RMSE=6.928585, Test RMSE=6.919920, Time=136.818 sec
[07:05:17] Epoch 140: Loss=4.706650, Train RMSE=5.041387, Test RMSE=5.039413, Time=136.796 sec
[07:08:48] Epoch 141: Loss=4.597101, Train RMSE=5.085285, Test RMSE=5.080327, Time=210.390 sec
